[ 2017-03-18T14:41:53+08:00 ] 127.0.0.1 /mmsh/index.php
INFO: [ app_init ] --START--
INFO: Run Behavior\BuildLiteBehavior [ RunTime:0.000041s ]
INFO: [ app_init ] --END-- [ RunTime:0.011526s ]
INFO: [ app_begin ] --START--
INFO: Run Behavior\ReadHtmlCacheBehavior [ RunTime:0.016693s ]
INFO: [ app_begin ] --END-- [ RunTime:0.016864s ]
INFO: [ view_parse ] --START--
INFO: [ template_filter ] --START--
INFO: Run Behavior\ContentReplaceBehavior [ RunTime:0.001605s ]
INFO: [ template_filter ] --END-- [ RunTime:0.001800s ]
INFO: Run Behavior\ParseTemplateBehavior [ RunTime:0.122068s ]
INFO: [ view_parse ] --END-- [ RunTime:0.122233s ]
INFO: [ view_filter ] --START--
INFO: Run Behavior\WriteHtmlCacheBehavior [ RunTime:0.011923s ]
INFO: [ view_filter ] --END-- [ RunTime:0.012074s ]
INFO: [ app_end ] --START--
INFO: Run Behavior\ShowPageTraceBehavior [ RunTime:0.037716s ]
INFO: [ app_end ] --END-- [ RunTime:0.037935s ]

[ 2017-03-18T14:43:35+08:00 ] 127.0.0.1 /mmsh/index.php
INFO: [ app_init ] --START--
INFO: Run Behavior\BuildLiteBehavior [ RunTime:0.000037s ]
INFO: [ app_init ] --END-- [ RunTime:0.000479s ]
INFO: [ app_begin ] --START--
INFO: Run Behavior\ReadHtmlCacheBehavior [ RunTime:0.000537s ]
INFO: [ app_begin ] --END-- [ RunTime:0.000699s ]
INFO: [ view_parse ] --START--
INFO: [ template_filter ] --START--
INFO: Run Behavior\ContentReplaceBehavior [ RunTime:0.000166s ]
INFO: [ template_filter ] --END-- [ RunTime:0.000340s ]
INFO: Run Behavior\ParseTemplateBehavior [ RunTime:0.027831s ]
INFO: [ view_parse ] --END-- [ RunTime:0.028026s ]
INFO: [ view_filter ] --START--
INFO: Run Behavior\WriteHtmlCacheBehavior [ RunTime:0.000391s ]
INFO: [ view_filter ] --END-- [ RunTime:0.000580s ]
INFO: [ app_end ] --START--
INFO: Run Behavior\ShowPageTraceBehavior [ RunTime:0.000952s ]
INFO: [ app_end ] --END-- [ RunTime:0.001257s ]

[ 2017-03-18T14:45:35+08:00 ] 127.0.0.1 /mmsh/index.php
INFO: [ app_init ] --START--
INFO: Run Behavior\BuildLiteBehavior [ RunTime:0.000036s ]
INFO: [ app_init ] --END-- [ RunTime:0.000508s ]
INFO: [ app_begin ] --START--
INFO: Run Behavior\ReadHtmlCacheBehavior [ RunTime:0.000534s ]
INFO: [ app_begin ] --END-- [ RunTime:0.000688s ]
INFO: [ view_parse ] --START--
INFO: [ template_filter ] --START--
INFO: Run Behavior\ContentReplaceBehavior [ RunTime:0.000178s ]
INFO: [ template_filter ] --END-- [ RunTime:0.000377s ]
INFO: Run Behavior\ParseTemplateBehavior [ RunTime:0.030801s ]
INFO: [ view_parse ] --END-- [ RunTime:0.030979s ]
INFO: [ view_filter ] --START--
INFO: Run Behavior\WriteHtmlCacheBehavior [ RunTime:0.000383s ]
INFO: [ view_filter ] --END-- [ RunTime:0.000538s ]
INFO: [ app_end ] --START--
INFO: Run Behavior\ShowPageTraceBehavior [ RunTime:0.000858s ]
INFO: [ app_end ] --END-- [ RunTime:0.001143s ]

[ 2017-03-18T14:55:02+08:00 ] 127.0.0.1 /mmsh/index.php
INFO: [ app_init ] --START--
INFO: Run Behavior\BuildLiteBehavior [ RunTime:0.000053s ]
INFO: [ app_init ] --END-- [ RunTime:0.000593s ]
INFO: [ app_begin ] --START--
INFO: Run Behavior\ReadHtmlCacheBehavior [ RunTime:0.000544s ]
INFO: [ app_begin ] --END-- [ RunTime:0.000698s ]
INFO: [ view_parse ] --START--
INFO: [ template_filter ] --START--
INFO: Run Behavior\ContentReplaceBehavior [ RunTime:0.000151s ]
INFO: [ template_filter ] --END-- [ RunTime:0.000307s ]
INFO: Run Behavior\ParseTemplateBehavior [ RunTime:0.021732s ]
INFO: [ view_parse ] --END-- [ RunTime:0.021903s ]
INFO: [ view_filter ] --START--
INFO: Run Behavior\WriteHtmlCacheBehavior [ RunTime:0.000426s ]
INFO: [ view_filter ] --END-- [ RunTime:0.000571s ]
INFO: [ app_end ] --START--
INFO: Run Behavior\ShowPageTraceBehavior [ RunTime:0.000906s ]
INFO: [ app_end ] --END-- [ RunTime:0.001183s ]

[ 2017-03-18T15:02:17+08:00 ] 127.0.0.1 /mmsh/
INFO: [ app_init ] --START--
INFO: Run Behavior\BuildLiteBehavior [ RunTime:0.000108s ]
INFO: [ app_init ] --END-- [ RunTime:0.001641s ]
INFO: [ app_begin ] --START--
INFO: Run Behavior\ReadHtmlCacheBehavior [ RunTime:0.000701s ]
INFO: [ app_begin ] --END-- [ RunTime:0.000927s ]
INFO: [ view_parse ] --START--
INFO: [ template_filter ] --START--
INFO: Run Behavior\ContentReplaceBehavior [ RunTime:0.000557s ]
INFO: [ template_filter ] --END-- [ RunTime:0.001354s ]
INFO: Run Behavior\ParseTemplateBehavior [ RunTime:0.033472s ]
INFO: [ view_parse ] --END-- [ RunTime:0.033786s ]
INFO: [ view_filter ] --START--
INFO: Run Behavior\WriteHtmlCacheBehavior [ RunTime:0.000542s ]
INFO: [ view_filter ] --END-- [ RunTime:0.000787s ]
INFO: [ app_end ] --START--
INFO: Run Behavior\ShowPageTraceBehavior [ RunTime:0.001137s ]
INFO: [ app_end ] --END-- [ RunTime:0.001461s ]

[ 2017-03-18T15:02:25+08:00 ] 127.0.0.1 /mmsh/home
INFO: [ app_init ] --START--
INFO: Run Behavior\BuildLiteBehavior [ RunTime:0.000045s ]
INFO: [ app_init ] --END-- [ RunTime:0.000525s ]
INFO: [ app_begin ] --START--
INFO: Run Behavior\ReadHtmlCacheBehavior [ RunTime:0.000770s ]
INFO: [ app_begin ] --END-- [ RunTime:0.001093s ]
INFO: [ view_parse ] --START--
INFO: [ template_filter ] --START--
INFO: Run Behavior\ContentReplaceBehavior [ RunTime:0.000185s ]
INFO: [ template_filter ] --END-- [ RunTime:0.000413s ]
INFO: Run Behavior\ParseTemplateBehavior [ RunTime:0.024257s ]
INFO: [ view_parse ] --END-- [ RunTime:0.024440s ]
INFO: [ view_filter ] --START--
INFO: Run Behavior\WriteHtmlCacheBehavior [ RunTime:0.000412s ]
INFO: [ view_filter ] --END-- [ RunTime:0.000557s ]
INFO: [ app_end ] --START--
INFO: Run Behavior\ShowPageTraceBehavior [ RunTime:0.000994s ]
INFO: [ app_end ] --END-- [ RunTime:0.001271s ]

[ 2017-03-18T15:02:30+08:00 ] 127.0.0.1 /mmsh/home/index
INFO: [ app_init ] --START--
INFO: Run Behavior\BuildLiteBehavior [ RunTime:0.000038s ]
INFO: [ app_init ] --END-- [ RunTime:0.000565s ]
INFO: [ app_begin ] --START--
INFO: Run Behavior\ReadHtmlCacheBehavior [ RunTime:0.000552s ]
INFO: [ app_begin ] --END-- [ RunTime:0.000722s ]
INFO: [ view_parse ] --START--
INFO: [ template_filter ] --START--
INFO: Run Behavior\ContentReplaceBehavior [ RunTime:0.000196s ]
INFO: [ template_filter ] --END-- [ RunTime:0.000388s ]
INFO: Run Behavior\ParseTemplateBehavior [ RunTime:0.030492s ]
INFO: [ view_parse ] --END-- [ RunTime:0.030663s ]
INFO: [ view_filter ] --START--
INFO: Run Behavior\WriteHtmlCacheBehavior [ RunTime:0.000387s ]
INFO: [ view_filter ] --END-- [ RunTime:0.000572s ]
INFO: [ app_end ] --START--
INFO: Run Behavior\ShowPageTraceBehavior [ RunTime:0.000804s ]
INFO: [ app_end ] --END-- [ RunTime:0.001036s ]

[ 2017-03-18T15:02:52+08:00 ] 127.0.0.1 /mmsh/home/index/about
INFO: [ app_init ] --START--
INFO: Run Behavior\BuildLiteBehavior [ RunTime:0.000038s ]
INFO: [ app_init ] --END-- [ RunTime:0.000709s ]
INFO: [ app_begin ] --START--
INFO: Run Behavior\ReadHtmlCacheBehavior [ RunTime:0.000455s ]
INFO: [ app_begin ] --END-- [ RunTime:0.000600s ]
ERR: 非法操作:about
NOTIC: [2] Cannot modify header information - headers already sent by (output started at D:\web\mmsh\ThinkPHP\Library\Think\App.class.php:124) D:\web\mmsh\ThinkPHP\Library\Think\Think.class.php 第 229 行.
NOTIC: [2] Cannot modify header information - headers already sent by (output started at D:\web\mmsh\ThinkPHP\Library\Think\App.class.php:124) D:\web\mmsh\ThinkPHP\Library\Think\Think.class.php 第 230 行.

[ 2017-03-18T15:03:10+08:00 ] 127.0.0.1 /mmsh/home/index/info
INFO: [ app_init ] --START--
INFO: Run Behavior\BuildLiteBehavior [ RunTime:0.000032s ]
INFO: [ app_init ] --END-- [ RunTime:0.000448s ]
INFO: [ app_begin ] --START--
INFO: Run Behavior\ReadHtmlCacheBehavior [ RunTime:0.000598s ]
INFO: [ app_begin ] --END-- [ RunTime:0.000753s ]
INFO: [ view_parse ] --START--
INFO: [ template_filter ] --START--
INFO: Run Behavior\ContentReplaceBehavior [ RunTime:0.000113s ]
INFO: [ template_filter ] --END-- [ RunTime:0.000289s ]
INFO: Run Behavior\ParseTemplateBehavior [ RunTime:0.025344s ]
INFO: [ view_parse ] --END-- [ RunTime:0.025530s ]
INFO: [ view_filter ] --START--
INFO: Run Behavior\WriteHtmlCacheBehavior [ RunTime:0.000391s ]
INFO: [ view_filter ] --END-- [ RunTime:0.000537s ]
INFO: [ app_end ] --START--
INFO: Run Behavior\ShowPageTraceBehavior [ RunTime:0.000934s ]
INFO: [ app_end ] --END-- [ RunTime:0.001215s ]

[ 2017-03-18T15:03:11+08:00 ] 127.0.0.1 /mmsh/home/index/lib/bootstrap/css/bootstrap.css
INFO: [ app_init ] --START--
INFO: Run Behavior\BuildLiteBehavior [ RunTime:0.000085s ]
INFO: [ app_init ] --END-- [ RunTime:0.000837s ]
INFO: [ app_begin ] --START--
INFO: Run Behavior\ReadHtmlCacheBehavior [ RunTime:0.000609s ]
INFO: [ app_begin ] --END-- [ RunTime:0.000882s ]
ERR: 非法操作:lib
NOTIC: [2] Cannot modify header information - headers already sent by (output started at D:\web\mmsh\ThinkPHP\Library\Think\App.class.php:124) D:\web\mmsh\ThinkPHP\Library\Think\Think.class.php 第 229 行.
NOTIC: [2] Cannot modify header information - headers already sent by (output started at D:\web\mmsh\ThinkPHP\Library\Think\App.class.php:124) D:\web\mmsh\ThinkPHP\Library\Think\Think.class.php 第 230 行.

[ 2017-03-18T15:03:11+08:00 ] 127.0.0.1 /mmsh/home/index/css/app.css
INFO: [ app_init ] --START--
INFO: Run Behavior\BuildLiteBehavior [ RunTime:0.000052s ]
INFO: [ app_init ] --END-- [ RunTime:0.000700s ]
INFO: [ app_begin ] --START--
INFO: Run Behavior\ReadHtmlCacheBehavior [ RunTime:0.000545s ]
INFO: [ app_begin ] --END-- [ RunTime:0.000734s ]
ERR: 非法操作:css
NOTIC: [2] Cannot modify header information - headers already sent by (output started at D:\web\mmsh\ThinkPHP\Library\Think\App.class.php:124) D:\web\mmsh\ThinkPHP\Library\Think\Think.class.php 第 229 行.
NOTIC: [2] Cannot modify header information - headers already sent by (output started at D:\web\mmsh\ThinkPHP\Library\Think\App.class.php:124) D:\web\mmsh\ThinkPHP\Library\Think\Think.class.php 第 230 行.

[ 2017-03-18T15:03:11+08:00 ] 127.0.0.1 /mmsh/home/index/images/contactBg.jpg
INFO: [ app_init ] --START--
INFO: Run Behavior\BuildLiteBehavior [ RunTime:0.000033s ]
INFO: [ app_init ] --END-- [ RunTime:0.000430s ]

[ 2017-03-18T15:03:43+08:00 ] 127.0.0.1 /mmsh/home/index/about
INFO: [ app_init ] --START--
INFO: Run Behavior\BuildLiteBehavior [ RunTime:0.000030s ]
INFO: [ app_init ] --END-- [ RunTime:0.000431s ]
INFO: [ app_begin ] --START--
INFO: Run Behavior\ReadHtmlCacheBehavior [ RunTime:0.000547s ]
INFO: [ app_begin ] --END-- [ RunTime:0.000702s ]
ERR: 非法操作:about
NOTIC: [2] Cannot modify header information - headers already sent by (output started at D:\web\mmsh\ThinkPHP\Library\Think\App.class.php:124) D:\web\mmsh\ThinkPHP\Library\Think\Think.class.php 第 229 行.
NOTIC: [2] Cannot modify header information - headers already sent by (output started at D:\web\mmsh\ThinkPHP\Library\Think\App.class.php:124) D:\web\mmsh\ThinkPHP\Library\Think\Think.class.php 第 230 行.

[ 2017-03-18T15:03:45+08:00 ] 127.0.0.1 /mmsh/home/index/lib/bootstrap/css/bootstrap.css
INFO: [ app_init ] --START--
INFO: Run Behavior\BuildLiteBehavior [ RunTime:0.000031s ]
INFO: [ app_init ] --END-- [ RunTime:0.000473s ]
INFO: [ app_begin ] --START--
INFO: Run Behavior\ReadHtmlCacheBehavior [ RunTime:0.000644s ]
INFO: [ app_begin ] --END-- [ RunTime:0.000899s ]
ERR: 非法操作:lib
NOTIC: [2] Cannot modify header information - headers already sent by (output started at D:\web\mmsh\ThinkPHP\Library\Think\App.class.php:124) D:\web\mmsh\ThinkPHP\Library\Think\Think.class.php 第 229 行.
NOTIC: [2] Cannot modify header information - headers already sent by (output started at D:\web\mmsh\ThinkPHP\Library\Think\App.class.php:124) D:\web\mmsh\ThinkPHP\Library\Think\Think.class.php 第 230 行.

[ 2017-03-18T15:03:45+08:00 ] 127.0.0.1 /mmsh/home/index/css/app.css
INFO: [ app_init ] --START--
INFO: Run Behavior\BuildLiteBehavior [ RunTime:0.000063s ]
INFO: [ app_init ] --END-- [ RunTime:0.000496s ]
INFO: [ app_begin ] --START--
INFO: Run Behavior\ReadHtmlCacheBehavior [ RunTime:0.000548s ]
INFO: [ app_begin ] --END-- [ RunTime:0.000714s ]
ERR: 非法操作:css
NOTIC: [2] Cannot modify header information - headers already sent by (output started at D:\web\mmsh\ThinkPHP\Library\Think\App.class.php:124) D:\web\mmsh\ThinkPHP\Library\Think\Think.class.php 第 229 行.
NOTIC: [2] Cannot modify header information - headers already sent by (output started at D:\web\mmsh\ThinkPHP\Library\Think\App.class.php:124) D:\web\mmsh\ThinkPHP\Library\Think\Think.class.php 第 230 行.

[ 2017-03-18T15:08:51+08:00 ] 127.0.0.1 /mmsh/home/index/info
INFO: [ app_init ] --START--
INFO: Run Behavior\BuildLiteBehavior [ RunTime:0.000031s ]
INFO: [ app_init ] --END-- [ RunTime:0.000448s ]
INFO: [ app_begin ] --START--
INFO: Run Behavior\ReadHtmlCacheBehavior [ RunTime:0.000500s ]
INFO: [ app_begin ] --END-- [ RunTime:0.000642s ]
INFO: [ view_parse ] --START--
INFO: [ template_filter ] --START--
INFO: Run Behavior\ContentReplaceBehavior [ RunTime:0.000118s ]
INFO: [ template_filter ] --END-- [ RunTime:0.000337s ]
INFO: Run Behavior\ParseTemplateBehavior [ RunTime:0.023497s ]
INFO: [ view_parse ] --END-- [ RunTime:0.023680s ]
INFO: [ view_filter ] --START--
INFO: Run Behavior\WriteHtmlCacheBehavior [ RunTime:0.000382s ]
INFO: [ view_filter ] --END-- [ RunTime:0.000523s ]
INFO: [ app_end ] --START--
INFO: Run Behavior\ShowPageTraceBehavior [ RunTime:0.000941s ]
INFO: [ app_end ] --END-- [ RunTime:0.001189s ]

[ 2017-03-18T15:08:52+08:00 ] 127.0.0.1 /mmsh/home/index/css/app.css
INFO: [ app_init ] --START--
INFO: Run Behavior\BuildLiteBehavior [ RunTime:0.000034s ]
INFO: [ app_init ] --END-- [ RunTime:0.000562s ]
INFO: [ app_begin ] --START--
INFO: Run Behavior\ReadHtmlCacheBehavior [ RunTime:0.000538s ]
INFO: [ app_begin ] --END-- [ RunTime:0.000681s ]
ERR: 非法操作:css
NOTIC: [2] Cannot modify header information - headers already sent by (output started at D:\web\mmsh\ThinkPHP\Library\Think\App.class.php:124) D:\web\mmsh\ThinkPHP\Library\Think\Think.class.php 第 229 行.
NOTIC: [2] Cannot modify header information - headers already sent by (output started at D:\web\mmsh\ThinkPHP\Library\Think\App.class.php:124) D:\web\mmsh\ThinkPHP\Library\Think\Think.class.php 第 230 行.

[ 2017-03-18T15:08:52+08:00 ] 127.0.0.1 /mmsh/home/index/images/contactBg.jpg
INFO: [ app_init ] --START--
INFO: Run Behavior\BuildLiteBehavior [ RunTime:0.000032s ]
INFO: [ app_init ] --END-- [ RunTime:0.000459s ]

[ 2017-03-18T15:10:02+08:00 ] 127.0.0.1 /mmsh/home/index/info
INFO: [ app_init ] --START--
INFO: Run Behavior\BuildLiteBehavior [ RunTime:0.000046s ]
INFO: [ app_init ] --END-- [ RunTime:0.000516s ]
INFO: [ app_begin ] --START--
INFO: Run Behavior\ReadHtmlCacheBehavior [ RunTime:0.000553s ]
INFO: [ app_begin ] --END-- [ RunTime:0.000706s ]
INFO: [ view_parse ] --START--
INFO: [ template_filter ] --START--
INFO: Run Behavior\ContentReplaceBehavior [ RunTime:0.000116s ]
INFO: [ template_filter ] --END-- [ RunTime:0.000298s ]
INFO: Run Behavior\ParseTemplateBehavior [ RunTime:0.027895s ]
INFO: [ view_parse ] --END-- [ RunTime:0.028115s ]
INFO: [ view_filter ] --START--
INFO: Run Behavior\WriteHtmlCacheBehavior [ RunTime:0.000381s ]
INFO: [ view_filter ] --END-- [ RunTime:0.000526s ]
INFO: [ app_end ] --START--
INFO: Run Behavior\ShowPageTraceBehavior [ RunTime:0.000934s ]
INFO: [ app_end ] --END-- [ RunTime:0.001191s ]

[ 2017-03-18T15:10:53+08:00 ] 127.0.0.1 /mmsh/home/index/info
INFO: [ app_init ] --START--
INFO: Run Behavior\BuildLiteBehavior [ RunTime:0.000033s ]
INFO: [ app_init ] --END-- [ RunTime:0.000503s ]
INFO: [ app_begin ] --START--
INFO: Run Behavior\ReadHtmlCacheBehavior [ RunTime:0.000603s ]
INFO: [ app_begin ] --END-- [ RunTime:0.000785s ]
INFO: [ view_parse ] --START--
INFO: [ template_filter ] --START--
INFO: Run Behavior\ContentReplaceBehavior [ RunTime:0.000101s ]
INFO: [ template_filter ] --END-- [ RunTime:0.000279s ]
INFO: Run Behavior\ParseTemplateBehavior [ RunTime:0.021722s ]
INFO: [ view_parse ] --END-- [ RunTime:0.021919s ]
INFO: [ view_filter ] --START--
INFO: Run Behavior\WriteHtmlCacheBehavior [ RunTime:0.000407s ]
INFO: [ view_filter ] --END-- [ RunTime:0.000551s ]
INFO: [ app_end ] --START--
INFO: Run Behavior\ShowPageTraceBehavior [ RunTime:0.000943s ]
INFO: [ app_end ] --END-- [ RunTime:0.001194s ]

[ 2017-03-18T15:10:54+08:00 ] 127.0.0.1 /mmsh/home/index/index.js.map
INFO: [ app_init ] --START--
INFO: Run Behavior\BuildLiteBehavior [ RunTime:0.000032s ]
INFO: [ app_init ] --END-- [ RunTime:0.000423s ]
INFO: [ app_begin ] --START--
INFO: Run Behavior\ReadHtmlCacheBehavior [ RunTime:0.000501s ]
INFO: [ app_begin ] --END-- [ RunTime:0.000711s ]
ERR: 非法操作:index.js.map
NOTIC: [2] Cannot modify header information - headers already sent by (output started at D:\web\mmsh\ThinkPHP\Library\Think\App.class.php:121) D:\web\mmsh\ThinkPHP\Library\Think\Think.class.php 第 229 行.
NOTIC: [2] Cannot modify header information - headers already sent by (output started at D:\web\mmsh\ThinkPHP\Library\Think\App.class.php:121) D:\web\mmsh\ThinkPHP\Library\Think\Think.class.php 第 230 行.

[ 2017-03-18T15:31:02+08:00 ] 127.0.0.1 /mmsh/home/index/insder
INFO: [ app_init ] --START--
INFO: Run Behavior\BuildLiteBehavior [ RunTime:0.000038s ]
INFO: [ app_init ] --END-- [ RunTime:0.000598s ]
INFO: [ app_begin ] --START--
INFO: Run Behavior\ReadHtmlCacheBehavior [ RunTime:0.000575s ]
INFO: [ app_begin ] --END-- [ RunTime:0.000752s ]
ERR: 非法操作:insder
NOTIC: [2] Cannot modify header information - headers already sent by (output started at D:\web\mmsh\ThinkPHP\Library\Think\App.class.php:124) D:\web\mmsh\ThinkPHP\Library\Think\Think.class.php 第 229 行.
NOTIC: [2] Cannot modify header information - headers already sent by (output started at D:\web\mmsh\ThinkPHP\Library\Think\App.class.php:124) D:\web\mmsh\ThinkPHP\Library\Think\Think.class.php 第 230 行.

[ 2017-03-18T15:31:16+08:00 ] 127.0.0.1 /mmsh/home/index/insider
INFO: [ app_init ] --START--
INFO: Run Behavior\BuildLiteBehavior [ RunTime:0.000034s ]
INFO: [ app_init ] --END-- [ RunTime:0.000603s ]
INFO: [ app_begin ] --START--
INFO: Run Behavior\ReadHtmlCacheBehavior [ RunTime:0.001526s ]
INFO: [ app_begin ] --END-- [ RunTime:0.001732s ]
INFO: [ view_parse ] --START--
INFO: [ template_filter ] --START--
INFO: Run Behavior\ContentReplaceBehavior [ RunTime:0.000130s ]
INFO: [ template_filter ] --END-- [ RunTime:0.000382s ]
INFO: Run Behavior\ParseTemplateBehavior [ RunTime:0.027764s ]
INFO: [ view_parse ] --END-- [ RunTime:0.027985s ]
INFO: [ view_filter ] --START--
INFO: Run Behavior\WriteHtmlCacheBehavior [ RunTime:0.000392s ]
INFO: [ view_filter ] --END-- [ RunTime:0.000539s ]
INFO: [ app_end ] --START--
INFO: Run Behavior\ShowPageTraceBehavior [ RunTime:0.000910s ]
INFO: [ app_end ] --END-- [ RunTime:0.001299s ]

[ 2017-03-18T15:31:16+08:00 ] 127.0.0.1 /mmsh/home/index/images/contactBg.jpg
INFO: [ app_init ] --START--
INFO: Run Behavior\BuildLiteBehavior [ RunTime:0.000035s ]
INFO: [ app_init ] --END-- [ RunTime:0.000587s ]

[ 2017-03-18T15:31:20+08:00 ] 127.0.0.1 /mmsh/home/index/indexvip1.html
INFO: [ app_init ] --START--
INFO: Run Behavior\BuildLiteBehavior [ RunTime:0.000035s ]
INFO: [ app_init ] --END-- [ RunTime:0.000470s ]
INFO: [ app_begin ] --START--
INFO: Run Behavior\ReadHtmlCacheBehavior [ RunTime:0.000430s ]
INFO: [ app_begin ] --END-- [ RunTime:0.000584s ]
ERR: 非法操作:indexvip1
NOTIC: [2] Cannot modify header information - headers already sent by (output started at D:\web\mmsh\ThinkPHP\Library\Think\App.class.php:124) D:\web\mmsh\ThinkPHP\Library\Think\Think.class.php 第 229 行.
NOTIC: [2] Cannot modify header information - headers already sent by (output started at D:\web\mmsh\ThinkPHP\Library\Think\App.class.php:124) D:\web\mmsh\ThinkPHP\Library\Think\Think.class.php 第 230 行.

[ 2017-03-18T15:37:48+08:00 ] 127.0.0.1 /mmsh/home/index/info
INFO: [ app_init ] --START--
INFO: Run Behavior\BuildLiteBehavior [ RunTime:0.000034s ]
INFO: [ app_init ] --END-- [ RunTime:0.000513s ]
INFO: [ app_begin ] --START--
INFO: Run Behavior\ReadHtmlCacheBehavior [ RunTime:0.001668s ]
INFO: [ app_begin ] --END-- [ RunTime:0.001949s ]
INFO: [ view_parse ] --START--
INFO: [ template_filter ] --START--
INFO: Run Behavior\ContentReplaceBehavior [ RunTime:0.000109s ]
INFO: [ template_filter ] --END-- [ RunTime:0.000281s ]
INFO: Run Behavior\ParseTemplateBehavior [ RunTime:0.023563s ]
INFO: [ view_parse ] --END-- [ RunTime:0.023766s ]
INFO: [ view_filter ] --START--
INFO: Run Behavior\WriteHtmlCacheBehavior [ RunTime:0.000383s ]
INFO: [ view_filter ] --END-- [ RunTime:0.000556s ]
INFO: [ app_end ] --START--
INFO: Run Behavior\ShowPageTraceBehavior [ RunTime:0.000975s ]
INFO: [ app_end ] --END-- [ RunTime:0.001262s ]

[ 2017-03-18T15:37:55+08:00 ] 127.0.0.1 /mmsh/home/index/info_lingdao
INFO: [ app_init ] --START--
INFO: Run Behavior\BuildLiteBehavior [ RunTime:0.000032s ]
INFO: [ app_init ] --END-- [ RunTime:0.000454s ]
INFO: [ app_begin ] --START--
INFO: Run Behavior\ReadHtmlCacheBehavior [ RunTime:0.000493s ]
INFO: [ app_begin ] --END-- [ RunTime:0.000639s ]
INFO: [ view_parse ] --START--
INFO: [ template_filter ] --START--
INFO: Run Behavior\ContentReplaceBehavior [ RunTime:0.000162s ]
INFO: [ template_filter ] --END-- [ RunTime:0.000378s ]
INFO: Run Behavior\ParseTemplateBehavior [ RunTime:0.025454s ]
INFO: [ view_parse ] --END-- [ RunTime:0.025665s ]
INFO: [ view_filter ] --START--
INFO: Run Behavior\WriteHtmlCacheBehavior [ RunTime:0.000403s ]
INFO: [ view_filter ] --END-- [ RunTime:0.000561s ]
INFO: [ app_end ] --START--
INFO: Run Behavior\ShowPageTraceBehavior [ RunTime:0.000952s ]
INFO: [ app_end ] --END-- [ RunTime:0.001223s ]

[ 2017-03-18T15:37:55+08:00 ] 127.0.0.1 /mmsh/home/index/images/contactBg.jpg
INFO: [ app_init ] --START--
INFO: Run Behavior\BuildLiteBehavior [ RunTime:0.000035s ]
INFO: [ app_init ] --END-- [ RunTime:0.000482s ]

[ 2017-03-18T15:38:13+08:00 ] 127.0.0.1 /mmsh/home/index/info_lingdao
INFO: [ app_init ] --START--
INFO: Run Behavior\BuildLiteBehavior [ RunTime:0.000031s ]
INFO: [ app_init ] --END-- [ RunTime:0.000431s ]
INFO: [ app_begin ] --START--
INFO: Run Behavior\ReadHtmlCacheBehavior [ RunTime:0.000420s ]
INFO: [ app_begin ] --END-- [ RunTime:0.000568s ]
INFO: [ view_parse ] --START--
INFO: [ template_filter ] --START--
INFO: Run Behavior\ContentReplaceBehavior [ RunTime:0.000155s ]
INFO: [ template_filter ] --END-- [ RunTime:0.000324s ]
INFO: Run Behavior\ParseTemplateBehavior [ RunTime:0.026810s ]
INFO: [ view_parse ] --END-- [ RunTime:0.027013s ]
INFO: [ view_filter ] --START--
INFO: Run Behavior\WriteHtmlCacheBehavior [ RunTime:0.000343s ]
INFO: [ view_filter ] --END-- [ RunTime:0.000535s ]
INFO: [ app_end ] --START--
INFO: Run Behavior\ShowPageTraceBehavior [ RunTime:0.000758s ]
INFO: [ app_end ] --END-- [ RunTime:0.001019s ]

[ 2017-03-18T15:38:14+08:00 ] 127.0.0.1 /mmsh/home/index/images/contactBg.jpg
INFO: [ app_init ] --START--
INFO: Run Behavior\BuildLiteBehavior [ RunTime:0.000036s ]
INFO: [ app_init ] --END-- [ RunTime:0.000500s ]

[ 2017-03-18T15:40:20+08:00 ] 127.0.0.1 /mmsh/home/index/insider
INFO: [ app_init ] --START--
INFO: Run Behavior\BuildLiteBehavior [ RunTime:0.000089s ]
INFO: [ app_init ] --END-- [ RunTime:0.001713s ]
INFO: [ app_begin ] --START--
INFO: Run Behavior\ReadHtmlCacheBehavior [ RunTime:0.001049s ]
INFO: [ app_begin ] --END-- [ RunTime:0.001292s ]
INFO: [ view_parse ] --START--
INFO: [ template_filter ] --START--
INFO: Run Behavior\ContentReplaceBehavior [ RunTime:0.000148s ]
INFO: [ template_filter ] --END-- [ RunTime:0.000455s ]
INFO: Run Behavior\ParseTemplateBehavior [ RunTime:0.028616s ]
INFO: [ view_parse ] --END-- [ RunTime:0.028887s ]
INFO: [ view_filter ] --START--
INFO: Run Behavior\WriteHtmlCacheBehavior [ RunTime:0.000410s ]
INFO: [ view_filter ] --END-- [ RunTime:0.000556s ]
INFO: [ app_end ] --START--
INFO: Run Behavior\ShowPageTraceBehavior [ RunTime:0.000922s ]
INFO: [ app_end ] --END-- [ RunTime:0.001183s ]

[ 2017-03-18T15:40:20+08:00 ] 127.0.0.1 /mmsh/home/index/lib/bootstrap/css/bootstrap.css
INFO: [ app_init ] --START--
INFO: Run Behavior\BuildLiteBehavior [ RunTime:0.000035s ]
INFO: [ app_init ] --END-- [ RunTime:0.000496s ]
INFO: [ app_begin ] --START--
INFO: Run Behavior\ReadHtmlCacheBehavior [ RunTime:0.000582s ]
INFO: [ app_begin ] --END-- [ RunTime:0.000752s ]
ERR: 非法操作:lib
NOTIC: [2] Cannot modify header information - headers already sent by (output started at D:\web\mmsh\ThinkPHP\Library\Think\App.class.php:124) D:\web\mmsh\ThinkPHP\Library\Think\Think.class.php 第 229 行.
NOTIC: [2] Cannot modify header information - headers already sent by (output started at D:\web\mmsh\ThinkPHP\Library\Think\App.class.php:124) D:\web\mmsh\ThinkPHP\Library\Think\Think.class.php 第 230 行.

[ 2017-03-18T15:40:20+08:00 ] 127.0.0.1 /mmsh/home/index/images/contactBg.jpg
INFO: [ app_init ] --START--
INFO: Run Behavior\BuildLiteBehavior [ RunTime:0.000054s ]
INFO: [ app_init ] --END-- [ RunTime:0.000855s ]

[ 2017-03-18T15:40:23+08:00 ] 127.0.0.1 /mmsh/home/index/insider
INFO: [ app_init ] --START--
INFO: Run Behavior\BuildLiteBehavior [ RunTime:0.000037s ]
INFO: [ app_init ] --END-- [ RunTime:0.000553s ]
INFO: [ app_begin ] --START--
INFO: Run Behavior\ReadHtmlCacheBehavior [ RunTime:0.000539s ]
INFO: [ app_begin ] --END-- [ RunTime:0.000680s ]
INFO: [ view_parse ] --START--
INFO: [ template_filter ] --START--
INFO: Run Behavior\ContentReplaceBehavior [ RunTime:0.000114s ]
INFO: [ template_filter ] --END-- [ RunTime:0.000287s ]
INFO: Run Behavior\ParseTemplateBehavior [ RunTime:0.022065s ]
INFO: [ view_parse ] --END-- [ RunTime:0.022257s ]
INFO: [ view_filter ] --START--
INFO: Run Behavior\WriteHtmlCacheBehavior [ RunTime:0.000399s ]
INFO: [ view_filter ] --END-- [ RunTime:0.000542s ]
INFO: [ app_end ] --START--
INFO: Run Behavior\ShowPageTraceBehavior [ RunTime:0.000737s ]
INFO: [ app_end ] --END-- [ RunTime:0.000917s ]

[ 2017-03-18T15:40:23+08:00 ] 127.0.0.1 /mmsh/home/index/lib/bootstrap/css/bootstrap.css
INFO: [ app_init ] --START--
INFO: Run Behavior\BuildLiteBehavior [ RunTime:0.000031s ]
INFO: [ app_init ] --END-- [ RunTime:0.000447s ]
INFO: [ app_begin ] --START--
INFO: Run Behavior\ReadHtmlCacheBehavior [ RunTime:0.000541s ]
INFO: [ app_begin ] --END-- [ RunTime:0.000705s ]
ERR: 非法操作:lib
NOTIC: [2] Cannot modify header information - headers already sent by (output started at D:\web\mmsh\ThinkPHP\Library\Think\App.class.php:124) D:\web\mmsh\ThinkPHP\Library\Think\Think.class.php 第 229 行.
NOTIC: [2] Cannot modify header information - headers already sent by (output started at D:\web\mmsh\ThinkPHP\Library\Think\App.class.php:124) D:\web\mmsh\ThinkPHP\Library\Think\Think.class.php 第 230 行.

[ 2017-03-18T15:40:24+08:00 ] 127.0.0.1 /mmsh/home/index/images/contactBg.jpg
INFO: [ app_init ] --START--
INFO: Run Behavior\BuildLiteBehavior [ RunTime:0.000054s ]
INFO: [ app_init ] --END-- [ RunTime:0.000668s ]

[ 2017-03-18T15:41:53+08:00 ] 127.0.0.1 /mmsh/home/index/insider
INFO: [ app_init ] --START--
INFO: Run Behavior\BuildLiteBehavior [ RunTime:0.000045s ]
INFO: [ app_init ] --END-- [ RunTime:0.000475s ]
INFO: [ app_begin ] --START--
INFO: Run Behavior\ReadHtmlCacheBehavior [ RunTime:0.000456s ]
INFO: [ app_begin ] --END-- [ RunTime:0.000623s ]
INFO: [ view_parse ] --START--
INFO: [ template_filter ] --START--
INFO: Run Behavior\ContentReplaceBehavior [ RunTime:0.000119s ]
INFO: [ template_filter ] --END-- [ RunTime:0.000285s ]
INFO: Run Behavior\ParseTemplateBehavior [ RunTime:0.022092s ]
INFO: [ view_parse ] --END-- [ RunTime:0.022257s ]
INFO: [ view_filter ] --START--
INFO: Run Behavior\WriteHtmlCacheBehavior [ RunTime:0.000384s ]
INFO: [ view_filter ] --END-- [ RunTime:0.000533s ]
INFO: [ app_end ] --START--
INFO: Run Behavior\ShowPageTraceBehavior [ RunTime:0.001608s ]
INFO: [ app_end ] --END-- [ RunTime:0.001974s ]

[ 2017-03-18T15:41:53+08:00 ] 127.0.0.1 /mmsh/home/index/lib/bootstrap/css/bootstrap.css
INFO: [ app_init ] --START--
INFO: Run Behavior\BuildLiteBehavior [ RunTime:0.000035s ]
INFO: [ app_init ] --END-- [ RunTime:0.000455s ]
INFO: [ app_begin ] --START--
INFO: Run Behavior\ReadHtmlCacheBehavior [ RunTime:0.000818s ]
INFO: [ app_begin ] --END-- [ RunTime:0.001017s ]
ERR: 非法操作:lib
NOTIC: [2] Cannot modify header information - headers already sent by (output started at D:\web\mmsh\ThinkPHP\Library\Think\App.class.php:124) D:\web\mmsh\ThinkPHP\Library\Think\Think.class.php 第 229 行.
NOTIC: [2] Cannot modify header information - headers already sent by (output started at D:\web\mmsh\ThinkPHP\Library\Think\App.class.php:124) D:\web\mmsh\ThinkPHP\Library\Think\Think.class.php 第 230 行.

[ 2017-03-18T15:41:54+08:00 ] 127.0.0.1 /mmsh/home/index/images/contactBg.jpg
INFO: [ app_init ] --START--
INFO: Run Behavior\BuildLiteBehavior [ RunTime:0.000059s ]
INFO: [ app_init ] --END-- [ RunTime:0.002151s ]

[ 2017-03-18T15:42:23+08:00 ] 127.0.0.1 /mmsh/home/index/insider
INFO: [ app_init ] --START--
INFO: Run Behavior\BuildLiteBehavior [ RunTime:0.000034s ]
INFO: [ app_init ] --END-- [ RunTime:0.000474s ]
INFO: [ app_begin ] --START--
INFO: Run Behavior\ReadHtmlCacheBehavior [ RunTime:0.000444s ]
INFO: [ app_begin ] --END-- [ RunTime:0.000597s ]
INFO: [ view_parse ] --START--
INFO: [ template_filter ] --START--
INFO: Run Behavior\ContentReplaceBehavior [ RunTime:0.000108s ]
INFO: [ template_filter ] --END-- [ RunTime:0.000282s ]
INFO: Run Behavior\ParseTemplateBehavior [ RunTime:0.024271s ]
INFO: [ view_parse ] --END-- [ RunTime:0.024601s ]
INFO: [ view_filter ] --START--
INFO: Run Behavior\WriteHtmlCacheBehavior [ RunTime:0.000394s ]
INFO: [ view_filter ] --END-- [ RunTime:0.000610s ]
INFO: [ app_end ] --START--
INFO: Run Behavior\ShowPageTraceBehavior [ RunTime:0.000841s ]
INFO: [ app_end ] --END-- [ RunTime:0.001133s ]

[ 2017-03-18T15:42:23+08:00 ] 127.0.0.1 /mmsh/home/index/images/contactBg.jpg
INFO: [ app_init ] --START--
INFO: Run Behavior\BuildLiteBehavior [ RunTime:0.000068s ]
INFO: [ app_init ] --END-- [ RunTime:0.000754s ]

[ 2017-03-18T15:46:11+08:00 ] 127.0.0.1 /mmsh/home/index/insider
INFO: [ app_init ] --START--
INFO: Run Behavior\BuildLiteBehavior [ RunTime:0.000054s ]
INFO: [ app_init ] --END-- [ RunTime:0.000557s ]
INFO: [ app_begin ] --START--
INFO: Run Behavior\ReadHtmlCacheBehavior [ RunTime:0.000530s ]
INFO: [ app_begin ] --END-- [ RunTime:0.000689s ]
INFO: [ view_parse ] --START--
INFO: [ template_filter ] --START--
INFO: Run Behavior\ContentReplaceBehavior [ RunTime:0.000142s ]
INFO: [ template_filter ] --END-- [ RunTime:0.000343s ]
INFO: Run Behavior\ParseTemplateBehavior [ RunTime:0.023313s ]
INFO: [ view_parse ] --END-- [ RunTime:0.023585s ]
INFO: [ view_filter ] --START--
INFO: Run Behavior\WriteHtmlCacheBehavior [ RunTime:0.000378s ]
INFO: [ view_filter ] --END-- [ RunTime:0.000526s ]
INFO: [ app_end ] --START--
INFO: Run Behavior\ShowPageTraceBehavior [ RunTime:0.000900s ]
INFO: [ app_end ] --END-- [ RunTime:0.001170s ]

[ 2017-03-18T15:46:11+08:00 ] 127.0.0.1 /mmsh/home/index/images/contactBg.jpg
INFO: [ app_init ] --START--
INFO: Run Behavior\BuildLiteBehavior [ RunTime:0.000262s ]
INFO: [ app_init ] --END-- [ RunTime:0.001640s ]

[ 2017-03-18T15:46:18+08:00 ] 127.0.0.1 /mmsh/home/index/insider_cont
INFO: [ app_init ] --START--
INFO: Run Behavior\BuildLiteBehavior [ RunTime:0.000031s ]
INFO: [ app_init ] --END-- [ RunTime:0.000432s ]
INFO: [ app_begin ] --START--
INFO: Run Behavior\ReadHtmlCacheBehavior [ RunTime:0.000431s ]
INFO: [ app_begin ] --END-- [ RunTime:0.000576s ]
INFO: [ view_parse ] --START--
INFO: [ template_filter ] --START--
INFO: Run Behavior\ContentReplaceBehavior [ RunTime:0.000104s ]
INFO: [ template_filter ] --END-- [ RunTime:0.000279s ]
INFO: Run Behavior\ParseTemplateBehavior [ RunTime:0.023369s ]
INFO: [ view_parse ] --END-- [ RunTime:0.023675s ]
INFO: [ view_filter ] --START--
INFO: Run Behavior\WriteHtmlCacheBehavior [ RunTime:0.000326s ]
INFO: [ view_filter ] --END-- [ RunTime:0.000473s ]
INFO: [ app_end ] --START--
INFO: Run Behavior\ShowPageTraceBehavior [ RunTime:0.000777s ]
INFO: [ app_end ] --END-- [ RunTime:0.001043s ]

[ 2017-03-18T15:46:18+08:00 ] 127.0.0.1 /mmsh/home/index/images/contactBg.jpg
INFO: [ app_init ] --START--
INFO: Run Behavior\BuildLiteBehavior [ RunTime:0.000063s ]
INFO: [ app_init ] --END-- [ RunTime:0.000704s ]

[ 2017-03-18T15:48:33+08:00 ] 127.0.0.1 /mmsh/home/index/gonggao
INFO: [ app_init ] --START--
INFO: Run Behavior\BuildLiteBehavior [ RunTime:0.000039s ]
INFO: [ app_init ] --END-- [ RunTime:0.000689s ]
INFO: [ app_begin ] --START--
INFO: Run Behavior\ReadHtmlCacheBehavior [ RunTime:0.000531s ]
INFO: [ app_begin ] --END-- [ RunTime:0.000709s ]
INFO: [ view_parse ] --START--
INFO: [ template_filter ] --START--
INFO: Run Behavior\ContentReplaceBehavior [ RunTime:0.000116s ]
INFO: [ template_filter ] --END-- [ RunTime:0.000295s ]
INFO: Run Behavior\ParseTemplateBehavior [ RunTime:0.023492s ]
INFO: [ view_parse ] --END-- [ RunTime:0.023692s ]
INFO: [ view_filter ] --START--
INFO: Run Behavior\WriteHtmlCacheBehavior [ RunTime:0.000428s ]
INFO: [ view_filter ] --END-- [ RunTime:0.000750s ]
INFO: [ app_end ] --START--
INFO: Run Behavior\ShowPageTraceBehavior [ RunTime:0.001198s ]
INFO: [ app_end ] --END-- [ RunTime:0.001575s ]

[ 2017-03-18T15:48:33+08:00 ] 127.0.0.1 /mmsh/home/index/images/contactBg.jpg
INFO: [ app_init ] --START--
INFO: Run Behavior\BuildLiteBehavior [ RunTime:0.000055s ]
INFO: [ app_init ] --END-- [ RunTime:0.000748s ]

[ 2017-03-18T15:59:06+08:00 ] 127.0.0.1 /mmsh/home/index/content
INFO: [ app_init ] --START--
INFO: Run Behavior\BuildLiteBehavior [ RunTime:0.000033s ]
INFO: [ app_init ] --END-- [ RunTime:0.000535s ]
INFO: [ app_begin ] --START--
INFO: Run Behavior\ReadHtmlCacheBehavior [ RunTime:0.000752s ]
INFO: [ app_begin ] --END-- [ RunTime:0.000925s ]
INFO: [ view_parse ] --START--
INFO: [ template_filter ] --START--
INFO: Run Behavior\ContentReplaceBehavior [ RunTime:0.000117s ]
INFO: [ template_filter ] --END-- [ RunTime:0.000290s ]
INFO: Run Behavior\ParseTemplateBehavior [ RunTime:0.036223s ]
INFO: [ view_parse ] --END-- [ RunTime:0.036404s ]
INFO: [ view_filter ] --START--
INFO: Run Behavior\WriteHtmlCacheBehavior [ RunTime:0.000376s ]
INFO: [ view_filter ] --END-- [ RunTime:0.000531s ]
INFO: [ app_end ] --START--
INFO: Run Behavior\ShowPageTraceBehavior [ RunTime:0.000866s ]
INFO: [ app_end ] --END-- [ RunTime:0.001117s ]

[ 2017-03-18T15:59:07+08:00 ] 127.0.0.1 /mmsh/home/index/lib/bootstrap/css/bootstrap.css
INFO: [ app_init ] --START--
INFO: Run Behavior\BuildLiteBehavior [ RunTime:0.000038s ]
INFO: [ app_init ] --END-- [ RunTime:0.000900s ]
INFO: [ app_begin ] --START--
INFO: Run Behavior\ReadHtmlCacheBehavior [ RunTime:0.000793s ]
INFO: [ app_begin ] --END-- [ RunTime:0.001048s ]
ERR: 非法操作:lib
NOTIC: [2] Cannot modify header information - headers already sent by (output started at D:\web\mmsh\ThinkPHP\Library\Think\App.class.php:124) D:\web\mmsh\ThinkPHP\Library\Think\Think.class.php 第 229 行.
NOTIC: [2] Cannot modify header information - headers already sent by (output started at D:\web\mmsh\ThinkPHP\Library\Think\App.class.php:124) D:\web\mmsh\ThinkPHP\Library\Think\Think.class.php 第 230 行.

[ 2017-03-18T15:59:07+08:00 ] 127.0.0.1 /mmsh/home/index/lib/bootstrap/js/jquery-2.1.1.min.js
INFO: [ app_init ] --START--
INFO: Run Behavior\BuildLiteBehavior [ RunTime:0.000053s ]
INFO: [ app_init ] --END-- [ RunTime:0.000931s ]
INFO: [ app_begin ] --START--
INFO: Run Behavior\ReadHtmlCacheBehavior [ RunTime:0.001199s ]
INFO: [ app_begin ] --END-- [ RunTime:0.001467s ]
ERR: 非法操作:lib
NOTIC: [2] Cannot modify header information - headers already sent by (output started at D:\web\mmsh\ThinkPHP\Library\Think\App.class.php:124) D:\web\mmsh\ThinkPHP\Library\Think\Think.class.php 第 229 行.
NOTIC: [2] Cannot modify header information - headers already sent by (output started at D:\web\mmsh\ThinkPHP\Library\Think\App.class.php:124) D:\web\mmsh\ThinkPHP\Library\Think\Think.class.php 第 230 行.

[ 2017-03-18T15:59:07+08:00 ] 127.0.0.1 /mmsh/home/index/js/jquery-1.11.1.js
INFO: [ app_init ] --START--
INFO: Run Behavior\BuildLiteBehavior [ RunTime:0.000056s ]
INFO: [ app_init ] --END-- [ RunTime:0.000709s ]
INFO: [ app_begin ] --START--
INFO: Run Behavior\ReadHtmlCacheBehavior [ RunTime:0.000917s ]
INFO: [ app_begin ] --END-- [ RunTime:0.001323s ]
ERR: 非法操作:js
NOTIC: [2] Cannot modify header information - headers already sent by (output started at D:\web\mmsh\ThinkPHP\Library\Think\App.class.php:124) D:\web\mmsh\ThinkPHP\Library\Think\Think.class.php 第 229 行.
NOTIC: [2] Cannot modify header information - headers already sent by (output started at D:\web\mmsh\ThinkPHP\Library\Think\App.class.php:124) D:\web\mmsh\ThinkPHP\Library\Think\Think.class.php 第 230 行.

[ 2017-03-18T15:59:07+08:00 ] 127.0.0.1 /mmsh/home/index/lib/bootstrap/js/bootstrap.min.js
INFO: [ app_init ] --START--
INFO: Run Behavior\BuildLiteBehavior [ RunTime:0.000055s ]
INFO: [ app_init ] --END-- [ RunTime:0.000950s ]
INFO: [ app_begin ] --START--
INFO: Run Behavior\ReadHtmlCacheBehavior [ RunTime:0.001062s ]
INFO: [ app_begin ] --END-- [ RunTime:0.001347s ]
ERR: 非法操作:lib
NOTIC: [2] Cannot modify header information - headers already sent by (output started at D:\web\mmsh\ThinkPHP\Library\Think\App.class.php:124) D:\web\mmsh\ThinkPHP\Library\Think\Think.class.php 第 229 行.
NOTIC: [2] Cannot modify header information - headers already sent by (output started at D:\web\mmsh\ThinkPHP\Library\Think\App.class.php:124) D:\web\mmsh\ThinkPHP\Library\Think\Think.class.php 第 230 行.

[ 2017-03-18T15:59:07+08:00 ] 127.0.0.1 /mmsh/home/index/css/app.css
INFO: [ app_init ] --START--
INFO: Run Behavior\BuildLiteBehavior [ RunTime:0.000043s ]
INFO: [ app_init ] --END-- [ RunTime:0.000496s ]
INFO: [ app_begin ] --START--
INFO: Run Behavior\ReadHtmlCacheBehavior [ RunTime:0.000793s ]
INFO: [ app_begin ] --END-- [ RunTime:0.000960s ]
ERR: 非法操作:css
NOTIC: [2] Cannot modify header information - headers already sent by (output started at D:\web\mmsh\ThinkPHP\Library\Think\App.class.php:124) D:\web\mmsh\ThinkPHP\Library\Think\Think.class.php 第 229 行.
NOTIC: [2] Cannot modify header information - headers already sent by (output started at D:\web\mmsh\ThinkPHP\Library\Think\App.class.php:124) D:\web\mmsh\ThinkPHP\Library\Think\Think.class.php 第 230 行.

[ 2017-03-18T15:59:08+08:00 ] 127.0.0.1 /mmsh/home/index/%E4%BC%9A%E5%8A%A1%E8%A6%81%E9%97%BB%20-%20%E5%B9%BF%E4%B8%9C%E7%9C%81%E5%B7%A5%E5%95%86%E4%B8%9A%E8%81%94%E5%90%88%E4%BC%9A(%E6%80%BB%E5%95%86%E4%BC%9A)_files/index.php
INFO: [ app_init ] --START--
INFO: Run Behavior\BuildLiteBehavior [ RunTime:0.000056s ]
INFO: [ app_init ] --END-- [ RunTime:0.000648s ]
INFO: [ app_begin ] --START--
INFO: Run Behavior\ReadHtmlCacheBehavior [ RunTime:0.000700s ]
INFO: [ app_begin ] --END-- [ RunTime:0.000968s ]
ERR: 非法操作:会务要闻 - 广东省工商业联合会(总商会)_files
NOTIC: [2] Cannot modify header information - headers already sent by (output started at D:\web\mmsh\ThinkPHP\Library\Think\App.class.php:121) D:\web\mmsh\ThinkPHP\Library\Think\Think.class.php 第 229 行.
NOTIC: [2] Cannot modify header information - headers already sent by (output started at D:\web\mmsh\ThinkPHP\Library\Think\App.class.php:121) D:\web\mmsh\ThinkPHP\Library\Think\Think.class.php 第 230 行.

[ 2017-03-18T15:59:08+08:00 ] 127.0.0.1 /mmsh/home/index/images/top_banner.jpg
INFO: [ app_init ] --START--
INFO: Run Behavior\BuildLiteBehavior [ RunTime:0.000057s ]
INFO: [ app_init ] --END-- [ RunTime:0.000666s ]

8s ]

[ 2017-03-18T15:59:08+08:00 ] 127.0.0.1 /mmsh/home/index/images/qrcode.jpg
INFO: [ app_init ] --START--
INFO: Run Behavior\BuildLiteBehavior [ RunTime:0.000057s ]
INFO: [ app_init ] --END-- [ RunTime:0.000783s ]

[ 2017-03-18T15:59:08+08:00 ] 127.0.0.1 /mmsh/home/index/images/contactBg.jpg
INFO: [ app_init ] --START--
INFO: Run Behavior\BuildLiteBehavior [ RunTime:0.000035s ]
INFO: [ app_init ] --END-- [ RunTime:0.000480s ]

[ 2017-03-18T16:00:33+08:00 ] 127.0.0.1 /mmsh/home/index/content
INFO: [ app_init ] --START--
INFO: Run Behavior\BuildLiteBehavior [ RunTime:0.000033s ]
INFO: [ app_init ] --END-- [ RunTime:0.000451s ]
INFO: [ app_begin ] --START--
INFO: Run Behavior\ReadHtmlCacheBehavior [ RunTime:0.000431s ]
INFO: [ app_begin ] --END-- [ RunTime:0.000576s ]
INFO: [ view_parse ] --START--
INFO: [ template_filter ] --START--
INFO: Run Behavior\ContentReplaceBehavior [ RunTime:0.000123s ]
INFO: [ template_filter ] --END-- [ RunTime:0.000298s ]
INFO: Run Behavior\ParseTemplateBehavior [ RunTime:0.038404s ]
INFO: [ view_parse ] --END-- [ RunTime:0.038595s ]
INFO: [ view_filter ] --START--
INFO: Run Behavior\WriteHtmlCacheBehavior [ RunTime:0.000355s ]
INFO: [ view_filter ] --END-- [ RunTime:0.000498s ]
INFO: [ app_end ] --START--
INFO: Run Behavior\ShowPageTraceBehavior [ RunTime:0.000888s ]
INFO: [ app_end ] --END-- [ RunTime:0.001156s ]

[ 2017-03-18T16:00:33+08:00 ] 127.0.0.1 /mmsh/home/index/images/contactBg.jpg
INFO: [ app_init ] --START--
INFO: Run Behavior\BuildLiteBehavior [ RunTime:0.000051s ]
INFO: [ app_init ] --END-- [ RunTime:0.000902s ]

[ 2017-03-18T16:13:56+08:00 ] 127.0.0.1 /mmsh/home/index/news
INFO: [ app_init ] --START--
INFO: Run Behavior\BuildLiteBehavior [ RunTime:0.000032s ]
INFO: [ app_init ] --END-- [ RunTime:0.000476s ]
INFO: [ app_begin ] --START--
INFO: Run Behavior\ReadHtmlCacheBehavior [ RunTime:0.000526s ]
INFO: [ app_begin ] --END-- [ RunTime:0.000685s ]
INFO: [ view_parse ] --START--
INFO: [ template_filter ] --START--
INFO: Run Behavior\ContentReplaceBehavior [ RunTime:0.000110s ]
INFO: [ template_filter ] --END-- [ RunTime:0.000273s ]
INFO: Run Behavior\ParseTemplateBehavior [ RunTime:0.028387s ]
INFO: [ view_parse ] --END-- [ RunTime:0.028569s ]
INFO: [ view_filter ] --START--
INFO: Run Behavior\WriteHtmlCacheBehavior [ RunTime:0.000482s ]
INFO: [ view_filter ] --END-- [ RunTime:0.000681s ]
INFO: [ app_end ] --START--
INFO: Run Behavior\ShowPageTraceBehavior [ RunTime:0.001200s ]
INFO: [ app_end ] --END-- [ RunTime:0.001475s ]

[ 2017-03-18T16:13:56+08:00 ] 127.0.0.1 /mmsh/home/index/images/contactBg.jpg
INFO: [ app_init ] --START--
INFO: Run Behavior\BuildLiteBehavior [ RunTime:0.000054s ]
INFO: [ app_init ] --END-- [ RunTime:0.000772s ]

[ 2017-03-18T16:39:25+08:00 ] 127.0.0.1 /mmsh/home/index/insider
INFO: [ app_init ] --START--
INFO: Run Behavior\BuildLiteBehavior [ RunTime:0.000036s ]
INFO: [ app_init ] --END-- [ RunTime:0.000688s ]
INFO: [ app_begin ] --START--
INFO: Run Behavior\ReadHtmlCacheBehavior [ RunTime:0.000573s ]
INFO: [ app_begin ] --END-- [ RunTime:0.000768s ]
INFO: [ view_parse ] --START--
INFO: [ template_filter ] --START--
INFO: Run Behavior\ContentReplaceBehavior [ RunTime:0.000110s ]
INFO: [ template_filter ] --END-- [ RunTime:0.000290s ]
INFO: Run Behavior\ParseTemplateBehavior [ RunTime:0.024702s ]
INFO: [ view_parse ] --END-- [ RunTime:0.024865s ]
INFO: [ view_filter ] --START--
INFO: Run Behavior\WriteHtmlCacheBehavior [ RunTime:0.000349s ]
INFO: [ view_filter ] --END-- [ RunTime:0.000566s ]
INFO: [ app_end ] --START--
INFO: Run Behavior\ShowPageTraceBehavior [ RunTime:0.002071s ]
INFO: [ app_end ] --END-- [ RunTime:0.002327s ]

[ 2017-03-18T16:39:25+08:00 ] 127.0.0.1 /mmsh/home/index/images/contactBg.jpg
INFO: [ app_init ] --START--
INFO: Run Behavior\BuildLiteBehavior [ RunTime:0.000055s ]
INFO: [ app_init ] --END-- [ RunTime:0.000697s ]

[ 2017-03-18T16:39:35+08:00 ] 127.0.0.1 /mmsh/home/index/mm
INFO: [ app_init ] --START--
INFO: Run Behavior\BuildLiteBehavior [ RunTime:0.000032s ]
INFO: [ app_init ] --END-- [ RunTime:0.000431s ]
INFO: [ app_begin ] --START--
INFO: Run Behavior\ReadHtmlCacheBehavior [ RunTime:0.000961s ]
INFO: [ app_begin ] --END-- [ RunTime:0.001161s ]
ERR: 非法操作:mm
NOTIC: [2] Cannot modify header information - headers already sent by (output started at D:\web\mmsh\ThinkPHP\Library\Think\App.class.php:124) D:\web\mmsh\ThinkPHP\Library\Think\Think.class.php 第 229 行.
NOTIC: [2] Cannot modify header information - headers already sent by (output started at D:\web\mmsh\ThinkPHP\Library\Think\App.class.php:124) D:\web\mmsh\ThinkPHP\Library\Think\Think.class.php 第 230 行.

[ 2017-03-18T16:39:44+08:00 ] 127.0.0.1 /mmsh/home/index/message
INFO: [ app_init ] --START--
INFO: Run Behavior\BuildLiteBehavior [ RunTime:0.000032s ]
INFO: [ app_init ] --END-- [ RunTime:0.000457s ]
INFO: [ app_begin ] --START--
INFO: Run Behavior\ReadHtmlCacheBehavior [ RunTime:0.001670s ]
INFO: [ app_begin ] --END-- [ RunTime:0.002004s ]
INFO: [ view_parse ] --START--
INFO: [ template_filter ] --START--
INFO: Run Behavior\ContentReplaceBehavior [ RunTime:0.000095s ]
INFO: [ template_filter ] --END-- [ RunTime:0.000261s ]
INFO: Run Behavior\ParseTemplateBehavior [ RunTime:0.026011s ]
INFO: [ view_parse ] --END-- [ RunTime:0.026189s ]
INFO: [ view_filter ] --START--
INFO: Run Behavior\WriteHtmlCacheBehavior [ RunTime:0.000379s ]
INFO: [ view_filter ] --END-- [ RunTime:0.000528s ]
INFO: [ app_end ] --START--
INFO: Run Behavior\ShowPageTraceBehavior [ RunTime:0.000599s ]
INFO: [ app_end ] --END-- [ RunTime:0.000743s ]

[ 2017-03-18T16:39:45+08:00 ] 127.0.0.1 /mmsh/home/index/lib/bootstrap/css/bootstrap.css
INFO: [ app_init ] --START--
INFO: Run Behavior\BuildLiteBehavior [ RunTime:0.000053s ]
INFO: [ app_init ] --END-- [ RunTime:0.000654s ]
INFO: [ app_begin ] --START--
INFO: Run Behavior\ReadHtmlCacheBehavior [ RunTime:0.000639s ]
INFO: [ app_begin ] --END-- [ RunTime:0.000888s ]
ERR: 非法操作:lib
NOTIC: [2] Cannot modify header information - headers already sent by (output started at D:\web\mmsh\ThinkPHP\Library\Think\App.class.php:124) D:\web\mmsh\ThinkPHP\Library\Think\Think.class.php 第 229 行.
NOTIC: [2] Cannot modify header information - headers already sent by (output started at D:\web\mmsh\ThinkPHP\Library\Think\App.class.php:124) D:\web\mmsh\ThinkPHP\Library\Think\Think.class.php 第 230 行.

[ 2017-03-18T16:39:45+08:00 ] 127.0.0.1 /mmsh/home/index/lib/bootstrap/js/jquery-2.1.1.min.js
INFO: [ app_init ] --START--
INFO: Run Behavior\BuildLiteBehavior [ RunTime:0.000053s ]
INFO: [ app_init ] --END-- [ RunTime:0.000670s ]
INFO: [ app_begin ] --START--
INFO: Run Behavior\ReadHtmlCacheBehavior [ RunTime:0.000641s ]
INFO: [ app_begin ] --END-- [ RunTime:0.000900s ]
ERR: 非法操作:lib
NOTIC: [2] Cannot modify header information - headers already sent by (output started at D:\web\mmsh\ThinkPHP\Library\Think\App.class.php:124) D:\web\mmsh\ThinkPHP\Library\Think\Think.class.php 第 229 行.
NOTIC: [2] Cannot modify header information - headers already sent by (output started at D:\web\mmsh\ThinkPHP\Library\Think\App.class.php:124) D:\web\mmsh\ThinkPHP\Library\Think\Think.class.php 第 230 行.

[ 2017-03-18T16:39:45+08:00 ] 127.0.0.1 /mmsh/home/index/js/jquery-1.11.1.js
INFO: [ app_init ] --START--
INFO: Run Behavior\BuildLiteBehavior [ RunTime:0.000062s ]
INFO: [ app_init ] --END-- [ RunTime:0.000741s ]
INFO: [ app_begin ] --START--
INFO: Run Behavior\ReadHtmlCacheBehavior [ RunTime:0.000894s ]
INFO: [ app_begin ] --END-- [ RunTime:0.001353s ]
ERR: 非法操作:js
NOTIC: [2] Cannot modify header information - headers already sent by (output started at D:\web\mmsh\ThinkPHP\Library\Think\App.class.php:124) D:\web\mmsh\ThinkPHP\Library\Think\Think.class.php 第 229 行.
NOTIC: [2] Cannot modify header information - headers already sent by (output started at D:\web\mmsh\ThinkPHP\Library\Think\App.class.php:124) D:\web\mmsh\ThinkPHP\Library\Think\Think.class.php 第 230 行.

[ 2017-03-18T16:39:45+08:00 ] 127.0.0.1 /mmsh/home/index/css/app.css
INFO: [ app_init ] --START--
INFO: Run Behavior\BuildLiteBehavior [ RunTime:0.000035s ]
INFO: [ app_init ] --END-- [ RunTime:0.000487s ]
INFO: [ app_begin ] --START--
INFO: Run Behavior\ReadHtmlCacheBehavior [ RunTime:0.000428s ]
INFO: [ app_begin ] --END-- [ RunTime:0.000574s ]
ERR: 非法操作:css
NOTIC: [2] Cannot modify header information - headers already sent by (output started at D:\web\mmsh\ThinkPHP\Library\Think\App.class.php:124) D:\web\mmsh\ThinkPHP\Library\Think\Think.class.php 第 229 行.
NOTIC: [2] Cannot modify header information - headers already sent by (output started at D:\web\mmsh\ThinkPHP\Library\Think\App.class.php:124) D:\web\mmsh\ThinkPHP\Library\Think\Think.class.php 第 230 行.

[ 2017-03-18T16:39:46+08:00 ] 127.0.0.1 /mmsh/home/index/lib/bootstrap/js/bootstrap.min.js
INFO: [ app_init ] --START--
INFO: Run Behavior\BuildLiteBehavior [ RunTime:0.000035s ]
INFO: [ app_init ] --END-- [ RunTime:0.000460s ]
INFO: [ app_begin ] --START--
INFO: Run Behavior\ReadHtmlCacheBehavior [ RunTime:0.000547s ]
INFO: [ app_begin ] --END-- [ RunTime:0.000715s ]
ERR: 非法操作:lib
NOTIC: [2] Cannot modify header information - headers already sent by (output started at D:\web\mmsh\ThinkPHP\Library\Think\App.class.php:124) D:\web\mmsh\ThinkPHP\Library\Think\Think.class.php 第 229 行.
NOTIC: [2] Cannot modify header information - headers already sent by (output started at D:\web\mmsh\ThinkPHP\Library\Think\App.class.php:124) D:\web\mmsh\ThinkPHP\Library\Think\Think.class.php 第 230 行.

[ 2017-03-18T16:39:46+08:00 ] 127.0.0.1 /mmsh/home/index/images/logo.jpg
INFO: [ app_init ] --START--
INFO: Run Behavior\BuildLiteBehavior [ RunTime:0.000051s ]
INFO: [ app_init ] --END-- [ RunTime:0.000685s ]

[ 2017-03-18T16:39:46+08:00 ] 127.0.0.1 /mmsh/home/index/images/qrcode.jpg
INFO: [ app_init ] --START--
INFO: Run Behavior\BuildLiteBehavior [ RunTime:0.000050s ]
INFO: [ app_init ] --END-- [ RunTime:0.000528s ]

[ 2017-03-18T16:39:46+08:00 ] 127.0.0.1 /mmsh/home/index/images/contactBg.jpg
INFO: [ app_init ] --START--
INFO: Run Behavior\BuildLiteBehavior [ RunTime:0.000063s ]
INFO: [ app_init ] --END-- [ RunTime:0.000855s ]

[ 2017-03-18T16:45:28+08:00 ] 127.0.0.1 /mmsh/home/index/message
INFO: [ app_init ] --START--
INFO: Run Behavior\BuildLiteBehavior [ RunTime:0.000056s ]
INFO: [ app_init ] --END-- [ RunTime:0.012715s ]
INFO: [ app_begin ] --START--
INFO: Run Behavior\ReadHtmlCacheBehavior [ RunTime:0.001037s ]
INFO: [ app_begin ] --END-- [ RunTime:0.001192s ]
INFO: [ view_parse ] --START--
INFO: [ template_filter ] --START--
INFO: Run Behavior\ContentReplaceBehavior [ RunTime:0.000098s ]
INFO: [ template_filter ] --END-- [ RunTime:0.000273s ]
INFO: Run Behavior\ParseTemplateBehavior [ RunTime:0.096554s ]
INFO: [ view_parse ] --END-- [ RunTime:0.096720s ]
INFO: [ view_filter ] --START--
INFO: Run Behavior\WriteHtmlCacheBehavior [ RunTime:0.009958s ]
INFO: [ view_filter ] --END-- [ RunTime:0.010129s ]
INFO: [ app_end ] --START--
INFO: Run Behavior\ShowPageTraceBehavior [ RunTime:0.011047s ]
INFO: [ app_end ] --END-- [ RunTime:0.011205s ]

[ 2017-03-18T16:45:29+08:00 ] 127.0.0.1 /mmsh/home/index/lib/bootstrap/css/bootstrap.css
INFO: [ app_init ] --START--
INFO: Run Behavior\BuildLiteBehavior [ RunTime:0.000058s ]
INFO: [ app_init ] --END-- [ RunTime:0.001937s ]
INFO: [ app_begin ] --START--
INFO: Run Behavior\ReadHtmlCacheBehavior [ RunTime:0.000634s ]
INFO: [ app_begin ] --END-- [ RunTime:0.000894s ]
ERR: 非法操作:lib
NOTIC: [2] Cannot modify header information - headers already sent by (output started at D:\web\mmsh\ThinkPHP\Library\Think\App.class.php:124) D:\web\mmsh\ThinkPHP\Library\Think\Think.class.php 第 229 行.
NOTIC: [2] Cannot modify header information - headers already sent by (output started at D:\web\mmsh\ThinkPHP\Library\Think\App.class.php:124) D:\web\mmsh\ThinkPHP\Library\Think\Think.class.php 第 230 行.

[ 2017-03-18T16:45:29+08:00 ] 127.0.0.1 /mmsh/home/index/lib/bootstrap/js/jquery-2.1.1.min.js
INFO: [ app_init ] --START--
INFO: Run Behavior\BuildLiteBehavior [ RunTime:0.000067s ]
INFO: [ app_init ] --END-- [ RunTime:0.000711s ]
INFO: [ app_begin ] --START--
INFO: Run Behavior\ReadHtmlCacheBehavior [ RunTime:0.000981s ]
INFO: [ app_begin ] --END-- [ RunTime:0.002035s ]
ERR: 非法操作:lib
NOTIC: [2] Cannot modify header information - headers already sent by (output started at D:\web\mmsh\ThinkPHP\Library\Think\App.class.php:124) D:\web\mmsh\ThinkPHP\Library\Think\Think.class.php 第 229 行.
NOTIC: [2] Cannot modify header information - headers already sent by (output started at D:\web\mmsh\ThinkPHP\Library\Think\App.class.php:124) D:\web\mmsh\ThinkPHP\Library\Think\Think.class.php 第 230 行.

[ 2017-03-18T16:45:29+08:00 ] 127.0.0.1 /mmsh/home/index/js/jquery-1.11.1.js
INFO: [ app_init ] --START--
INFO: Run Behavior\BuildLiteBehavior [ RunTime:0.000058s ]
INFO: [ app_init ] --END-- [ RunTime:0.000784s ]
INFO: [ app_begin ] --START--
INFO: Run Behavior\ReadHtmlCacheBehavior [ RunTime:0.000827s ]
INFO: [ app_begin ] --END-- [ RunTime:0.001087s ]
ERR: 非法操作:js
NOTIC: [2] Cannot modify header information - headers already sent by (output started at D:\web\mmsh\ThinkPHP\Library\Think\App.class.php:124) D:\web\mmsh\ThinkPHP\Library\Think\Think.class.php 第 229 行.
NOTIC: [2] Cannot modify header information - headers already sent by (output started at D:\web\mmsh\ThinkPHP\Library\Think\App.class.php:124) D:\web\mmsh\ThinkPHP\Library\Think\Think.class.php 第 230 行.

[ 2017-03-18T16:45:29+08:00 ] 127.0.0.1 /mmsh/home/index/lib/bootstrap/js/bootstrap.min.js
INFO: [ app_init ] --START--
INFO: Run Behavior\BuildLiteBehavior [ RunTime:0.000052s ]
INFO: [ app_init ] --END-- [ RunTime:0.000765s ]
INFO: [ app_begin ] --START--
INFO: Run Behavior\ReadHtmlCacheBehavior [ RunTime:0.001397s ]
INFO: [ app_begin ] --END-- [ RunTime:0.001703s ]
ERR: 非法操作:lib
NOTIC: [2] Cannot modify header information - headers already sent by (output started at D:\web\mmsh\ThinkPHP\Library\Think\App.class.php:124) D:\web\mmsh\ThinkPHP\Library\Think\Think.class.php 第 229 行.
NOTIC: [2] Cannot modify header information - headers already sent by (output started at D:\web\mmsh\ThinkPHP\Library\Think\App.class.php:124) D:\web\mmsh\ThinkPHP\Library\Think\Think.class.php 第 230 行.

[ 2017-03-18T16:45:29+08:00 ] 127.0.0.1 /mmsh/home/index/css/app.css
INFO: [ app_init ] --START--
INFO: Run Behavior\BuildLiteBehavior [ RunTime:0.000054s ]
INFO: [ app_init ] --END-- [ RunTime:0.000714s ]
INFO: [ app_begin ] --START--
INFO: Run Behavior\ReadHtmlCacheBehavior [ RunTime:0.001189s ]
INFO: [ app_begin ] --END-- [ RunTime:0.001437s ]
ERR: 非法操作:css
NOTIC: [2] Cannot modify header information - headers already sent by (output started at D:\web\mmsh\ThinkPHP\Library\Think\App.class.php:124) D:\web\mmsh\ThinkPHP\Library\Think\Think.class.php 第 229 行.
NOTIC: [2] Cannot modify header information - headers already sent by (output started at D:\web\mmsh\ThinkPHP\Library\Think\App.class.php:124) D:\web\mmsh\ThinkPHP\Library\Think\Think.class.php 第 230 行.

[ 2017-03-18T16:45:29+08:00 ] 127.0.0.1 /mmsh/home/index/images/logo.jpg
INFO: [ app_init ] --START--
INFO: Run Behavior\BuildLiteBehavior [ RunTime:0.000041s ]
INFO: [ app_init ] --END-- [ RunTime:0.000523s ]

[ 2017-03-18T16:45:30+08:00 ] 127.0.0.1 /mmsh/home/index/images/qrcode.jpg
INFO: [ app_init ] --START--
INFO: Run Behavior\BuildLiteBehavior [ RunTime:0.000033s ]
INFO: [ app_init ] --END-- [ RunTime:0.000466s ]

[ 2017-03-18T16:45:30+08:00 ] 127.0.0.1 /mmsh/home/index/images/contactBg.jpg
INFO: [ app_init ] --START--
INFO: Run Behavior\BuildLiteBehavior [ RunTime:0.000057s ]
INFO: [ app_init ] --END-- [ RunTime:0.000672s ]

[ 2017-03-18T16:47:05+08:00 ] 127.0.0.1 /mmsh/home/index/message
INFO: [ app_init ] --START--
INFO: Run Behavior\BuildLiteBehavior [ RunTime:0.000031s ]
INFO: [ app_init ] --END-- [ RunTime:0.000540s ]
INFO: [ app_begin ] --START--
INFO: Run Behavior\ReadHtmlCacheBehavior [ RunTime:0.000679s ]
INFO: [ app_begin ] --END-- [ RunTime:0.000821s ]
INFO: [ view_parse ] --START--
INFO: [ template_filter ] --START--
INFO: Run Behavior\ContentReplaceBehavior [ RunTime:0.000107s ]
INFO: [ template_filter ] --END-- [ RunTime:0.000302s ]
INFO: Run Behavior\ParseTemplateBehavior [ RunTime:0.025073s ]
INFO: [ view_parse ] --END-- [ RunTime:0.025313s ]
INFO: [ view_filter ] --START--
INFO: Run Behavior\WriteHtmlCacheBehavior [ RunTime:0.000380s ]
INFO: [ view_filter ] --END-- [ RunTime:0.000510s ]
INFO: [ app_end ] --START--
INFO: Run Behavior\ShowPageTraceBehavior [ RunTime:0.001019s ]
INFO: [ app_end ] --END-- [ RunTime:0.001268s ]

[ 2017-03-18T16:47:06+08:00 ] 127.0.0.1 /mmsh/home/index/images/contactBg.jpg
INFO: [ app_init ] --START--
INFO: Run Behavior\BuildLiteBehavior [ RunTime:0.000054s ]
INFO: [ app_init ] --END-- [ RunTime:0.000637s ]

[ 2017-03-18T16:56:55+08:00 ] 127.0.0.1 /mmsh/home/index/about
INFO: [ app_init ] --START--
INFO: Run Behavior\BuildLiteBehavior [ RunTime:0.000036s ]
INFO: [ app_init ] --END-- [ RunTime:0.000587s ]
INFO: [ app_begin ] --START--
INFO: Run Behavior\ReadHtmlCacheBehavior [ RunTime:0.000526s ]
INFO: [ app_begin ] --END-- [ RunTime:0.000685s ]
INFO: [ view_parse ] --START--
INFO: [ template_filter ] --START--
INFO: Run Behavior\ContentReplaceBehavior [ RunTime:0.000112s ]
INFO: [ template_filter ] --END-- [ RunTime:0.000293s ]
INFO: Run Behavior\ParseTemplateBehavior [ RunTime:0.036647s ]
INFO: [ view_parse ] --END-- [ RunTime:0.036825s ]
INFO: [ view_filter ] --START--
INFO: Run Behavior\WriteHtmlCacheBehavior [ RunTime:0.000377s ]
INFO: [ view_filter ] --END-- [ RunTime:0.000523s ]
INFO: [ app_end ] --START--
INFO: Run Behavior\ShowPageTraceBehavior [ RunTime:0.000852s ]
INFO: [ app_end ] --END-- [ RunTime:0.001091s ]

[ 2017-03-18T16:56:55+08:00 ] 127.0.0.1 /mmsh/home/index/images/contactBg.jpg
INFO: [ app_init ] --START--
INFO: Run Behavior\BuildLiteBehavior [ RunTime:0.000052s ]
INFO: [ app_init ] --END-- [ RunTime:0.000854s ]

