<<<<<<< HEAD
[ 2017-03-25T19:08:20+08:00 ] 127.0.0.1 /mmsh/home/index/insider
INFO: [ app_init ] --START--
INFO: Run Behavior\BuildLiteBehavior [ RunTime:0.000061s ]
INFO: [ app_init ] --END-- [ RunTime:0.001130s ]
INFO: [ app_begin ] --START--
INFO: Run Behavior\ReadHtmlCacheBehavior [ RunTime:0.001533s ]
INFO: [ app_begin ] --END-- [ RunTime:0.001979s ]
INFO: [ view_parse ] --START--
INFO: [ template_filter ] --START--
INFO: Run Behavior\ContentReplaceBehavior [ RunTime:0.000157s ]
INFO: [ template_filter ] --END-- [ RunTime:0.001134s ]
INFO: Run Behavior\ParseTemplateBehavior [ RunTime:0.101328s ]
INFO: [ view_parse ] --END-- [ RunTime:0.101600s ]
INFO: [ view_filter ] --START--
INFO: Run Behavior\WriteHtmlCacheBehavior [ RunTime:0.001187s ]
INFO: [ view_filter ] --END-- [ RunTime:0.001423s ]
INFO: [ app_end ] --START--
INFO: Run Behavior\ShowPageTraceBehavior [ RunTime:0.001670s ]
INFO: [ app_end ] --END-- [ RunTime:0.022968s ]

[ 2017-03-25T19:08:20+08:00 ] 127.0.0.1 /mmsh/home/index/images/contactBg.jpg
INFO: [ app_init ] --START--
INFO: Run Behavior\BuildLiteBehavior [ RunTime:0.000149s ]
INFO: [ app_init ] --END-- [ RunTime:0.002547s ]
=======
[ 2017-03-25T15:18:04+08:00 ] ::1 /mmsh/index.php/Home/Index/dongtai
INFO: [ app_init ] --START--
INFO: Run Behavior\BuildLiteBehavior [ RunTime:0.000009s ]
INFO: [ app_init ] --END-- [ RunTime:0.001345s ]

[ 2017-03-25T15:25:10+08:00 ] ::1 /mmsh/index.php/Home/Index/dongtai
INFO: [ app_init ] --START--
INFO: Run Behavior\BuildLiteBehavior [ RunTime:0.000008s ]
INFO: [ app_init ] --END-- [ RunTime:0.000350s ]

[ 2017-03-25T15:25:13+08:00 ] ::1 /mmsh/index.php/Home/Index/contact
INFO: [ app_init ] --START--
INFO: Run Behavior\BuildLiteBehavior [ RunTime:0.000009s ]
INFO: [ app_init ] --END-- [ RunTime:0.000355s ]

[ 2017-03-25T15:25:19+08:00 ] ::1 /mmsh/index.php/Home/Index/message
INFO: [ app_init ] --START--
INFO: Run Behavior\BuildLiteBehavior [ RunTime:0.000009s ]
INFO: [ app_init ] --END-- [ RunTime:0.000302s ]

[ 2017-03-25T15:25:24+08:00 ] ::1 /mmsh/index.php/Home/Index/contact
INFO: [ app_init ] --START--
INFO: Run Behavior\BuildLiteBehavior [ RunTime:0.000009s ]
INFO: [ app_init ] --END-- [ RunTime:0.000294s ]

[ 2017-03-25T15:25:58+08:00 ] ::1 /mmsh/index.php/Home/Index/index.html
INFO: [ app_init ] --START--
INFO: Run Behavior\BuildLiteBehavior [ RunTime:0.000010s ]
INFO: [ app_init ] --END-- [ RunTime:0.000359s ]

[ 2017-03-25T15:26:20+08:00 ] ::1 /mmsh/index.php/Home/Index/info
INFO: [ app_init ] --START--
INFO: Run Behavior\BuildLiteBehavior [ RunTime:0.000012s ]
INFO: [ app_init ] --END-- [ RunTime:0.000416s ]

[ 2017-03-25T15:26:22+08:00 ] ::1 /mmsh/index.php/Home/Index/zhangcheng
INFO: [ app_init ] --START--
INFO: Run Behavior\BuildLiteBehavior [ RunTime:0.000010s ]
INFO: [ app_init ] --END-- [ RunTime:0.000326s ]

[ 2017-03-25T15:26:22+08:00 ] ::1 /mmsh/index.php/Home/Index/lib/bootstrap/js/index.js
INFO: [ app_init ] --START--
INFO: Run Behavior\BuildLiteBehavior [ RunTime:0.000016s ]
INFO: [ app_init ] --END-- [ RunTime:0.000476s ]
ERR: 非法操作:lib

[ 2017-03-25T15:26:23+08:00 ] ::1 /mmsh/index.php/Home/Index/lib/bootstrap/js/index.js
INFO: [ app_init ] --START--
INFO: Run Behavior\BuildLiteBehavior [ RunTime:0.000018s ]
INFO: [ app_init ] --END-- [ RunTime:0.000451s ]
ERR: 非法操作:lib

[ 2017-03-25T15:26:28+08:00 ] ::1 /mmsh/index.php/Home/Index/info_lingdao
INFO: [ app_init ] --START--
INFO: Run Behavior\BuildLiteBehavior [ RunTime:0.000010s ]
INFO: [ app_init ] --END-- [ RunTime:0.000357s ]

[ 2017-03-25T15:26:38+08:00 ] ::1 /mmsh/index.php/Home/Index/info_lingdao
INFO: [ app_init ] --START--
INFO: Run Behavior\BuildLiteBehavior [ RunTime:0.000009s ]
INFO: [ app_init ] --END-- [ RunTime:0.000357s ]

[ 2017-03-25T15:26:40+08:00 ] ::1 /mmsh/index.php/Home/Index/info
INFO: [ app_init ] --START--
INFO: Run Behavior\BuildLiteBehavior [ RunTime:0.000010s ]
INFO: [ app_init ] --END-- [ RunTime:0.000362s ]

[ 2017-03-25T15:26:48+08:00 ] ::1 /mmsh/index.php/Home/Index/info_lingdao
INFO: [ app_init ] --START--
INFO: Run Behavior\BuildLiteBehavior [ RunTime:0.000010s ]
INFO: [ app_init ] --END-- [ RunTime:0.000315s ]

[ 2017-03-25T15:26:59+08:00 ] ::1 /mmsh/index.php/Home/Index/zhangcheng
INFO: [ app_init ] --START--
INFO: Run Behavior\BuildLiteBehavior [ RunTime:0.000010s ]
INFO: [ app_init ] --END-- [ RunTime:0.000365s ]

[ 2017-03-25T15:26:59+08:00 ] ::1 /mmsh/index.php/Home/Index/lib/bootstrap/js/index.js
INFO: [ app_init ] --START--
INFO: Run Behavior\BuildLiteBehavior [ RunTime:0.000015s ]
INFO: [ app_init ] --END-- [ RunTime:0.000427s ]
ERR: 非法操作:lib

[ 2017-03-25T15:26:59+08:00 ] ::1 /mmsh/index.php/Home/Index/lib/bootstrap/js/index.js
INFO: [ app_init ] --START--
INFO: Run Behavior\BuildLiteBehavior [ RunTime:0.000013s ]
INFO: [ app_init ] --END-- [ RunTime:0.000472s ]
ERR: 非法操作:lib

[ 2017-03-25T15:27:07+08:00 ] ::1 /mmsh/index.php/Home/Index/zhangcheng
INFO: [ app_init ] --START--
INFO: Run Behavior\BuildLiteBehavior [ RunTime:0.000011s ]
INFO: [ app_init ] --END-- [ RunTime:0.000476s ]

[ 2017-03-25T15:27:07+08:00 ] ::1 /mmsh/index.php/Home/Index/lib/bootstrap/js/index.js
INFO: [ app_init ] --START--
INFO: Run Behavior\BuildLiteBehavior [ RunTime:0.000015s ]
INFO: [ app_init ] --END-- [ RunTime:0.000444s ]
ERR: 非法操作:lib

[ 2017-03-25T15:27:07+08:00 ] ::1 /mmsh/index.php/Home/Index/lib/bootstrap/js/index.js
INFO: [ app_init ] --START--
INFO: Run Behavior\BuildLiteBehavior [ RunTime:0.000029s ]
INFO: [ app_init ] --END-- [ RunTime:0.000459s ]
ERR: 非法操作:lib

[ 2017-03-25T15:27:35+08:00 ] ::1 /mmsh/index.php/Home/Index/contact
INFO: [ app_init ] --START--
INFO: Run Behavior\BuildLiteBehavior [ RunTime:0.000011s ]
INFO: [ app_init ] --END-- [ RunTime:0.000390s ]

[ 2017-03-25T15:34:13+08:00 ] ::1 /mmsh/index.php/Home/Index/dongtai
INFO: [ app_init ] --START--
INFO: Run Behavior\BuildLiteBehavior [ RunTime:0.000009s ]
INFO: [ app_init ] --END-- [ RunTime:0.000296s ]

[ 2017-03-25T17:11:37+08:00 ] ::1 /mmsh/index.php/Home/Index/gonggao.html
INFO: [ app_init ] --START--
INFO: Run Behavior\BuildLiteBehavior [ RunTime:0.000010s ]
INFO: [ app_init ] --END-- [ RunTime:0.000405s ]

[ 2017-03-25T17:11:40+08:00 ] ::1 /mmsh/index.php/Home/Index/index.html
INFO: [ app_init ] --START--
INFO: Run Behavior\BuildLiteBehavior [ RunTime:0.000008s ]
INFO: [ app_init ] --END-- [ RunTime:0.000284s ]

[ 2017-03-25T17:23:44+08:00 ] ::1 /mmsh/index.php/Home/Index/dongtai
INFO: [ app_init ] --START--
INFO: Run Behavior\BuildLiteBehavior [ RunTime:0.000009s ]
INFO: [ app_init ] --END-- [ RunTime:0.000388s ]

[ 2017-03-25T17:23:46+08:00 ] ::1 /mmsh/index.php/Home/Index/index.html
INFO: [ app_init ] --START--
INFO: Run Behavior\BuildLiteBehavior [ RunTime:0.000009s ]
INFO: [ app_init ] --END-- [ RunTime:0.000331s ]

[ 2017-03-25T17:23:50+08:00 ] ::1 /mmsh/index.php/Home/Index/info
INFO: [ app_init ] --START--
INFO: Run Behavior\BuildLiteBehavior [ RunTime:0.000012s ]
INFO: [ app_init ] --END-- [ RunTime:0.000441s ]

[ 2017-03-25T17:23:51+08:00 ] ::1 /mmsh/index.php/Home/Index/insider
INFO: [ app_init ] --START--
INFO: Run Behavior\BuildLiteBehavior [ RunTime:0.000009s ]
INFO: [ app_init ] --END-- [ RunTime:0.000358s ]

[ 2017-03-25T17:23:52+08:00 ] ::1 /mmsh/index.php/Home/Index/dongtai
INFO: [ app_init ] --START--
INFO: Run Behavior\BuildLiteBehavior [ RunTime:0.000011s ]
INFO: [ app_init ] --END-- [ RunTime:0.000324s ]

[ 2017-03-25T17:23:52+08:00 ] ::1 /mmsh/index.php/Home/Index/gonggao
INFO: [ app_init ] --START--
INFO: Run Behavior\BuildLiteBehavior [ RunTime:0.000009s ]
INFO: [ app_init ] --END-- [ RunTime:0.000357s ]

[ 2017-03-25T17:23:53+08:00 ] ::1 /mmsh/index.php/Home/Index/contact
INFO: [ app_init ] --START--
INFO: Run Behavior\BuildLiteBehavior [ RunTime:0.000010s ]
INFO: [ app_init ] --END-- [ RunTime:0.000359s ]

[ 2017-03-25T18:47:22+08:00 ] ::1 /mmsh/index.php/Home/Index/index.html
INFO: [ app_init ] --START--
INFO: Run Behavior\BuildLiteBehavior [ RunTime:0.000010s ]
INFO: [ app_init ] --END-- [ RunTime:0.000380s ]

[ 2017-03-25T18:47:36+08:00 ] ::1 /mmsh/index.php/Home/Index/insider
INFO: [ app_init ] --START--
INFO: Run Behavior\BuildLiteBehavior [ RunTime:0.000010s ]
INFO: [ app_init ] --END-- [ RunTime:0.000363s ]

[ 2017-03-25T18:47:38+08:00 ] ::1 /mmsh/index.php/Home/Index/dongtai
INFO: [ app_init ] --START--
INFO: Run Behavior\BuildLiteBehavior [ RunTime:0.000009s ]
INFO: [ app_init ] --END-- [ RunTime:0.000357s ]

[ 2017-03-25T18:47:40+08:00 ] ::1 /mmsh/index.php/Home/Index/dongtai/id/7
INFO: [ app_init ] --START--
INFO: Run Behavior\BuildLiteBehavior [ RunTime:0.000009s ]
INFO: [ app_init ] --END-- [ RunTime:0.000351s ]

[ 2017-03-25T18:47:41+08:00 ] ::1 /mmsh/index.php/Home/Index/dongtaiX/id/29
INFO: [ app_init ] --START--
INFO: Run Behavior\BuildLiteBehavior [ RunTime:0.000009s ]
INFO: [ app_init ] --END-- [ RunTime:0.000353s ]

[ 2017-03-25T18:47:44+08:00 ] ::1 /mmsh/index.php/Home/Index/gonggao
INFO: [ app_init ] --START--
INFO: Run Behavior\BuildLiteBehavior [ RunTime:0.000009s ]
INFO: [ app_init ] --END-- [ RunTime:0.000367s ]

[ 2017-03-25T18:47:46+08:00 ] ::1 /mmsh/index.php/Home/Index/gonggao/id/5
INFO: [ app_init ] --START--
INFO: Run Behavior\BuildLiteBehavior [ RunTime:0.000010s ]
INFO: [ app_init ] --END-- [ RunTime:0.000362s ]

[ 2017-03-25T18:47:48+08:00 ] ::1 /mmsh/index.php/Home/Index/index.html
INFO: [ app_init ] --START--
INFO: Run Behavior\BuildLiteBehavior [ RunTime:0.000010s ]
INFO: [ app_init ] --END-- [ RunTime:0.000352s ]

[ 2017-03-25T18:47:48+08:00 ] ::1 /mmsh/index.php/Home/Index/info
INFO: [ app_init ] --START--
INFO: Run Behavior\BuildLiteBehavior [ RunTime:0.000010s ]
INFO: [ app_init ] --END-- [ RunTime:0.000360s ]

[ 2017-03-25T18:47:58+08:00 ] ::1 /mmsh/index.php/Home/Index/index.html
INFO: [ app_init ] --START--
INFO: Run Behavior\BuildLiteBehavior [ RunTime:0.000010s ]
INFO: [ app_init ] --END-- [ RunTime:0.000284s ]

[ 2017-03-25T18:48:09+08:00 ] ::1 /mmsh/index.php/Home/Index/info
INFO: [ app_init ] --START--
INFO: Run Behavior\BuildLiteBehavior [ RunTime:0.000011s ]
INFO: [ app_init ] --END-- [ RunTime:0.000382s ]

[ 2017-03-25T18:48:15+08:00 ] ::1 /mmsh/index.php/Home/Index/info_lingdao
INFO: [ app_init ] --START--
INFO: Run Behavior\BuildLiteBehavior [ RunTime:0.000031s ]
INFO: [ app_init ] --END-- [ RunTime:0.001251s ]

[ 2017-03-25T18:48:19+08:00 ] ::1 /mmsh/index.php/Home/Index/index.html
INFO: [ app_init ] --START--
INFO: Run Behavior\BuildLiteBehavior [ RunTime:0.000008s ]
INFO: [ app_init ] --END-- [ RunTime:0.000286s ]

[ 2017-03-25T18:48:28+08:00 ] ::1 /mmsh/index.php/Home/Index/dongtaiX/id/29.html
INFO: [ app_init ] --START--
INFO: Run Behavior\BuildLiteBehavior [ RunTime:0.000030s ]
INFO: [ app_init ] --END-- [ RunTime:0.000418s ]

[ 2017-03-25T18:48:58+08:00 ] ::1 /mmsh/index.php/Home/Index/index.html
INFO: [ app_init ] --START--
INFO: Run Behavior\BuildLiteBehavior [ RunTime:0.000010s ]
INFO: [ app_init ] --END-- [ RunTime:0.000358s ]

[ 2017-03-25T18:52:07+08:00 ] ::1 /mmsh/index.php/Home/Index/dongtaiX/id/27.html
INFO: [ app_init ] --START--
INFO: Run Behavior\BuildLiteBehavior [ RunTime:0.000012s ]
INFO: [ app_init ] --END-- [ RunTime:0.000428s ]

[ 2017-03-25T18:52:14+08:00 ] ::1 /mmsh/index.php/Home/Index/dongtai/id/8
INFO: [ app_init ] --START--
INFO: Run Behavior\BuildLiteBehavior [ RunTime:0.000009s ]
INFO: [ app_init ] --END-- [ RunTime:0.000282s ]

[ 2017-03-25T18:52:16+08:00 ] ::1 /mmsh/index.php/Home/Index/dongtaiX/id/44
INFO: [ app_init ] --START--
INFO: Run Behavior\BuildLiteBehavior [ RunTime:0.000009s ]
INFO: [ app_init ] --END-- [ RunTime:0.000363s ]

[ 2017-03-25T18:52:39+08:00 ] ::1 /mmsh/index.php/Home/Index/dongtai
INFO: [ app_init ] --START--
INFO: Run Behavior\BuildLiteBehavior [ RunTime:0.000009s ]
INFO: [ app_init ] --END-- [ RunTime:0.000319s ]

[ 2017-03-25T18:52:51+08:00 ] ::1 /mmsh/index.php/Home/Index/info
INFO: [ app_init ] --START--
INFO: Run Behavior\BuildLiteBehavior [ RunTime:0.000010s ]
INFO: [ app_init ] --END-- [ RunTime:0.000364s ]

[ 2017-03-25T18:52:57+08:00 ] ::1 /mmsh/index.php/Home/Index/info
INFO: [ app_init ] --START--
INFO: Run Behavior\BuildLiteBehavior [ RunTime:0.000009s ]
INFO: [ app_init ] --END-- [ RunTime:0.000288s ]

[ 2017-03-25T18:52:59+08:00 ] ::1 /mmsh/index.php/Home/Index/info_lingdao
INFO: [ app_init ] --START--
INFO: Run Behavior\BuildLiteBehavior [ RunTime:0.000020s ]
INFO: [ app_init ] --END-- [ RunTime:0.000759s ]

[ 2017-03-25T18:53:05+08:00 ] ::1 /mmsh/index.php/Home/Index/zhangcheng
INFO: [ app_init ] --START--
INFO: Run Behavior\BuildLiteBehavior [ RunTime:0.000010s ]
INFO: [ app_init ] --END-- [ RunTime:0.000298s ]

[ 2017-03-25T18:53:05+08:00 ] ::1 /mmsh/index.php/Home/Index/lib/bootstrap/js/index.js
INFO: [ app_init ] --START--
INFO: Run Behavior\BuildLiteBehavior [ RunTime:0.000017s ]
INFO: [ app_init ] --END-- [ RunTime:0.000616s ]
ERR: 非法操作:lib

[ 2017-03-25T18:53:05+08:00 ] ::1 /mmsh/index.php/Home/Index/lib/bootstrap/js/index.js
INFO: [ app_init ] --START--
INFO: Run Behavior\BuildLiteBehavior [ RunTime:0.000012s ]
INFO: [ app_init ] --END-- [ RunTime:0.000326s ]
ERR: 非法操作:lib

[ 2017-03-25T18:53:11+08:00 ] ::1 /mmsh/index.php/Home/Index/zhangcheng
INFO: [ app_init ] --START--
INFO: Run Behavior\BuildLiteBehavior [ RunTime:0.000010s ]
INFO: [ app_init ] --END-- [ RunTime:0.000302s ]

[ 2017-03-25T18:53:11+08:00 ] ::1 /mmsh/index.php/Home/Index/lib/bootstrap/js/index.js
INFO: [ app_init ] --START--
INFO: Run Behavior\BuildLiteBehavior [ RunTime:0.000017s ]
INFO: [ app_init ] --END-- [ RunTime:0.000528s ]
ERR: 非法操作:lib

[ 2017-03-25T18:53:11+08:00 ] ::1 /mmsh/index.php/Home/Index/lib/bootstrap/js/index.js
INFO: [ app_init ] --START--
INFO: Run Behavior\BuildLiteBehavior [ RunTime:0.000009s ]
INFO: [ app_init ] --END-- [ RunTime:0.000285s ]
ERR: 非法操作:lib

[ 2017-03-25T18:53:19+08:00 ] ::1 /mmsh/index.php/Home/Index/info
INFO: [ app_init ] --START--
INFO: Run Behavior\BuildLiteBehavior [ RunTime:0.000009s ]
INFO: [ app_init ] --END-- [ RunTime:0.000288s ]

[ 2017-03-25T18:53:27+08:00 ] ::1 /mmsh/index.php/Home/Index/info_shjg
INFO: [ app_init ] --START--
INFO: Run Behavior\BuildLiteBehavior [ RunTime:0.000009s ]
INFO: [ app_init ] --END-- [ RunTime:0.000360s ]

[ 2017-03-25T18:54:10+08:00 ] ::1 /mmsh/index.php/Home/Index/info
INFO: [ app_init ] --START--
INFO: Run Behavior\BuildLiteBehavior [ RunTime:0.000010s ]
INFO: [ app_init ] --END-- [ RunTime:0.000383s ]

[ 2017-03-25T18:54:14+08:00 ] ::1 /mmsh/index.php/Home/Index/info_shjg
INFO: [ app_init ] --START--
INFO: Run Behavior\BuildLiteBehavior [ RunTime:0.000009s ]
INFO: [ app_init ] --END-- [ RunTime:0.000356s ]

[ 2017-03-25T18:54:18+08:00 ] ::1 /mmsh/index.php/Home/Index/info
INFO: [ app_init ] --START--
INFO: Run Behavior\BuildLiteBehavior [ RunTime:0.000009s ]
INFO: [ app_init ] --END-- [ RunTime:0.000354s ]

[ 2017-03-25T21:07:35+08:00 ] ::1 /mmsh/index.php/Home/Index/dongtai
INFO: [ app_init ] --START--
INFO: Run Behavior\BuildLiteBehavior [ RunTime:0.000016s ]
INFO: [ app_init ] --END-- [ RunTime:0.000364s ]

[ 2017-03-25T21:07:36+08:00 ] ::1 /mmsh/index.php/Home/Index/info
INFO: [ app_init ] --START--
INFO: Run Behavior\BuildLiteBehavior [ RunTime:0.000010s ]
INFO: [ app_init ] --END-- [ RunTime:0.000389s ]

[ 2017-03-25T21:09:04+08:00 ] ::1 /mmsh/index.php/Home/Index/info
INFO: [ app_init ] --START--
INFO: Run Behavior\BuildLiteBehavior [ RunTime:0.000010s ]
INFO: [ app_init ] --END-- [ RunTime:0.000382s ]

[ 2017-03-25T21:09:06+08:00 ] ::1 /mmsh/index.php/Home/Index/info_lingdao
INFO: [ app_init ] --START--
INFO: Run Behavior\BuildLiteBehavior [ RunTime:0.000009s ]
INFO: [ app_init ] --END-- [ RunTime:0.000359s ]

[ 2017-03-25T21:20:12+08:00 ] ::1 /mmsh/index.php/Home/Index/index.html
INFO: [ app_init ] --START--
INFO: Run Behavior\BuildLiteBehavior [ RunTime:0.000010s ]
INFO: [ app_init ] --END-- [ RunTime:0.000395s ]

[ 2017-03-25T21:22:28+08:00 ] ::1 /mmsh/index.php/Home/Index/index.html
INFO: [ app_init ] --START--
INFO: Run Behavior\BuildLiteBehavior [ RunTime:0.000019s ]
INFO: [ app_init ] --END-- [ RunTime:0.000613s ]

[ 2017-03-25T21:22:33+08:00 ] ::1 /mmsh/index.php/Home/Index/insider
INFO: [ app_init ] --START--
INFO: Run Behavior\BuildLiteBehavior [ RunTime:0.000015s ]
INFO: [ app_init ] --END-- [ RunTime:0.000486s ]

[ 2017-03-25T21:23:58+08:00 ] ::1 /mmsh/index.php/Home/Index/index.html
INFO: [ app_init ] --START--
INFO: Run Behavior\BuildLiteBehavior [ RunTime:0.000011s ]
INFO: [ app_init ] --END-- [ RunTime:0.000436s ]

[ 2017-03-25T21:24:04+08:00 ] ::1 /mmsh/index.php/Home/Index/insider
INFO: [ app_init ] --START--
INFO: Run Behavior\BuildLiteBehavior [ RunTime:0.000011s ]
INFO: [ app_init ] --END-- [ RunTime:0.000388s ]

[ 2017-03-25T21:24:06+08:00 ] ::1 /mmsh/index.php/Home/Index/insider/id/4
INFO: [ app_init ] --START--
INFO: Run Behavior\BuildLiteBehavior [ RunTime:0.000010s ]
INFO: [ app_init ] --END-- [ RunTime:0.000359s ]

[ 2017-03-25T21:24:09+08:00 ] ::1 /mmsh/index.php/Home/Index/dongtai
INFO: [ app_init ] --START--
INFO: Run Behavior\BuildLiteBehavior [ RunTime:0.000010s ]
INFO: [ app_init ] --END-- [ RunTime:0.000312s ]

[ 2017-03-25T21:24:12+08:00 ] ::1 /mmsh/index.php/Home/Index/insider
INFO: [ app_init ] --START--
INFO: Run Behavior\BuildLiteBehavior [ RunTime:0.000010s ]
INFO: [ app_init ] --END-- [ RunTime:0.000364s ]

[ 2017-03-25T21:24:44+08:00 ] ::1 /mmsh/index.php/Home/Index/insider/id/4
INFO: [ app_init ] --START--
INFO: Run Behavior\BuildLiteBehavior [ RunTime:0.000012s ]
INFO: [ app_init ] --END-- [ RunTime:0.000357s ]

[ 2017-03-25T21:24:46+08:00 ] ::1 /mmsh/index.php/Home/Index/insider
INFO: [ app_init ] --START--
INFO: Run Behavior\BuildLiteBehavior [ RunTime:0.000014s ]
INFO: [ app_init ] --END-- [ RunTime:0.000402s ]

[ 2017-03-25T21:24:47+08:00 ] ::1 /mmsh/index.php/Home/Index/dongtai
INFO: [ app_init ] --START--
INFO: Run Behavior\BuildLiteBehavior [ RunTime:0.000011s ]
INFO: [ app_init ] --END-- [ RunTime:0.000367s ]

[ 2017-03-25T21:24:48+08:00 ] ::1 /mmsh/index.php/Home/Index/dongtaiX/id/37
INFO: [ app_init ] --START--
INFO: Run Behavior\BuildLiteBehavior [ RunTime:0.000012s ]
INFO: [ app_init ] --END-- [ RunTime:0.000395s ]

[ 2017-03-25T21:24:53+08:00 ] ::1 /mmsh/index.php/Home/Index/gonggao
INFO: [ app_init ] --START--
INFO: Run Behavior\BuildLiteBehavior [ RunTime:0.000010s ]
INFO: [ app_init ] --END-- [ RunTime:0.000315s ]

[ 2017-03-25T21:24:54+08:00 ] ::1 /mmsh/index.php/Home/Index/content/id/1
INFO: [ app_init ] --START--
INFO: Run Behavior\BuildLiteBehavior [ RunTime:0.000015s ]
INFO: [ app_init ] --END-- [ RunTime:0.000368s ]

[ 2017-03-25T21:24:59+08:00 ] ::1 /mmsh/index.php/Home/Index/gonggao/id/5
INFO: [ app_init ] --START--
INFO: Run Behavior\BuildLiteBehavior [ RunTime:0.000014s ]
INFO: [ app_init ] --END-- [ RunTime:0.000374s ]

[ 2017-03-25T21:25:00+08:00 ] ::1 /mmsh/index.php/Home/Index/content/id/2
INFO: [ app_init ] --START--
INFO: Run Behavior\BuildLiteBehavior [ RunTime:0.000009s ]
INFO: [ app_init ] --END-- [ RunTime:0.000360s ]

[ 2017-03-25T21:25:02+08:00 ] ::1 /mmsh/index.php/Home/Index/dongtai
INFO: [ app_init ] --START--
INFO: Run Behavior\BuildLiteBehavior [ RunTime:0.000010s ]
INFO: [ app_init ] --END-- [ RunTime:0.000359s ]

[ 2017-03-25T21:25:04+08:00 ] ::1 /mmsh/index.php/Home/Index/dongtai/id/8
INFO: [ app_init ] --START--
INFO: Run Behavior\BuildLiteBehavior [ RunTime:0.000010s ]
INFO: [ app_init ] --END-- [ RunTime:0.000379s ]

[ 2017-03-25T21:25:05+08:00 ] ::1 /mmsh/index.php/Home/Index/dongtaiX/id/44
INFO: [ app_init ] --START--
INFO: Run Behavior\BuildLiteBehavior [ RunTime:0.000014s ]
INFO: [ app_init ] --END-- [ RunTime:0.000336s ]

[ 2017-03-25T21:25:35+08:00 ] ::1 /mmsh/index.php/Home/Index/insider
INFO: [ app_init ] --START--
INFO: Run Behavior\BuildLiteBehavior [ RunTime:0.000015s ]
INFO: [ app_init ] --END-- [ RunTime:0.001026s ]

[ 2017-03-25T21:25:56+08:00 ] ::1 /mmsh/index.php/Home/Index/insider_cont/id/3
INFO: [ app_init ] --START--
INFO: Run Behavior\BuildLiteBehavior [ RunTime:0.000008s ]
INFO: [ app_init ] --END-- [ RunTime:0.000354s ]

[ 2017-03-25T21:25:59+08:00 ] ::1 /mmsh/index.php/Home/Index/insider/id/4
INFO: [ app_init ] --START--
INFO: Run Behavior\BuildLiteBehavior [ RunTime:0.000009s ]
INFO: [ app_init ] --END-- [ RunTime:0.000277s ]

[ 2017-03-25T21:26:01+08:00 ] ::1 /mmsh/index.php/Home/Index/dongtai
INFO: [ app_init ] --START--
INFO: Run Behavior\BuildLiteBehavior [ RunTime:0.000011s ]
INFO: [ app_init ] --END-- [ RunTime:0.000367s ]

[ 2017-03-25T21:26:02+08:00 ] ::1 /mmsh/index.php/Home/Index/gonggao
INFO: [ app_init ] --START--
INFO: Run Behavior\BuildLiteBehavior [ RunTime:0.000011s ]
INFO: [ app_init ] --END-- [ RunTime:0.000364s ]

[ 2017-03-25T21:26:05+08:00 ] ::1 /mmsh/index.php/Home/Index/dongtai
INFO: [ app_init ] --START--
INFO: Run Behavior\BuildLiteBehavior [ RunTime:0.000011s ]
INFO: [ app_init ] --END-- [ RunTime:0.000380s ]

[ 2017-03-25T21:26:07+08:00 ] ::1 /mmsh/index.php/Home/Index/dongtaiX/id/42
INFO: [ app_init ] --START--
INFO: Run Behavior\BuildLiteBehavior [ RunTime:0.000009s ]
INFO: [ app_init ] --END-- [ RunTime:0.000377s ]

[ 2017-03-25T21:28:13+08:00 ] ::1 /mmsh/index.php/Home/Index/dongtai
INFO: [ app_init ] --START--
INFO: Run Behavior\BuildLiteBehavior [ RunTime:0.000011s ]
INFO: [ app_init ] --END-- [ RunTime:0.000366s ]

[ 2017-03-25T21:28:15+08:00 ] ::1 /mmsh/index.php/Home/Index/gonggao
INFO: [ app_init ] --START--
INFO: Run Behavior\BuildLiteBehavior [ RunTime:0.000010s ]
INFO: [ app_init ] --END-- [ RunTime:0.000398s ]

[ 2017-03-25T21:28:16+08:00 ] ::1 /mmsh/index.php/Home/Index/content/id/1
INFO: [ app_init ] --START--
INFO: Run Behavior\BuildLiteBehavior [ RunTime:0.000010s ]
INFO: [ app_init ] --END-- [ RunTime:0.000369s ]

[ 2017-03-25T21:28:18+08:00 ] ::1 /mmsh/index.php/Home/Index/dongtai
INFO: [ app_init ] --START--
INFO: Run Behavior\BuildLiteBehavior [ RunTime:0.000011s ]
INFO: [ app_init ] --END-- [ RunTime:0.000399s ]

[ 2017-03-25T21:28:20+08:00 ] ::1 /mmsh/index.php/Home/Index/gonggao
INFO: [ app_init ] --START--
INFO: Run Behavior\BuildLiteBehavior [ RunTime:0.000008s ]
INFO: [ app_init ] --END-- [ RunTime:0.000356s ]

[ 2017-03-25T21:28:22+08:00 ] ::1 /mmsh/index.php/Home/Index/insider
INFO: [ app_init ] --START--
INFO: Run Behavior\BuildLiteBehavior [ RunTime:0.000015s ]
INFO: [ app_init ] --END-- [ RunTime:0.000445s ]

[ 2017-03-25T21:28:23+08:00 ] ::1 /mmsh/index.php/Home/Index/dongtai
INFO: [ app_init ] --START--
INFO: Run Behavior\BuildLiteBehavior [ RunTime:0.000010s ]
INFO: [ app_init ] --END-- [ RunTime:0.000359s ]

[ 2017-03-25T21:28:24+08:00 ] ::1 /mmsh/index.php/Home/Index/gonggao
INFO: [ app_init ] --START--
INFO: Run Behavior\BuildLiteBehavior [ RunTime:0.000011s ]
INFO: [ app_init ] --END-- [ RunTime:0.000373s ]

[ 2017-03-25T21:28:27+08:00 ] ::1 /mmsh/index.php/Home/Index/insider
INFO: [ app_init ] --START--
INFO: Run Behavior\BuildLiteBehavior [ RunTime:0.000010s ]
INFO: [ app_init ] --END-- [ RunTime:0.000316s ]

[ 2017-03-25T21:28:54+08:00 ] ::1 /mmsh/index.php/Home/Index/dongtai
INFO: [ app_init ] --START--
INFO: Run Behavior\BuildLiteBehavior [ RunTime:0.000009s ]
INFO: [ app_init ] --END-- [ RunTime:0.000292s ]

[ 2017-03-25T21:29:16+08:00 ] ::1 /mmsh/index.php/Home/Index/insider
INFO: [ app_init ] --START--
INFO: Run Behavior\BuildLiteBehavior [ RunTime:0.000009s ]
INFO: [ app_init ] --END-- [ RunTime:0.000290s ]

[ 2017-03-25T21:29:18+08:00 ] ::1 /mmsh/index.php/Home/Index/insider_cont/id/3
INFO: [ app_init ] --START--
INFO: Run Behavior\BuildLiteBehavior [ RunTime:0.000009s ]
INFO: [ app_init ] --END-- [ RunTime:0.000351s ]

[ 2017-03-25T21:29:20+08:00 ] ::1 /mmsh/index.php/Home/Index/dongtai
INFO: [ app_init ] --START--
INFO: Run Behavior\BuildLiteBehavior [ RunTime:0.000014s ]
INFO: [ app_init ] --END-- [ RunTime:0.000437s ]

[ 2017-03-25T21:29:22+08:00 ] ::1 /mmsh/index.php/Home/Index/dongtaiX/id/37
INFO: [ app_init ] --START--
INFO: Run Behavior\BuildLiteBehavior [ RunTime:0.000014s ]
INFO: [ app_init ] --END-- [ RunTime:0.000386s ]

[ 2017-03-25T21:29:45+08:00 ] ::1 /mmsh/index.php/Home/Index/insider
INFO: [ app_init ] --START--
INFO: Run Behavior\BuildLiteBehavior [ RunTime:0.000011s ]
INFO: [ app_init ] --END-- [ RunTime:0.000376s ]

[ 2017-03-25T21:29:48+08:00 ] ::1 /mmsh/index.php/Home/Index/insider_cont/id/3
INFO: [ app_init ] --START--
INFO: Run Behavior\BuildLiteBehavior [ RunTime:0.000011s ]
INFO: [ app_init ] --END-- [ RunTime:0.000343s ]

[ 2017-03-25T21:29:52+08:00 ] ::1 /mmsh/index.php/Home/Index/dongtai
INFO: [ app_init ] --START--
INFO: Run Behavior\BuildLiteBehavior [ RunTime:0.000010s ]
INFO: [ app_init ] --END-- [ RunTime:0.000345s ]

[ 2017-03-25T21:30:11+08:00 ] ::1 /mmsh/index.php/Home/Index/gonggao
INFO: [ app_init ] --START--
INFO: Run Behavior\BuildLiteBehavior [ RunTime:0.000011s ]
INFO: [ app_init ] --END-- [ RunTime:0.000360s ]

[ 2017-03-25T21:30:11+08:00 ] ::1 /mmsh/index.php/Home/Index/dongtai
INFO: [ app_init ] --START--
INFO: Run Behavior\BuildLiteBehavior [ RunTime:0.000010s ]
INFO: [ app_init ] --END-- [ RunTime:0.000359s ]

[ 2017-03-25T21:30:12+08:00 ] ::1 /mmsh/index.php/Home/Index/insider
INFO: [ app_init ] --START--
INFO: Run Behavior\BuildLiteBehavior [ RunTime:0.000010s ]
INFO: [ app_init ] --END-- [ RunTime:0.000356s ]

[ 2017-03-25T21:30:14+08:00 ] ::1 /mmsh/index.php/Home/Index/insider
INFO: [ app_init ] --START--
INFO: Run Behavior\BuildLiteBehavior [ RunTime:0.000010s ]
INFO: [ app_init ] --END-- [ RunTime:0.000383s ]

[ 2017-03-25T21:30:16+08:00 ] ::1 /mmsh/index.php/Home/Index/insider/id/4
INFO: [ app_init ] --START--
INFO: Run Behavior\BuildLiteBehavior [ RunTime:0.000009s ]
INFO: [ app_init ] --END-- [ RunTime:0.000288s ]

[ 2017-03-25T21:30:18+08:00 ] ::1 /mmsh/index.php/Home/Index/index.html
INFO: [ app_init ] --START--
INFO: Run Behavior\BuildLiteBehavior [ RunTime:0.000013s ]
INFO: [ app_init ] --END-- [ RunTime:0.000392s ]

[ 2017-03-25T21:35:22+08:00 ] ::1 /mmsh/index.php/Home/Index/insider
INFO: [ app_init ] --START--
INFO: Run Behavior\BuildLiteBehavior [ RunTime:0.000013s ]
INFO: [ app_init ] --END-- [ RunTime:0.000434s ]

[ 2017-03-25T21:35:24+08:00 ] ::1 /mmsh/index.php/Home/Index/insider_cont/id/4
INFO: [ app_init ] --START--
INFO: Run Behavior\BuildLiteBehavior [ RunTime:0.000009s ]
INFO: [ app_init ] --END-- [ RunTime:0.000353s ]

[ 2017-03-25T21:35:26+08:00 ] ::1 /mmsh/index.php/Home/Index/dongtai
INFO: [ app_init ] --START--
INFO: Run Behavior\BuildLiteBehavior [ RunTime:0.000011s ]
INFO: [ app_init ] --END-- [ RunTime:0.000490s ]

[ 2017-03-25T21:35:28+08:00 ] ::1 /mmsh/index.php/Home/Index/dongtaiX/id/42
INFO: [ app_init ] --START--
INFO: Run Behavior\BuildLiteBehavior [ RunTime:0.000011s ]
INFO: [ app_init ] --END-- [ RunTime:0.000370s ]

[ 2017-03-25T21:35:31+08:00 ] ::1 /mmsh/index.php/Home/Index/dongtai/id/7
INFO: [ app_init ] --START--
INFO: Run Behavior\BuildLiteBehavior [ RunTime:0.000012s ]
INFO: [ app_init ] --END-- [ RunTime:0.000411s ]

[ 2017-03-25T21:35:33+08:00 ] ::1 /mmsh/index.php/Home/Index/dongtaiX/id/27
INFO: [ app_init ] --START--
INFO: Run Behavior\BuildLiteBehavior [ RunTime:0.000009s ]
INFO: [ app_init ] --END-- [ RunTime:0.000356s ]

[ 2017-03-25T21:35:35+08:00 ] ::1 /mmsh/index.php/Home/Index/insider
INFO: [ app_init ] --START--
INFO: Run Behavior\BuildLiteBehavior [ RunTime:0.000009s ]
INFO: [ app_init ] --END-- [ RunTime:0.000363s ]

[ 2017-03-25T21:35:37+08:00 ] ::1 /mmsh/index.php/Home/Index/gonggao
INFO: [ app_init ] --START--
INFO: Run Behavior\BuildLiteBehavior [ RunTime:0.000021s ]
INFO: [ app_init ] --END-- [ RunTime:0.000492s ]

[ 2017-03-25T21:35:38+08:00 ] ::1 /mmsh/index.php/Home/Index/dongtai
INFO: [ app_init ] --START--
INFO: Run Behavior\BuildLiteBehavior [ RunTime:0.000008s ]
INFO: [ app_init ] --END-- [ RunTime:0.000356s ]

[ 2017-03-25T21:35:39+08:00 ] ::1 /mmsh/index.php/Home/Index/insider
INFO: [ app_init ] --START--
INFO: Run Behavior\BuildLiteBehavior [ RunTime:0.000016s ]
INFO: [ app_init ] --END-- [ RunTime:0.000496s ]

[ 2017-03-25T21:35:40+08:00 ] ::1 /mmsh/index.php/Home/Index/gonggao
INFO: [ app_init ] --START--
INFO: Run Behavior\BuildLiteBehavior [ RunTime:0.000011s ]
INFO: [ app_init ] --END-- [ RunTime:0.000369s ]

[ 2017-03-25T21:35:42+08:00 ] ::1 /mmsh/index.php/Home/Index/content/id/1
INFO: [ app_init ] --START--
INFO: Run Behavior\BuildLiteBehavior [ RunTime:0.000009s ]
INFO: [ app_init ] --END-- [ RunTime:0.000287s ]

[ 2017-03-25T21:35:48+08:00 ] ::1 /mmsh/index.php/Home/Index/dongtai
INFO: [ app_init ] --START--
INFO: Run Behavior\BuildLiteBehavior [ RunTime:0.000009s ]
INFO: [ app_init ] --END-- [ RunTime:0.000375s ]

[ 2017-03-25T21:35:51+08:00 ] ::1 /mmsh/index.php/Home/Index/dongtaiX/id/42
INFO: [ app_init ] --START--
INFO: Run Behavior\BuildLiteBehavior [ RunTime:0.000015s ]
INFO: [ app_init ] --END-- [ RunTime:0.000546s ]

[ 2017-03-25T21:35:53+08:00 ] ::1 /mmsh/index.php/Home/Index/gonggao
INFO: [ app_init ] --START--
INFO: Run Behavior\BuildLiteBehavior [ RunTime:0.000011s ]
INFO: [ app_init ] --END-- [ RunTime:0.000375s ]

[ 2017-03-25T21:35:55+08:00 ] ::1 /mmsh/index.php/Home/Index/content/id/1
INFO: [ app_init ] --START--
INFO: Run Behavior\BuildLiteBehavior [ RunTime:0.000010s ]
INFO: [ app_init ] --END-- [ RunTime:0.000390s ]

[ 2017-03-25T21:35:56+08:00 ] ::1 /mmsh/index.php/Home/Index/insider
INFO: [ app_init ] --START--
INFO: Run Behavior\BuildLiteBehavior [ RunTime:0.000010s ]
INFO: [ app_init ] --END-- [ RunTime:0.000376s ]

[ 2017-03-25T21:35:57+08:00 ] ::1 /mmsh/index.php/Home/Index/insider/id/4
INFO: [ app_init ] --START--
INFO: Run Behavior\BuildLiteBehavior [ RunTime:0.000009s ]
INFO: [ app_init ] --END-- [ RunTime:0.000353s ]

[ 2017-03-25T21:35:58+08:00 ] ::1 /mmsh/index.php/Home/Index/insider_cont/id/2
INFO: [ app_init ] --START--
INFO: Run Behavior\BuildLiteBehavior [ RunTime:0.000010s ]
INFO: [ app_init ] --END-- [ RunTime:0.000387s ]

[ 2017-03-25T21:37:20+08:00 ] ::1 /mmsh/index.php/Home/Index/info
INFO: [ app_init ] --START--
INFO: Run Behavior\BuildLiteBehavior [ RunTime:0.000017s ]
INFO: [ app_init ] --END-- [ RunTime:0.000484s ]

[ 2017-03-25T21:37:21+08:00 ] ::1 /mmsh/index.php/Home/Index/insider
INFO: [ app_init ] --START--
INFO: Run Behavior\BuildLiteBehavior [ RunTime:0.000009s ]
INFO: [ app_init ] --END-- [ RunTime:0.000357s ]

[ 2017-03-25T21:37:52+08:00 ] ::1 /mmsh/index.php/Home/Index/insider_cont/id/3
INFO: [ app_init ] --START--
INFO: Run Behavior\BuildLiteBehavior [ RunTime:0.000009s ]
INFO: [ app_init ] --END-- [ RunTime:0.000354s ]

[ 2017-03-25T21:38:26+08:00 ] ::1 /mmsh/index.php/Home/Index/insider_cont.html/id/3
INFO: [ app_init ] --START--
INFO: Run Behavior\BuildLiteBehavior [ RunTime:0.000009s ]
INFO: [ app_init ] --END-- [ RunTime:0.000291s ]
ERR: 非法操作:insider_cont.html

[ 2017-03-25T21:38:39+08:00 ] ::1 /mmsh/index.php/Home/Index/insider_cont/id/3.html
INFO: [ app_init ] --START--
INFO: Run Behavior\BuildLiteBehavior [ RunTime:0.000012s ]
INFO: [ app_init ] --END-- [ RunTime:0.000347s ]

[ 2017-03-25T21:39:04+08:00 ] ::1 /mmsh/index.php/Home/Index/dongtai
INFO: [ app_init ] --START--
INFO: Run Behavior\BuildLiteBehavior [ RunTime:0.000008s ]
INFO: [ app_init ] --END-- [ RunTime:0.000353s ]

[ 2017-03-25T21:39:06+08:00 ] ::1 /mmsh/index.php/Home/Index/dongtaiX/id/42
INFO: [ app_init ] --START--
INFO: Run Behavior\BuildLiteBehavior [ RunTime:0.000012s ]
INFO: [ app_init ] --END-- [ RunTime:0.000395s ]

[ 2017-03-25T21:39:25+08:00 ] ::1 /mmsh/index.php/Home/Index/gonggao
INFO: [ app_init ] --START--
INFO: Run Behavior\BuildLiteBehavior [ RunTime:0.000010s ]
INFO: [ app_init ] --END-- [ RunTime:0.000359s ]

[ 2017-03-25T21:39:28+08:00 ] ::1 /mmsh/index.php/Home/Index/dongtai
INFO: [ app_init ] --START--
INFO: Run Behavior\BuildLiteBehavior [ RunTime:0.000019s ]
INFO: [ app_init ] --END-- [ RunTime:0.000491s ]

[ 2017-03-25T21:39:30+08:00 ] ::1 /mmsh/index.php/Home/Index/gonggao
INFO: [ app_init ] --START--
INFO: Run Behavior\BuildLiteBehavior [ RunTime:0.000010s ]
INFO: [ app_init ] --END-- [ RunTime:0.000379s ]

[ 2017-03-25T21:39:32+08:00 ] ::1 /mmsh/index.php/Home/Index/gonggao
INFO: [ app_init ] --START--
INFO: Run Behavior\BuildLiteBehavior [ RunTime:0.000025s ]
INFO: [ app_init ] --END-- [ RunTime:0.000572s ]

[ 2017-03-25T21:39:33+08:00 ] ::1 /mmsh/index.php/Home/Index/content/id/1
INFO: [ app_init ] --START--
INFO: Run Behavior\BuildLiteBehavior [ RunTime:0.000010s ]
INFO: [ app_init ] --END-- [ RunTime:0.000363s ]

[ 2017-03-25T21:39:53+08:00 ] ::1 /mmsh/index.php/Home/Index/gonggao
INFO: [ app_init ] --START--
INFO: Run Behavior\BuildLiteBehavior [ RunTime:0.000010s ]
INFO: [ app_init ] --END-- [ RunTime:0.000395s ]

[ 2017-03-25T21:39:55+08:00 ] ::1 /mmsh/index.php/Home/Index/dongtai
INFO: [ app_init ] --START--
INFO: Run Behavior\BuildLiteBehavior [ RunTime:0.000009s ]
INFO: [ app_init ] --END-- [ RunTime:0.000360s ]

[ 2017-03-25T21:39:56+08:00 ] ::1 /mmsh/index.php/Home/Index/dongtaiX/id/42
INFO: [ app_init ] --START--
INFO: Run Behavior\BuildLiteBehavior [ RunTime:0.000018s ]
INFO: [ app_init ] --END-- [ RunTime:0.000520s ]

[ 2017-03-25T21:39:58+08:00 ] ::1 /mmsh/index.php/Home/Index/gonggao
INFO: [ app_init ] --START--
INFO: Run Behavior\BuildLiteBehavior [ RunTime:0.000009s ]
INFO: [ app_init ] --END-- [ RunTime:0.000353s ]

[ 2017-03-25T21:39:59+08:00 ] ::1 /mmsh/index.php/Home/Index/content/id/1
INFO: [ app_init ] --START--
INFO: Run Behavior\BuildLiteBehavior [ RunTime:0.000011s ]
INFO: [ app_init ] --END-- [ RunTime:0.000321s ]

[ 2017-03-25T21:40:01+08:00 ] ::1 /mmsh/index.php/Home/Index/gonggao
INFO: [ app_init ] --START--
INFO: Run Behavior\BuildLiteBehavior [ RunTime:0.000010s ]
INFO: [ app_init ] --END-- [ RunTime:0.000358s ]

[ 2017-03-25T21:40:02+08:00 ] ::1 /mmsh/index.php/Home/Index/dongtai
INFO: [ app_init ] --START--
INFO: Run Behavior\BuildLiteBehavior [ RunTime:0.000016s ]
INFO: [ app_init ] --END-- [ RunTime:0.000332s ]

[ 2017-03-25T21:40:16+08:00 ] ::1 /mmsh/index.php/Home/Index/dongtaiX/id/42
INFO: [ app_init ] --START--
INFO: Run Behavior\BuildLiteBehavior [ RunTime:0.000009s ]
INFO: [ app_init ] --END-- [ RunTime:0.000364s ]

[ 2017-03-25T21:41:17+08:00 ] ::1 /mmsh/index.php/Home/Index/gonggao
INFO: [ app_init ] --START--
INFO: Run Behavior\BuildLiteBehavior [ RunTime:0.000010s ]
INFO: [ app_init ] --END-- [ RunTime:0.000308s ]

[ 2017-03-25T21:41:30+08:00 ] ::1 /mmsh/index.php/Home/Index/index.html
INFO: [ app_init ] --START--
INFO: Run Behavior\BuildLiteBehavior [ RunTime:0.000010s ]
INFO: [ app_init ] --END-- [ RunTime:0.000357s ]

[ 2017-03-25T21:42:17+08:00 ] ::1 /mmsh/index.php/Home/Index/contact
INFO: [ app_init ] --START--
INFO: Run Behavior\BuildLiteBehavior [ RunTime:0.000009s ]
INFO: [ app_init ] --END-- [ RunTime:0.000380s ]

[ 2017-03-25T21:42:19+08:00 ] ::1 /mmsh/index.php/Home/Index/gonggao
INFO: [ app_init ] --START--
INFO: Run Behavior\BuildLiteBehavior [ RunTime:0.000010s ]
INFO: [ app_init ] --END-- [ RunTime:0.000373s ]

[ 2017-03-25T21:42:23+08:00 ] ::1 /mmsh/index.php/Home/Index/dongtai
INFO: [ app_init ] --START--
INFO: Run Behavior\BuildLiteBehavior [ RunTime:0.000010s ]
INFO: [ app_init ] --END-- [ RunTime:0.000364s ]

[ 2017-03-25T21:42:28+08:00 ] ::1 /mmsh/index.php/Home/Index/insider
INFO: [ app_init ] --START--
INFO: Run Behavior\BuildLiteBehavior [ RunTime:0.000010s ]
INFO: [ app_init ] --END-- [ RunTime:0.000359s ]

[ 2017-03-25T21:42:32+08:00 ] ::1 /mmsh/index.php/Home/Index/contact
INFO: [ app_init ] --START--
INFO: Run Behavior\BuildLiteBehavior [ RunTime:0.000010s ]
INFO: [ app_init ] --END-- [ RunTime:0.000296s ]

[ 2017-03-25T21:42:34+08:00 ] ::1 /mmsh/index.php/Home/Index/info
INFO: [ app_init ] --START--
INFO: Run Behavior\BuildLiteBehavior [ RunTime:0.000010s ]
INFO: [ app_init ] --END-- [ RunTime:0.000369s ]

[ 2017-03-25T21:43:29+08:00 ] ::1 /mmsh/index.php/Home/Index/insider
INFO: [ app_init ] --START--
INFO: Run Behavior\BuildLiteBehavior [ RunTime:0.000010s ]
INFO: [ app_init ] --END-- [ RunTime:0.000321s ]

[ 2017-03-25T21:43:32+08:00 ] ::1 /mmsh/index.php/Home/Index/dongtai
INFO: [ app_init ] --START--
INFO: Run Behavior\BuildLiteBehavior [ RunTime:0.000011s ]
INFO: [ app_init ] --END-- [ RunTime:0.000393s ]

[ 2017-03-25T21:43:34+08:00 ] ::1 /mmsh/index.php/Home/Index/dongtaiX/id/42
INFO: [ app_init ] --START--
INFO: Run Behavior\BuildLiteBehavior [ RunTime:0.000010s ]
INFO: [ app_init ] --END-- [ RunTime:0.000367s ]

[ 2017-03-25T21:43:36+08:00 ] ::1 /mmsh/index.php/Home/Index/dongtai
INFO: [ app_init ] --START--
INFO: Run Behavior\BuildLiteBehavior [ RunTime:0.000015s ]
INFO: [ app_init ] --END-- [ RunTime:0.000448s ]

[ 2017-03-25T21:43:38+08:00 ] ::1 /mmsh/index.php/Home/Index/dongtaiX/id/42
INFO: [ app_init ] --START--
INFO: Run Behavior\BuildLiteBehavior [ RunTime:0.000018s ]
INFO: [ app_init ] --END-- [ RunTime:0.000478s ]

[ 2017-03-25T21:43:40+08:00 ] ::1 /mmsh/index.php/Home/Index/dongtai
INFO: [ app_init ] --START--
INFO: Run Behavior\BuildLiteBehavior [ RunTime:0.000011s ]
INFO: [ app_init ] --END-- [ RunTime:0.000419s ]

[ 2017-03-25T21:43:41+08:00 ] ::1 /mmsh/index.php/Home/Index/gonggao
INFO: [ app_init ] --START--
INFO: Run Behavior\BuildLiteBehavior [ RunTime:0.000011s ]
INFO: [ app_init ] --END-- [ RunTime:0.000334s ]

[ 2017-03-25T21:43:43+08:00 ] ::1 /mmsh/index.php/Home/Index/gonggao
INFO: [ app_init ] --START--
INFO: Run Behavior\BuildLiteBehavior [ RunTime:0.000009s ]
INFO: [ app_init ] --END-- [ RunTime:0.000357s ]

[ 2017-03-25T21:43:45+08:00 ] ::1 /mmsh/index.php/Home/Index/dongtai
INFO: [ app_init ] --START--
INFO: Run Behavior\BuildLiteBehavior [ RunTime:0.000013s ]
INFO: [ app_init ] --END-- [ RunTime:0.000508s ]

[ 2017-03-25T21:43:46+08:00 ] ::1 /mmsh/index.php/Home/Index/gonggao
INFO: [ app_init ] --START--
INFO: Run Behavior\BuildLiteBehavior [ RunTime:0.000011s ]
INFO: [ app_init ] --END-- [ RunTime:0.000390s ]

[ 2017-03-25T21:43:47+08:00 ] ::1 /mmsh/index.php/Home/Index/insider
INFO: [ app_init ] --START--
INFO: Run Behavior\BuildLiteBehavior [ RunTime:0.000009s ]
INFO: [ app_init ] --END-- [ RunTime:0.000366s ]

[ 2017-03-25T21:43:48+08:00 ] ::1 /mmsh/index.php/Home/Index/dongtai
INFO: [ app_init ] --START--
INFO: Run Behavior\BuildLiteBehavior [ RunTime:0.000011s ]
INFO: [ app_init ] --END-- [ RunTime:0.000333s ]

[ 2017-03-25T21:43:49+08:00 ] ::1 /mmsh/index.php/Home/Index/gonggao
INFO: [ app_init ] --START--
INFO: Run Behavior\BuildLiteBehavior [ RunTime:0.000011s ]
INFO: [ app_init ] --END-- [ RunTime:0.000359s ]

[ 2017-03-25T21:43:50+08:00 ] ::1 /mmsh/index.php/Home/Index/dongtai
INFO: [ app_init ] --START--
INFO: Run Behavior\BuildLiteBehavior [ RunTime:0.000011s ]
INFO: [ app_init ] --END-- [ RunTime:0.000365s ]

[ 2017-03-25T21:43:52+08:00 ] ::1 /mmsh/index.php/Home/Index/insider
INFO: [ app_init ] --START--
INFO: Run Behavior\BuildLiteBehavior [ RunTime:0.000011s ]
INFO: [ app_init ] --END-- [ RunTime:0.000329s ]

[ 2017-03-25T21:43:54+08:00 ] ::1 /mmsh/index.php/Home/Index/dongtai
INFO: [ app_init ] --START--
INFO: Run Behavior\BuildLiteBehavior [ RunTime:0.000015s ]
INFO: [ app_init ] --END-- [ RunTime:0.000457s ]

[ 2017-03-25T21:44:18+08:00 ] ::1 /mmsh/index.php/Home/Index/gonggao
INFO: [ app_init ] --START--
INFO: Run Behavior\BuildLiteBehavior [ RunTime:0.000010s ]
INFO: [ app_init ] --END-- [ RunTime:0.000395s ]

[ 2017-03-25T21:44:35+08:00 ] ::1 /mmsh/index.php/Home/Index/contact
INFO: [ app_init ] --START--
INFO: Run Behavior\BuildLiteBehavior [ RunTime:0.000011s ]
INFO: [ app_init ] --END-- [ RunTime:0.000310s ]

[ 2017-03-25T21:44:38+08:00 ] ::1 /mmsh/index.php/Home/Index/message
INFO: [ app_init ] --START--
INFO: Run Behavior\BuildLiteBehavior [ RunTime:0.000009s ]
INFO: [ app_init ] --END-- [ RunTime:0.000355s ]

[ 2017-03-25T21:44:47+08:00 ] ::1 /mmsh/index.php/Home/Index/contact
INFO: [ app_init ] --START--
INFO: Run Behavior\BuildLiteBehavior [ RunTime:0.000012s ]
INFO: [ app_init ] --END-- [ RunTime:0.000394s ]

[ 2017-03-25T21:44:53+08:00 ] ::1 /mmsh/index.php/Home/Index/message
INFO: [ app_init ] --START--
INFO: Run Behavior\BuildLiteBehavior [ RunTime:0.000009s ]
INFO: [ app_init ] --END-- [ RunTime:0.000356s ]

[ 2017-03-25T21:47:11+08:00 ] ::1 /mmsh/index.php/Home/Index/contact
INFO: [ app_init ] --START--
INFO: Run Behavior\BuildLiteBehavior [ RunTime:0.000010s ]
INFO: [ app_init ] --END-- [ RunTime:0.000381s ]

[ 2017-03-25T21:47:12+08:00 ] ::1 /mmsh/index.php/Home/Index/contact.html
INFO: [ app_init ] --START--
INFO: Run Behavior\BuildLiteBehavior [ RunTime:0.000011s ]
INFO: [ app_init ] --END-- [ RunTime:0.000401s ]

[ 2017-03-25T21:47:13+08:00 ] ::1 /mmsh/index.php/Home/Index/message
INFO: [ app_init ] --START--
INFO: Run Behavior\BuildLiteBehavior [ RunTime:0.000009s ]
INFO: [ app_init ] --END-- [ RunTime:0.000355s ]

[ 2017-03-25T21:47:16+08:00 ] ::1 /mmsh/index.php/Home/Index/gonggao
INFO: [ app_init ] --START--
INFO: Run Behavior\BuildLiteBehavior [ RunTime:0.000010s ]
INFO: [ app_init ] --END-- [ RunTime:0.000366s ]

[ 2017-03-25T21:47:19+08:00 ] ::1 /mmsh/index.php/Home/Index/info
INFO: [ app_init ] --START--
INFO: Run Behavior\BuildLiteBehavior [ RunTime:0.000010s ]
INFO: [ app_init ] --END-- [ RunTime:0.000368s ]

[ 2017-03-25T21:47:20+08:00 ] ::1 /mmsh/index.php/Home/Index/contact
INFO: [ app_init ] --START--
INFO: Run Behavior\BuildLiteBehavior [ RunTime:0.000033s ]
INFO: [ app_init ] --END-- [ RunTime:0.000545s ]

[ 2017-03-25T21:50:10+08:00 ] ::1 /mmsh/index.php/Home/Index/message
INFO: [ app_init ] --START--
INFO: Run Behavior\BuildLiteBehavior [ RunTime:0.000011s ]
INFO: [ app_init ] --END-- [ RunTime:0.000408s ]

[ 2017-03-25T21:50:24+08:00 ] ::1 /mmsh/index.php/Home/Index/message
INFO: [ app_init ] --START--
INFO: Run Behavior\BuildLiteBehavior [ RunTime:0.000009s ]
INFO: [ app_init ] --END-- [ RunTime:0.000287s ]

[ 2017-03-25T21:50:25+08:00 ] ::1 /mmsh/index.php/Home/Index/message
INFO: [ app_init ] --START--
INFO: Run Behavior\BuildLiteBehavior [ RunTime:0.000030s ]
INFO: [ app_init ] --END-- [ RunTime:0.000916s ]

[ 2017-03-25T21:50:47+08:00 ] ::1 /mmsh/index.php/Home/Index/message
INFO: [ app_init ] --START--
INFO: Run Behavior\BuildLiteBehavior [ RunTime:0.000019s ]
INFO: [ app_init ] --END-- [ RunTime:0.000761s ]

[ 2017-03-25T21:50:57+08:00 ] ::1 /mmsh/index.php/Home/Index/message
INFO: [ app_init ] --START--
INFO: Run Behavior\BuildLiteBehavior [ RunTime:0.000011s ]
INFO: [ app_init ] --END-- [ RunTime:0.000296s ]

[ 2017-03-25T21:50:58+08:00 ] ::1 /mmsh/index.php/Home/Index/message
INFO: [ app_init ] --START--
INFO: Run Behavior\BuildLiteBehavior [ RunTime:0.000011s ]
INFO: [ app_init ] --END-- [ RunTime:0.000492s ]

[ 2017-03-25T21:51:12+08:00 ] ::1 /mmsh/index.php/Home/Index/message
INFO: [ app_init ] --START--
INFO: Run Behavior\BuildLiteBehavior [ RunTime:0.000018s ]
INFO: [ app_init ] --END-- [ RunTime:0.000536s ]

[ 2017-03-25T21:54:26+08:00 ] ::1 /mmsh/index.php/Home/Index/message
INFO: [ app_init ] --START--
INFO: Run Behavior\BuildLiteBehavior [ RunTime:0.000011s ]
INFO: [ app_init ] --END-- [ RunTime:0.000480s ]

[ 2017-03-25T21:55:41+08:00 ] ::1 /mmsh/index.php/Home/Index/message
INFO: [ app_init ] --START--
INFO: Run Behavior\BuildLiteBehavior [ RunTime:0.000020s ]
INFO: [ app_init ] --END-- [ RunTime:0.000480s ]

[ 2017-03-25T21:57:22+08:00 ] ::1 /mmsh/index.php/Home/Index/message?name=%E8%83%A1%E6%B5%8B%E8%AF%95&phone=123456789&email=123%40123.com&content=%E5%95%8A%E5%AE%9E%E6%89%93%E5%AE%9E
INFO: [ app_init ] --START--
INFO: Run Behavior\BuildLiteBehavior [ RunTime:0.000011s ]
INFO: [ app_init ] --END-- [ RunTime:0.000419s ]

[ 2017-03-25T21:59:07+08:00 ] ::1 /mmsh/index.php/Home/Index/message?name=%E8%83%A1%E6%B5%8B%E8%AF%95&phone=123456789&email=123%40123.com&content=%E5%95%8A%E5%AE%9E%E6%89%93%E5%AE%9E
INFO: [ app_init ] --START--
INFO: Run Behavior\BuildLiteBehavior [ RunTime:0.000011s ]
INFO: [ app_init ] --END-- [ RunTime:0.000311s ]

[ 2017-03-25T21:59:08+08:00 ] ::1 /mmsh/index.php/Home/Index/message?name=%E8%83%A1%E6%B5%8B%E8%AF%95&phone=123456789&email=123%40123.com&content=%E5%95%8A%E5%AE%9E%E6%89%93%E5%AE%9E
INFO: [ app_init ] --START--
INFO: Run Behavior\BuildLiteBehavior [ RunTime:0.000020s ]
INFO: [ app_init ] --END-- [ RunTime:0.000566s ]

[ 2017-03-25T22:00:26+08:00 ] ::1 /mmsh/index.php/Home/Index/message?name=%E8%83%A1%E6%B5%8B%E8%AF%95&phone=123456789&email=123%40123.com&content=%E5%95%8A%E5%AE%9E%E6%89%93%E5%AE%9E
INFO: [ app_init ] --START--
INFO: Run Behavior\BuildLiteBehavior [ RunTime:0.000015s ]
INFO: [ app_init ] --END-- [ RunTime:0.000648s ]

[ 2017-03-25T22:00:34+08:00 ] ::1 /mmsh/index.php/Home/Index/message.html?name=123&phone=123&email=123%40123.com&content=123
INFO: [ app_init ] --START--
INFO: Run Behavior\BuildLiteBehavior [ RunTime:0.000010s ]
INFO: [ app_init ] --END-- [ RunTime:0.000313s ]

[ 2017-03-25T22:01:08+08:00 ] ::1 /mmsh/index.php/Home/Index/message.html?name=1&phone=1&email=123%40123.com&content=2
INFO: [ app_init ] --START--
INFO: Run Behavior\BuildLiteBehavior [ RunTime:0.000016s ]
INFO: [ app_init ] --END-- [ RunTime:0.000503s ]

[ 2017-03-25T22:01:15+08:00 ] ::1 /mmsh/index.php/Home/Index/message
INFO: [ app_init ] --START--
INFO: Run Behavior\BuildLiteBehavior [ RunTime:0.000016s ]
INFO: [ app_init ] --END-- [ RunTime:0.000455s ]

[ 2017-03-25T22:01:22+08:00 ] ::1 /mmsh/index.php/Home/Index/message.html
INFO: [ app_init ] --START--
INFO: Run Behavior\BuildLiteBehavior [ RunTime:0.000018s ]
INFO: [ app_init ] --END-- [ RunTime:0.000705s ]

[ 2017-03-25T22:02:40+08:00 ] ::1 /mmsh/index.php/Home/Index/message.html
INFO: [ app_init ] --START--
INFO: Run Behavior\BuildLiteBehavior [ RunTime:0.000022s ]
INFO: [ app_init ] --END-- [ RunTime:0.001091s ]

[ 2017-03-25T22:04:30+08:00 ] ::1 /mmsh/index.php/Home/Index/message.html
INFO: [ app_init ] --START--
INFO: Run Behavior\BuildLiteBehavior [ RunTime:0.000010s ]
INFO: [ app_init ] --END-- [ RunTime:0.000388s ]

[ 2017-03-25T22:04:31+08:00 ] ::1 /mmsh/index.php/Home/Index/message
INFO: [ app_init ] --START--
INFO: Run Behavior\BuildLiteBehavior [ RunTime:0.000014s ]
INFO: [ app_init ] --END-- [ RunTime:0.000514s ]

[ 2017-03-25T22:04:58+08:00 ] ::1 /mmsh/index.php/Home/Index/message
INFO: [ app_init ] --START--
INFO: Run Behavior\BuildLiteBehavior [ RunTime:0.000015s ]
INFO: [ app_init ] --END-- [ RunTime:0.000506s ]

[ 2017-03-25T22:05:09+08:00 ] ::1 /mmsh/index.php/Home/Index/message.html
INFO: [ app_init ] --START--
INFO: Run Behavior\BuildLiteBehavior [ RunTime:0.000010s ]
INFO: [ app_init ] --END-- [ RunTime:0.000285s ]

[ 2017-03-25T22:05:10+08:00 ] ::1 /mmsh/index.php/Home/Index/message
INFO: [ app_init ] --START--
INFO: Run Behavior\BuildLiteBehavior [ RunTime:0.000033s ]
INFO: [ app_init ] --END-- [ RunTime:0.000570s ]

[ 2017-03-25T22:05:32+08:00 ] ::1 /mmsh/index.php/Home/Index/message.html
INFO: [ app_init ] --START--
INFO: Run Behavior\BuildLiteBehavior [ RunTime:0.000040s ]
INFO: [ app_init ] --END-- [ RunTime:0.001452s ]

[ 2017-03-25T22:05:34+08:00 ] ::1 /mmsh/index.php/Home/Index/message
INFO: [ app_init ] --START--
INFO: Run Behavior\BuildLiteBehavior [ RunTime:0.000011s ]
INFO: [ app_init ] --END-- [ RunTime:0.000317s ]

[ 2017-03-25T22:10:09+08:00 ] ::1 /mmsh/index.php/Home/Index/message
INFO: [ app_init ] --START--
INFO: Run Behavior\BuildLiteBehavior [ RunTime:0.000010s ]
INFO: [ app_init ] --END-- [ RunTime:0.000332s ]

[ 2017-03-25T22:12:24+08:00 ] ::1 /mmsh/index.php/Home/Index/message
INFO: [ app_init ] --START--
INFO: Run Behavior\BuildLiteBehavior [ RunTime:0.000011s ]
INFO: [ app_init ] --END-- [ RunTime:0.000317s ]

[ 2017-03-25T22:12:47+08:00 ] ::1 /mmsh/index.php/Home/Index/message
INFO: [ app_init ] --START--
INFO: Run Behavior\BuildLiteBehavior [ RunTime:0.000011s ]
INFO: [ app_init ] --END-- [ RunTime:0.000412s ]

[ 2017-03-25T22:13:11+08:00 ] ::1 /mmsh/index.php/Home/Index/message
INFO: [ app_init ] --START--
INFO: Run Behavior\BuildLiteBehavior [ RunTime:0.000011s ]
INFO: [ app_init ] --END-- [ RunTime:0.000313s ]

[ 2017-03-25T22:13:19+08:00 ] ::1 /mmsh/index.php/Home/Index/message
INFO: [ app_init ] --START--
INFO: Run Behavior\BuildLiteBehavior [ RunTime:0.000025s ]
INFO: [ app_init ] --END-- [ RunTime:0.000966s ]

[ 2017-03-25T22:14:02+08:00 ] ::1 /mmsh/index.php/Home/Index/message
INFO: [ app_init ] --START--
INFO: Run Behavior\BuildLiteBehavior [ RunTime:0.000015s ]
INFO: [ app_init ] --END-- [ RunTime:0.000386s ]

[ 2017-03-25T22:14:15+08:00 ] ::1 /mmsh/index.php/Home/Index/message
INFO: [ app_init ] --START--
INFO: Run Behavior\BuildLiteBehavior [ RunTime:0.000014s ]
INFO: [ app_init ] --END-- [ RunTime:0.000447s ]

[ 2017-03-25T22:16:38+08:00 ] ::1 /mmsh/index.php/Home/Index/message
INFO: [ app_init ] --START--
INFO: Run Behavior\BuildLiteBehavior [ RunTime:0.000020s ]
INFO: [ app_init ] --END-- [ RunTime:0.000634s ]

[ 2017-03-25T22:17:02+08:00 ] ::1 /mmsh/index.php/Home/Index/message
INFO: [ app_init ] --START--
INFO: Run Behavior\BuildLiteBehavior [ RunTime:0.000017s ]
INFO: [ app_init ] --END-- [ RunTime:0.000604s ]

[ 2017-03-25T22:17:15+08:00 ] ::1 /mmsh/index.php/Home/Index/message
INFO: [ app_init ] --START--
INFO: Run Behavior\BuildLiteBehavior [ RunTime:0.000016s ]
INFO: [ app_init ] --END-- [ RunTime:0.000541s ]

[ 2017-03-25T22:19:40+08:00 ] ::1 /mmsh/index.php/Home/Index/message
INFO: [ app_init ] --START--
INFO: Run Behavior\BuildLiteBehavior [ RunTime:0.000017s ]
INFO: [ app_init ] --END-- [ RunTime:0.001435s ]

[ 2017-03-25T22:19:43+08:00 ] ::1 /mmsh/index.php/Home/Index/message/p/2.html
INFO: [ app_init ] --START--
INFO: Run Behavior\BuildLiteBehavior [ RunTime:0.000024s ]
INFO: [ app_init ] --END-- [ RunTime:0.000481s ]

[ 2017-03-25T22:19:45+08:00 ] ::1 /mmsh/index.php/Home/Index/message/p/1.html
INFO: [ app_init ] --START--
INFO: Run Behavior\BuildLiteBehavior [ RunTime:0.000014s ]
INFO: [ app_init ] --END-- [ RunTime:0.000348s ]

[ 2017-03-25T22:19:48+08:00 ] ::1 /mmsh/index.php/Home/Index/message/p/2.html
INFO: [ app_init ] --START--
INFO: Run Behavior\BuildLiteBehavior [ RunTime:0.000016s ]
INFO: [ app_init ] --END-- [ RunTime:0.000412s ]

[ 2017-03-25T22:20:35+08:00 ] ::1 /mmsh/index.php/Home/Index/message/p/2.html
INFO: [ app_init ] --START--
INFO: Run Behavior\BuildLiteBehavior [ RunTime:0.000011s ]
INFO: [ app_init ] --END-- [ RunTime:0.000603s ]

[ 2017-03-25T22:20:38+08:00 ] ::1 /mmsh/index.php/Home/Index/message/p/1.html
INFO: [ app_init ] --START--
INFO: Run Behavior\BuildLiteBehavior [ RunTime:0.000015s ]
INFO: [ app_init ] --END-- [ RunTime:0.000760s ]

[ 2017-03-25T22:20:41+08:00 ] ::1 /mmsh/index.php/Home/Index/message/p/2.html
INFO: [ app_init ] --START--
INFO: Run Behavior\BuildLiteBehavior [ RunTime:0.000017s ]
INFO: [ app_init ] --END-- [ RunTime:0.000479s ]

[ 2017-03-25T22:20:43+08:00 ] ::1 /mmsh/index.php/Home/Index/message/p/1.html
INFO: [ app_init ] --START--
INFO: Run Behavior\BuildLiteBehavior [ RunTime:0.000010s ]
INFO: [ app_init ] --END-- [ RunTime:0.000369s ]

[ 2017-03-25T22:29:29+08:00 ] ::1 /mmsh/index.php/Home/Index/message/p/1.html
INFO: [ app_init ] --START--
INFO: Run Behavior\BuildLiteBehavior [ RunTime:0.000010s ]
INFO: [ app_init ] --END-- [ RunTime:0.000316s ]

[ 2017-03-25T22:29:56+08:00 ] ::1 /mmsh/index.php/Home/Index/message/p/1.html
INFO: [ app_init ] --START--
INFO: Run Behavior\BuildLiteBehavior [ RunTime:0.000018s ]
INFO: [ app_init ] --END-- [ RunTime:0.000490s ]

[ 2017-03-25T22:31:10+08:00 ] ::1 /mmsh/index.php/Home/Index/message/p/1.html
INFO: [ app_init ] --START--
INFO: Run Behavior\BuildLiteBehavior [ RunTime:0.000010s ]
INFO: [ app_init ] --END-- [ RunTime:0.000380s ]

[ 2017-03-25T22:32:50+08:00 ] ::1 /mmsh/index.php/Home/Index/message/p/1.html
INFO: [ app_init ] --START--
INFO: Run Behavior\BuildLiteBehavior [ RunTime:0.000017s ]
INFO: [ app_init ] --END-- [ RunTime:0.000696s ]

[ 2017-03-25T22:33:33+08:00 ] ::1 /mmsh/index.php/Home/Index/message/p/1.html
INFO: [ app_init ] --START--
INFO: Run Behavior\BuildLiteBehavior [ RunTime:0.000016s ]
INFO: [ app_init ] --END-- [ RunTime:0.000431s ]

[ 2017-03-25T22:33:35+08:00 ] ::1 /mmsh/index.php/Home/Index/message/p/1.html
INFO: [ app_init ] --START--
INFO: Run Behavior\BuildLiteBehavior [ RunTime:0.000018s ]
INFO: [ app_init ] --END-- [ RunTime:0.000529s ]

[ 2017-03-25T22:33:45+08:00 ] ::1 /mmsh/index.php/Home/Index/message/p/1.html
INFO: [ app_init ] --START--
INFO: Run Behavior\BuildLiteBehavior [ RunTime:0.000010s ]
INFO: [ app_init ] --END-- [ RunTime:0.000357s ]

[ 2017-03-25T22:34:03+08:00 ] ::1 /mmsh/index.php/Home/Index/message/p/1.html
INFO: [ app_init ] --START--
INFO: Run Behavior\BuildLiteBehavior [ RunTime:0.000050s ]
INFO: [ app_init ] --END-- [ RunTime:0.000902s ]

[ 2017-03-25T22:34:18+08:00 ] ::1 /mmsh/index.php/Home/Index/message/p/1.html
INFO: [ app_init ] --START--
INFO: Run Behavior\BuildLiteBehavior [ RunTime:0.000015s ]
INFO: [ app_init ] --END-- [ RunTime:0.000582s ]

[ 2017-03-25T22:34:51+08:00 ] ::1 /mmsh/index.php/Home/Index/message/p/1.html
INFO: [ app_init ] --START--
INFO: Run Behavior\BuildLiteBehavior [ RunTime:0.000014s ]
INFO: [ app_init ] --END-- [ RunTime:0.000456s ]

[ 2017-03-25T22:34:53+08:00 ] ::1 /mmsh/index.php/Home/Index/message/p/2.html
INFO: [ app_init ] --START--
INFO: Run Behavior\BuildLiteBehavior [ RunTime:0.000014s ]
INFO: [ app_init ] --END-- [ RunTime:0.000421s ]

[ 2017-03-25T22:34:56+08:00 ] ::1 /mmsh/index.php/Home/Index/message/p/1.html
INFO: [ app_init ] --START--
INFO: Run Behavior\BuildLiteBehavior [ RunTime:0.000016s ]
INFO: [ app_init ] --END-- [ RunTime:0.000439s ]

[ 2017-03-25T22:35:37+08:00 ] ::1 /mmsh/index.php/Home/Index/message/p/1.html
INFO: [ app_init ] --START--
INFO: Run Behavior\BuildLiteBehavior [ RunTime:0.000010s ]
INFO: [ app_init ] --END-- [ RunTime:0.000450s ]

[ 2017-03-25T22:36:11+08:00 ] ::1 /mmsh/index.php/Home/Index/message/p/1.html
INFO: [ app_init ] --START--
INFO: Run Behavior\BuildLiteBehavior [ RunTime:0.000013s ]
INFO: [ app_init ] --END-- [ RunTime:0.000380s ]

[ 2017-03-25T22:36:14+08:00 ] ::1 /mmsh/index.php/Home/Index/message/p/2.html
INFO: [ app_init ] --START--
INFO: Run Behavior\BuildLiteBehavior [ RunTime:0.000015s ]
INFO: [ app_init ] --END-- [ RunTime:0.000430s ]

[ 2017-03-25T22:36:39+08:00 ] ::1 /mmsh/index.php/Home/Index/message/p/2.html
INFO: [ app_init ] --START--
INFO: Run Behavior\BuildLiteBehavior [ RunTime:0.000025s ]
INFO: [ app_init ] --END-- [ RunTime:0.000607s ]

[ 2017-03-25T22:37:33+08:00 ] ::1 /mmsh/index.php/Home/Index/message/p/2.html
INFO: [ app_init ] --START--
INFO: Run Behavior\BuildLiteBehavior [ RunTime:0.000018s ]
INFO: [ app_init ] --END-- [ RunTime:0.000454s ]

[ 2017-03-25T22:38:07+08:00 ] ::1 /mmsh/index.php/Home/Index/message/p/2.html
INFO: [ app_init ] --START--
INFO: Run Behavior\BuildLiteBehavior [ RunTime:0.000017s ]
INFO: [ app_init ] --END-- [ RunTime:0.000513s ]

[ 2017-03-25T22:40:53+08:00 ] ::1 /mmsh/index.php/Home/Index/message/p/1.html
INFO: [ app_init ] --START--
INFO: Run Behavior\BuildLiteBehavior [ RunTime:0.000011s ]
INFO: [ app_init ] --END-- [ RunTime:0.000464s ]

[ 2017-03-25T22:42:02+08:00 ] ::1 /mmsh/index.php/Home/Index/message/p/1.html
INFO: [ app_init ] --START--
INFO: Run Behavior\BuildLiteBehavior [ RunTime:0.000010s ]
INFO: [ app_init ] --END-- [ RunTime:0.000303s ]

[ 2017-03-25T22:42:19+08:00 ] ::1 /mmsh/index.php/Home/Index/message/p/1.html
INFO: [ app_init ] --START--
INFO: Run Behavior\BuildLiteBehavior [ RunTime:0.000014s ]
INFO: [ app_init ] --END-- [ RunTime:0.000351s ]

[ 2017-03-25T22:42:49+08:00 ] ::1 /mmsh/index.php/Home/Index/message/p/1.html
INFO: [ app_init ] --START--
INFO: Run Behavior\BuildLiteBehavior [ RunTime:0.000015s ]
INFO: [ app_init ] --END-- [ RunTime:0.000413s ]

[ 2017-03-25T22:42:54+08:00 ] ::1 /mmsh/index.php/Home/Index/message/p/1.html
INFO: [ app_init ] --START--
INFO: Run Behavior\BuildLiteBehavior [ RunTime:0.000010s ]
INFO: [ app_init ] --END-- [ RunTime:0.000395s ]

[ 2017-03-25T22:42:57+08:00 ] ::1 /mmsh/index.php/Home/Index/message/p/1.html
INFO: [ app_init ] --START--
INFO: Run Behavior\BuildLiteBehavior [ RunTime:0.000010s ]
INFO: [ app_init ] --END-- [ RunTime:0.000368s ]

[ 2017-03-25T22:44:31+08:00 ] ::1 /mmsh/index.php/Home/Index/message/p/1.html
INFO: [ app_init ] --START--
INFO: Run Behavior\BuildLiteBehavior [ RunTime:0.000009s ]
INFO: [ app_init ] --END-- [ RunTime:0.000379s ]

[ 2017-03-25T22:45:48+08:00 ] ::1 /mmsh/index.php/Home/Index/message/p/1.html
INFO: [ app_init ] --START--
INFO: Run Behavior\BuildLiteBehavior [ RunTime:0.000010s ]
INFO: [ app_init ] --END-- [ RunTime:0.000389s ]

[ 2017-03-25T22:48:11+08:00 ] ::1 /mmsh/index.php/Home/Index/message/p/1.html
INFO: [ app_init ] --START--
INFO: Run Behavior\BuildLiteBehavior [ RunTime:0.000016s ]
INFO: [ app_init ] --END-- [ RunTime:0.000483s ]

[ 2017-03-25T22:48:38+08:00 ] ::1 /mmsh/index.php/Home/Index/message/p/2.html
INFO: [ app_init ] --START--
INFO: Run Behavior\BuildLiteBehavior [ RunTime:0.000010s ]
INFO: [ app_init ] --END-- [ RunTime:0.000365s ]

[ 2017-03-25T22:48:50+08:00 ] ::1 /mmsh/index.php/Home/Index/message/p/2.html
INFO: [ app_init ] --START--
INFO: Run Behavior\BuildLiteBehavior [ RunTime:0.000014s ]
INFO: [ app_init ] --END-- [ RunTime:0.000329s ]

[ 2017-03-25T22:48:59+08:00 ] ::1 /mmsh/index.php/Home/Index/message/p/1.html
INFO: [ app_init ] --START--
INFO: Run Behavior\BuildLiteBehavior [ RunTime:0.000010s ]
INFO: [ app_init ] --END-- [ RunTime:0.000367s ]

[ 2017-03-25T22:49:03+08:00 ] ::1 /mmsh/index.php/Home/Index/message/p/2.html
INFO: [ app_init ] --START--
INFO: Run Behavior\BuildLiteBehavior [ RunTime:0.000010s ]
INFO: [ app_init ] --END-- [ RunTime:0.000374s ]

[ 2017-03-25T22:49:08+08:00 ] ::1 /mmsh/index.php/Home/Index/message/p/1.html
INFO: [ app_init ] --START--
INFO: Run Behavior\BuildLiteBehavior [ RunTime:0.000014s ]
INFO: [ app_init ] --END-- [ RunTime:0.000435s ]

[ 2017-03-25T22:49:34+08:00 ] ::1 /mmsh/index.php/Home/Index/message/p/1.html
INFO: [ app_init ] --START--
INFO: Run Behavior\BuildLiteBehavior [ RunTime:0.000016s ]
INFO: [ app_init ] --END-- [ RunTime:0.000567s ]

[ 2017-03-25T22:50:46+08:00 ] ::1 /mmsh/index.php/Home/Index/message/p/1.html
INFO: [ app_init ] --START--
INFO: Run Behavior\BuildLiteBehavior [ RunTime:0.000009s ]
INFO: [ app_init ] --END-- [ RunTime:0.000315s ]

[ 2017-03-25T22:51:08+08:00 ] ::1 /mmsh/index.php/Home/Index/message/p/1.html
INFO: [ app_init ] --START--
INFO: Run Behavior\BuildLiteBehavior [ RunTime:0.000012s ]
INFO: [ app_init ] --END-- [ RunTime:0.000301s ]

[ 2017-03-25T22:51:20+08:00 ] ::1 /mmsh/index.php/Home/Index/message/p/1.html
INFO: [ app_init ] --START--
INFO: Run Behavior\BuildLiteBehavior [ RunTime:0.000011s ]
INFO: [ app_init ] --END-- [ RunTime:0.000308s ]

[ 2017-03-25T22:51:25+08:00 ] ::1 /mmsh/index.php/Home/Index/message/p/2.html
INFO: [ app_init ] --START--
INFO: Run Behavior\BuildLiteBehavior [ RunTime:0.000016s ]
INFO: [ app_init ] --END-- [ RunTime:0.000472s ]

[ 2017-03-25T22:51:50+08:00 ] ::1 /mmsh/index.php/Home/Index/message/p/2.html
INFO: [ app_init ] --START--
INFO: Run Behavior\BuildLiteBehavior [ RunTime:0.000009s ]
INFO: [ app_init ] --END-- [ RunTime:0.000319s ]

[ 2017-03-25T22:51:56+08:00 ] ::1 /mmsh/index.php/Home/Index/message/p/1.html
INFO: [ app_init ] --START--
INFO: Run Behavior\BuildLiteBehavior [ RunTime:0.000009s ]
INFO: [ app_init ] --END-- [ RunTime:0.000373s ]

[ 2017-03-25T22:52:21+08:00 ] ::1 /mmsh/index.php/Home/Index/message/p/2.html
INFO: [ app_init ] --START--
INFO: Run Behavior\BuildLiteBehavior [ RunTime:0.000014s ]
INFO: [ app_init ] --END-- [ RunTime:0.000385s ]

[ 2017-03-25T22:57:08+08:00 ] ::1 /mmsh/index.php/Home/Index/message/p/1.html
INFO: [ app_init ] --START--
INFO: Run Behavior\BuildLiteBehavior [ RunTime:0.000011s ]
INFO: [ app_init ] --END-- [ RunTime:0.000387s ]

[ 2017-03-25T22:58:39+08:00 ] ::1 /mmsh/index.php/Home/Index/message/p/1.html
INFO: [ app_init ] --START--
INFO: Run Behavior\BuildLiteBehavior [ RunTime:0.000016s ]
INFO: [ app_init ] --END-- [ RunTime:0.000474s ]

[ 2017-03-25T22:58:50+08:00 ] ::1 /mmsh/index.php/Home/Index/message/p/1.html
INFO: [ app_init ] --START--
INFO: Run Behavior\BuildLiteBehavior [ RunTime:0.000010s ]
INFO: [ app_init ] --END-- [ RunTime:0.000360s ]

[ 2017-03-25T22:59:10+08:00 ] ::1 /mmsh/index.php/Home/Index/message/p/1.html
INFO: [ app_init ] --START--
INFO: Run Behavior\BuildLiteBehavior [ RunTime:0.000011s ]
INFO: [ app_init ] --END-- [ RunTime:0.000406s ]

[ 2017-03-25T22:59:33+08:00 ] ::1 /mmsh/index.php/Home/Index/message/p/1.html
INFO: [ app_init ] --START--
INFO: Run Behavior\BuildLiteBehavior [ RunTime:0.000019s ]
INFO: [ app_init ] --END-- [ RunTime:0.000590s ]

[ 2017-03-25T22:59:37+08:00 ] ::1 /mmsh/index.php/Home/Index/message/p/2.html
INFO: [ app_init ] --START--
INFO: Run Behavior\BuildLiteBehavior [ RunTime:0.000010s ]
INFO: [ app_init ] --END-- [ RunTime:0.000373s ]

[ 2017-03-25T22:59:48+08:00 ] ::1 /mmsh/index.php/Home/Index/message/p/3.html
INFO: [ app_init ] --START--
INFO: Run Behavior\BuildLiteBehavior [ RunTime:0.000014s ]
INFO: [ app_init ] --END-- [ RunTime:0.000432s ]

[ 2017-03-25T22:59:56+08:00 ] ::1 /mmsh/index.php/Home/Index/message/p/2.html
INFO: [ app_init ] --START--
INFO: Run Behavior\BuildLiteBehavior [ RunTime:0.000011s ]
INFO: [ app_init ] --END-- [ RunTime:0.000345s ]

[ 2017-03-25T23:00:33+08:00 ] ::1 /mmsh/index.php/Home/Index/message.html
INFO: [ app_init ] --START--
INFO: Run Behavior\BuildLiteBehavior [ RunTime:0.000012s ]
INFO: [ app_init ] --END-- [ RunTime:0.000335s ]

[ 2017-03-25T23:00:34+08:00 ] ::1 /mmsh/index.php/Home/Index/message/p/2.html
INFO: [ app_init ] --START--
INFO: Run Behavior\BuildLiteBehavior [ RunTime:0.000011s ]
INFO: [ app_init ] --END-- [ RunTime:0.000455s ]

[ 2017-03-25T23:00:41+08:00 ] ::1 /mmsh/index.php/Home/Index/message.html
INFO: [ app_init ] --START--
INFO: Run Behavior\BuildLiteBehavior [ RunTime:0.000011s ]
INFO: [ app_init ] --END-- [ RunTime:0.000333s ]

[ 2017-03-25T23:00:43+08:00 ] ::1 /mmsh/index.php/Home/Index/message/p/2.html
INFO: [ app_init ] --START--
INFO: Run Behavior\BuildLiteBehavior [ RunTime:0.000010s ]
INFO: [ app_init ] --END-- [ RunTime:0.000363s ]

[ 2017-03-25T23:00:51+08:00 ] ::1 /mmsh/index.php/Home/Index/message.html
INFO: [ app_init ] --START--
INFO: Run Behavior\BuildLiteBehavior [ RunTime:0.000009s ]
INFO: [ app_init ] --END-- [ RunTime:0.000360s ]

[ 2017-03-25T23:00:52+08:00 ] ::1 /mmsh/index.php/Home/Index/message/p/2.html
INFO: [ app_init ] --START--
INFO: Run Behavior\BuildLiteBehavior [ RunTime:0.000017s ]
INFO: [ app_init ] --END-- [ RunTime:0.000451s ]

[ 2017-03-25T23:01:02+08:00 ] ::1 /mmsh/index.php/Home/Index/message.html
INFO: [ app_init ] --START--
INFO: Run Behavior\BuildLiteBehavior [ RunTime:0.000016s ]
INFO: [ app_init ] --END-- [ RunTime:0.000454s ]

[ 2017-03-25T23:01:03+08:00 ] ::1 /mmsh/index.php/Home/Index/message/p/2.html
INFO: [ app_init ] --START--
INFO: Run Behavior\BuildLiteBehavior [ RunTime:0.000010s ]
INFO: [ app_init ] --END-- [ RunTime:0.000365s ]

[ 2017-03-25T23:01:18+08:00 ] ::1 /mmsh/index.php/Home/Index/message/p/2.html
INFO: [ app_init ] --START--
INFO: Run Behavior\BuildLiteBehavior [ RunTime:0.000009s ]
INFO: [ app_init ] --END-- [ RunTime:0.000363s ]

[ 2017-03-25T23:01:29+08:00 ] ::1 /mmsh/index.php/Home/Index/message/p/2.html
INFO: [ app_init ] --START--
INFO: Run Behavior\BuildLiteBehavior [ RunTime:0.000009s ]
INFO: [ app_init ] --END-- [ RunTime:0.000363s ]

[ 2017-03-25T23:01:32+08:00 ] ::1 /mmsh/index.php/Home/Index/message/p/2.html
INFO: [ app_init ] --START--
INFO: Run Behavior\BuildLiteBehavior [ RunTime:0.000021s ]
INFO: [ app_init ] --END-- [ RunTime:0.000499s ]

[ 2017-03-25T23:01:36+08:00 ] ::1 /mmsh/index.php/Home/Index/message/p/1.html
INFO: [ app_init ] --START--
INFO: Run Behavior\BuildLiteBehavior [ RunTime:0.000010s ]
INFO: [ app_init ] --END-- [ RunTime:0.000371s ]

[ 2017-03-25T23:01:40+08:00 ] ::1 /mmsh/index.php/Home/Index/message/p/3.html
INFO: [ app_init ] --START--
INFO: Run Behavior\BuildLiteBehavior [ RunTime:0.000012s ]
INFO: [ app_init ] --END-- [ RunTime:0.000327s ]

[ 2017-03-25T23:01:51+08:00 ] ::1 /mmsh/index.php/Home/Index/message/p/3.html
INFO: [ app_init ] --START--
INFO: Run Behavior\BuildLiteBehavior [ RunTime:0.000011s ]
INFO: [ app_init ] --END-- [ RunTime:0.000372s ]

[ 2017-03-25T23:03:30+08:00 ] ::1 /mmsh/index.php/Home/Index/message/p/1.html
INFO: [ app_init ] --START--
INFO: Run Behavior\BuildLiteBehavior [ RunTime:0.000011s ]
INFO: [ app_init ] --END-- [ RunTime:0.000336s ]

[ 2017-03-25T23:04:20+08:00 ] ::1 /mmsh/index.php/Home/Index/message/p/2.html
INFO: [ app_init ] --START--
INFO: Run Behavior\BuildLiteBehavior [ RunTime:0.000009s ]
INFO: [ app_init ] --END-- [ RunTime:0.000391s ]

[ 2017-03-25T23:04:53+08:00 ] ::1 /mmsh/index.php/Home/Index/message/p/2.html
INFO: [ app_init ] --START--
INFO: Run Behavior\BuildLiteBehavior [ RunTime:0.000015s ]
INFO: [ app_init ] --END-- [ RunTime:0.000528s ]

[ 2017-03-25T23:05:11+08:00 ] ::1 /mmsh/index.php/Home/Index/message/p/2.html
INFO: [ app_init ] --START--
INFO: Run Behavior\BuildLiteBehavior [ RunTime:0.000010s ]
INFO: [ app_init ] --END-- [ RunTime:0.000362s ]

[ 2017-03-25T23:05:14+08:00 ] ::1 /mmsh/index.php/Home/Index/message/p/1.html
INFO: [ app_init ] --START--
INFO: Run Behavior\BuildLiteBehavior [ RunTime:0.000014s ]
INFO: [ app_init ] --END-- [ RunTime:0.000450s ]

[ 2017-03-25T23:06:40+08:00 ] ::1 /mmsh/index.php/Home/Index/message/p/1.html
INFO: [ app_init ] --START--
INFO: Run Behavior\BuildLiteBehavior [ RunTime:0.000016s ]
INFO: [ app_init ] --END-- [ RunTime:0.000607s ]

[ 2017-03-25T23:07:59+08:00 ] ::1 /mmsh/index.php/Home/Index/message/p/1.html
INFO: [ app_init ] --START--
INFO: Run Behavior\BuildLiteBehavior [ RunTime:0.000013s ]
INFO: [ app_init ] --END-- [ RunTime:0.000387s ]

[ 2017-03-25T23:08:02+08:00 ] ::1 /mmsh/index.php/Home/Index/message/p/2.html
INFO: [ app_init ] --START--
INFO: Run Behavior\BuildLiteBehavior [ RunTime:0.000009s ]
INFO: [ app_init ] --END-- [ RunTime:0.000362s ]

[ 2017-03-25T23:08:15+08:00 ] ::1 /mmsh/index.php/Home/Index/message/p/2.html
INFO: [ app_init ] --START--
INFO: Run Behavior\BuildLiteBehavior [ RunTime:0.000017s ]
INFO: [ app_init ] --END-- [ RunTime:0.000486s ]

[ 2017-03-25T23:08:37+08:00 ] ::1 /mmsh/index.php/Home/Index/message/p/2.html
INFO: [ app_init ] --START--
INFO: Run Behavior\BuildLiteBehavior [ RunTime:0.000010s ]
INFO: [ app_init ] --END-- [ RunTime:0.000418s ]

[ 2017-03-25T23:08:39+08:00 ] ::1 /mmsh/index.php/Home/Index/message/p/1.html
INFO: [ app_init ] --START--
INFO: Run Behavior\BuildLiteBehavior [ RunTime:0.000010s ]
INFO: [ app_init ] --END-- [ RunTime:0.000357s ]

[ 2017-03-25T23:08:41+08:00 ] ::1 /mmsh/index.php/Home/Index/message/p/2.html
INFO: [ app_init ] --START--
INFO: Run Behavior\BuildLiteBehavior [ RunTime:0.000011s ]
INFO: [ app_init ] --END-- [ RunTime:0.000386s ]

[ 2017-03-25T23:09:06+08:00 ] ::1 /mmsh/index.php/Home/Index/message/p/2.html
INFO: [ app_init ] --START--
INFO: Run Behavior\BuildLiteBehavior [ RunTime:0.000012s ]
INFO: [ app_init ] --END-- [ RunTime:0.000366s ]

[ 2017-03-25T23:09:15+08:00 ] ::1 /mmsh/index.php/Home/Index/message/p/2.html
INFO: [ app_init ] --START--
INFO: Run Behavior\BuildLiteBehavior [ RunTime:0.000009s ]
INFO: [ app_init ] --END-- [ RunTime:0.000356s ]

[ 2017-03-25T23:09:32+08:00 ] ::1 /mmsh/index.php/Home/Index/message/p/2.html
INFO: [ app_init ] --START--
INFO: Run Behavior\BuildLiteBehavior [ RunTime:0.000011s ]
INFO: [ app_init ] --END-- [ RunTime:0.000415s ]

[ 2017-03-25T23:09:41+08:00 ] ::1 /mmsh/index.php/Home/Index/message/p/2.html
INFO: [ app_init ] --START--
INFO: Run Behavior\BuildLiteBehavior [ RunTime:0.000009s ]
INFO: [ app_init ] --END-- [ RunTime:0.000356s ]

[ 2017-03-25T23:09:43+08:00 ] ::1 /mmsh/index.php/Home/Index/message/p/4.html
INFO: [ app_init ] --START--
INFO: Run Behavior\BuildLiteBehavior [ RunTime:0.000012s ]
INFO: [ app_init ] --END-- [ RunTime:0.000335s ]

[ 2017-03-25T23:09:52+08:00 ] ::1 /mmsh/index.php/Home/Index/message
INFO: [ app_init ] --START--
INFO: Run Behavior\BuildLiteBehavior [ RunTime:0.000010s ]
INFO: [ app_init ] --END-- [ RunTime:0.000362s ]

[ 2017-03-25T23:11:23+08:00 ] ::1 /mmsh/index.php/Home/Index/index.html
INFO: [ app_init ] --START--
INFO: Run Behavior\BuildLiteBehavior [ RunTime:0.000012s ]
INFO: [ app_init ] --END-- [ RunTime:0.000428s ]

[ 2017-03-25T23:11:35+08:00 ] ::1 /mmsh/index.php/Home/Index/contact
INFO: [ app_init ] --START--
INFO: Run Behavior\BuildLiteBehavior [ RunTime:0.000062s ]
INFO: [ app_init ] --END-- [ RunTime:0.000500s ]
>>>>>>> hql

