[ 2017-04-16T23:55:16+08:00 ] 127.0.0.1 /mmsh/Application/Home/View/index/__PUBLIC__/images/banners1.jpg
INFO: [ app_init ] --START--
INFO: Run Behavior\BuildLiteBehavior [ RunTime:0.000000s ]
INFO: [ app_init ] --END-- [ RunTime:0.003000s ]
ERR: 无法加载模块:Application

[ 2017-04-16T23:55:16+08:00 ] 127.0.0.1 /mmsh/Application/Home/View/index/__PUBLIC__/images/2.jpg
INFO: [ app_init ] --START--
INFO: Run Behavior\BuildLiteBehavior [ RunTime:0.000000s ]
INFO: [ app_init ] --END-- [ RunTime:0.002000s ]
ERR: 无法加载模块:Application

[ 2017-04-16T23:55:16+08:00 ] 127.0.0.1 /mmsh/Application/Home/View/index/__PUBLIC__/images/21.jpg
INFO: [ app_init ] --START--
INFO: Run Behavior\BuildLiteBehavior [ RunTime:0.000000s ]
INFO: [ app_init ] --END-- [ RunTime:0.002000s ]
ERR: 无法加载模块:Application

[ 2017-04-16T23:55:16+08:00 ] 127.0.0.1 /mmsh/Application/Home/View/index/__PUBLIC__/images/1.jpg
INFO: [ app_init ] --START--
INFO: Run Behavior\BuildLiteBehavior [ RunTime:0.000000s ]
INFO: [ app_init ] --END-- [ RunTime:0.001000s ]
ERR: 无法加载模块:Application

[ 2017-04-16T23:55:16+08:00 ] 127.0.0.1 /mmsh/Application/Home/View/index/__PUBLIC__/images/11.jpg
INFO: [ app_init ] --START--
INFO: Run Behavior\BuildLiteBehavior [ RunTime:0.000000s ]
INFO: [ app_init ] --END-- [ RunTime:0.001001s ]
ERR: 无法加载模块:Application

[ 2017-04-16T23:55:16+08:00 ] 127.0.0.1 /mmsh/Application/Home/View/index/__PUBLIC__/images/0.jpg
INFO: [ app_init ] --START--
INFO: Run Behavior\BuildLiteBehavior [ RunTime:0.000000s ]
INFO: [ app_init ] --END-- [ RunTime:0.001000s ]
ERR: 无法加载模块:Application

[ 2017-04-16T23:55:16+08:00 ] 127.0.0.1 /mmsh/Application/Home/View/index/__PUBLIC__/images/22.jpg
INFO: [ app_init ] --START--
INFO: Run Behavior\BuildLiteBehavior [ RunTime:0.000000s ]
INFO: [ app_init ] --END-- [ RunTime:0.001000s ]
ERR: 无法加载模块:Application

[ 2017-04-16T23:55:16+08:00 ] 127.0.0.1 /mmsh/Application/Home/View/index/__PUBLIC__/images/erweima.jpg
INFO: [ app_init ] --START--
INFO: Run Behavior\BuildLiteBehavior [ RunTime:0.000000s ]
INFO: [ app_init ] --END-- [ RunTime:0.001000s ]
ERR: 无法加载模块:Application

[ 2017-04-16T23:55:16+08:00 ] 127.0.0.1 /mmsh/Application/Home/View/index/__PUBLIC__/images/20170112110448_843.jpg
INFO: [ app_init ] --START--
INFO: Run Behavior\BuildLiteBehavior [ RunTime:0.000000s ]
INFO: [ app_init ] --END-- [ RunTime:0.001000s ]
ERR: 无法加载模块:Application

[ 2017-04-16T23:55:16+08:00 ] 127.0.0.1 /mmsh/Application/Home/View/index/__PUBLIC__/images/23.jpg
INFO: [ app_init ] --START--
INFO: Run Behavior\BuildLiteBehavior [ RunTime:0.000000s ]
INFO: [ app_init ] --END-- [ RunTime:0.001000s ]
ERR: 无法加载模块:Application

[ 2017-04-16T23:55:21+08:00 ] 127.0.0.1 /mmsh/Public/css/images/icon2.png
INFO: [ app_init ] --START--
INFO: Run Behavior\BuildLiteBehavior [ RunTime:0.000000s ]
INFO: [ app_init ] --END-- [ RunTime:0.001000s ]
ERR: 无法加载模块:Public

[ 2017-04-16T23:55:21+08:00 ] 127.0.0.1 /mmsh/Public/css/images/dian.jpg
INFO: [ app_init ] --START--
INFO: Run Behavior\BuildLiteBehavior [ RunTime:0.000000s ]
INFO: [ app_init ] --END-- [ RunTime:0.001000s ]
ERR: 无法加载模块:Public

