[ 2017-04-11T22:01:56+08:00 ] 127.0.0.1 /mmsh/Application/Home/View/index/__PUBLIC__/images/2.jpg
INFO: [ app_init ] --START--
INFO: Run Behavior\BuildLiteBehavior [ RunTime:0.000000s ]
INFO: [ app_init ] --END-- [ RunTime:0.001000s ]
ERR: 无法加载模块:Application

[ 2017-04-11T22:01:56+08:00 ] 127.0.0.1 /mmsh/Application/Home/View/index/__PUBLIC__/images/1.jpg
INFO: [ app_init ] --START--
INFO: Run Behavior\BuildLiteBehavior [ RunTime:0.000000s ]
INFO: [ app_init ] --END-- [ RunTime:0.003000s ]
ERR: 无法加载模块:Application

[ 2017-04-11T22:01:56+08:00 ] 127.0.0.1 /mmsh/Application/Home/View/index/__PUBLIC__/images/11.jpg
INFO: [ app_init ] --START--
INFO: Run Behavior\BuildLiteBehavior [ RunTime:0.000000s ]
INFO: [ app_init ] --END-- [ RunTime:0.001000s ]
ERR: 无法加载模块:Application

[ 2017-04-11T22:01:56+08:00 ] 127.0.0.1 /mmsh/Application/Home/View/index/__PUBLIC__/images/banners1.jpg
INFO: [ app_init ] --START--
INFO: Run Behavior\BuildLiteBehavior [ RunTime:0.000000s ]
INFO: [ app_init ] --END-- [ RunTime:0.003000s ]
ERR: 无法加载模块:Application

[ 2017-04-11T22:01:56+08:00 ] 127.0.0.1 /mmsh/Application/Home/View/index/__PUBLIC__/images/21.jpg
INFO: [ app_init ] --START--
INFO: Run Behavior\BuildLiteBehavior [ RunTime:0.000000s ]
INFO: [ app_init ] --END-- [ RunTime:0.002000s ]
ERR: 无法加载模块:Application

[ 2017-04-11T22:01:56+08:00 ] 127.0.0.1 /mmsh/Application/Home/View/index/__PUBLIC__/images/0.jpg
INFO: [ app_init ] --START--
INFO: Run Behavior\BuildLiteBehavior [ RunTime:0.000000s ]
INFO: [ app_init ] --END-- [ RunTime:0.001000s ]
ERR: 无法加载模块:Application

[ 2017-04-11T22:01:56+08:00 ] 127.0.0.1 /mmsh/Application/Home/View/index/__PUBLIC__/images/20170112110448_843.jpg
INFO: [ app_init ] --START--
INFO: Run Behavior\BuildLiteBehavior [ RunTime:0.000000s ]
INFO: [ app_init ] --END-- [ RunTime:0.001000s ]
ERR: 无法加载模块:Application

[ 2017-04-11T22:01:56+08:00 ] 127.0.0.1 /mmsh/Application/Home/View/index/__PUBLIC__/images/23.jpg
INFO: [ app_init ] --START--
INFO: Run Behavior\BuildLiteBehavior [ RunTime:0.000000s ]
INFO: [ app_init ] --END-- [ RunTime:0.001000s ]
ERR: 无法加载模块:Application

[ 2017-04-11T22:01:56+08:00 ] 127.0.0.1 /mmsh/Application/Home/View/index/__PUBLIC__/images/erweima.jpg
INFO: [ app_init ] --START--
INFO: Run Behavior\BuildLiteBehavior [ RunTime:0.000000s ]
INFO: [ app_init ] --END-- [ RunTime:0.001000s ]
ERR: 无法加载模块:Application

[ 2017-04-11T22:01:56+08:00 ] 127.0.0.1 /mmsh/Application/Home/View/index/__PUBLIC__/images/22.jpg
INFO: [ app_init ] --START--
INFO: Run Behavior\BuildLiteBehavior [ RunTime:0.000000s ]
INFO: [ app_init ] --END-- [ RunTime:0.001000s ]
ERR: 无法加载模块:Application

[ 2017-04-11T22:02:05+08:00 ] 127.0.0.1 /mmsh/Public/css/images/icon2.png
INFO: [ app_init ] --START--
INFO: Run Behavior\BuildLiteBehavior [ RunTime:0.000000s ]
INFO: [ app_init ] --END-- [ RunTime:0.001000s ]
ERR: 无法加载模块:Public

[ 2017-04-11T22:02:05+08:00 ] 127.0.0.1 /mmsh/Public/css/images/dian.jpg
INFO: [ app_init ] --START--
INFO: Run Behavior\BuildLiteBehavior [ RunTime:0.000000s ]
INFO: [ app_init ] --END-- [ RunTime:0.001000s ]
ERR: 无法加载模块:Public

[ 2017-04-11T22:02:29+08:00 ] 127.0.0.1 /mmsh/Public/css/images/sideIcon1.png
INFO: [ app_init ] --START--
INFO: Run Behavior\BuildLiteBehavior [ RunTime:0.000000s ]
INFO: [ app_init ] --END-- [ RunTime:0.001000s ]
ERR: 无法加载模块:Public

[ 2017-04-11T22:02:29+08:00 ] 127.0.0.1 /mmsh/Public/css/images/sideIcon2.png
INFO: [ app_init ] --START--
INFO: Run Behavior\BuildLiteBehavior [ RunTime:0.000000s ]
INFO: [ app_init ] --END-- [ RunTime:0.001000s ]
ERR: 无法加载模块:Public

[ 2017-04-11T22:02:32+08:00 ] 127.0.0.1 /mmsh/Public/upfile/2016/05/11/20160511160850_858.jpg
INFO: [ app_init ] --START--
INFO: Run Behavior\BuildLiteBehavior [ RunTime:0.000000s ]
INFO: [ app_init ] --END-- [ RunTime:0.001000s ]
ERR: 无法加载模块:Public

[ 2017-04-11T22:02:32+08:00 ] 127.0.0.1 /mmsh/Public/upfile/2016/05/11/20160511160719_405.jpg
INFO: [ app_init ] --START--
INFO: Run Behavior\BuildLiteBehavior [ RunTime:0.000000s ]
INFO: [ app_init ] --END-- [ RunTime:0.002001s ]
ERR: 无法加载模块:Public

[ 2017-04-11T22:02:32+08:00 ] 127.0.0.1 /mmsh/Public/css/images/sideIcon1.png
INFO: [ app_init ] --START--
INFO: Run Behavior\BuildLiteBehavior [ RunTime:0.000000s ]
INFO: [ app_init ] --END-- [ RunTime:0.001000s ]
ERR: 无法加载模块:Public

[ 2017-04-11T22:02:32+08:00 ] 127.0.0.1 /mmsh/Public/css/images/sideIcon2.png
INFO: [ app_init ] --START--
INFO: Run Behavior\BuildLiteBehavior [ RunTime:0.000000s ]
INFO: [ app_init ] --END-- [ RunTime:0.000000s ]
ERR: 无法加载模块:Public

[ 2017-04-11T22:02:35+08:00 ] 127.0.0.1 /mmsh/Public/css/images/sideIcon1.png
INFO: [ app_init ] --START--
INFO: Run Behavior\BuildLiteBehavior [ RunTime:0.000000s ]
INFO: [ app_init ] --END-- [ RunTime:0.001001s ]
ERR: 无法加载模块:Public

[ 2017-04-11T22:02:35+08:00 ] 127.0.0.1 /mmsh/Public/css/images/sideIcon2.png
INFO: [ app_init ] --START--
INFO: Run Behavior\BuildLiteBehavior [ RunTime:0.000000s ]
INFO: [ app_init ] --END-- [ RunTime:0.001000s ]
ERR: 无法加载模块:Public

[ 2017-04-11T22:02:37+08:00 ] 127.0.0.1 /mmsh/Public/css/images/sideIcon2.png
INFO: [ app_init ] --START--
INFO: Run Behavior\BuildLiteBehavior [ RunTime:0.000000s ]
INFO: [ app_init ] --END-- [ RunTime:0.001000s ]
ERR: 无法加载模块:Public

[ 2017-04-11T22:02:37+08:00 ] 127.0.0.1 /mmsh/Public/css/__PUBLIC__/images/sideIcon5.png
INFO: [ app_init ] --START--
INFO: Run Behavior\BuildLiteBehavior [ RunTime:0.000000s ]
INFO: [ app_init ] --END-- [ RunTime:0.001000s ]
ERR: 无法加载模块:Public

[ 2017-04-11T22:02:37+08:00 ] 127.0.0.1 /mmsh/Public/css/images/sideIcon1.png
INFO: [ app_init ] --START--
INFO: Run Behavior\BuildLiteBehavior [ RunTime:0.000000s ]
INFO: [ app_init ] --END-- [ RunTime:0.001000s ]
ERR: 无法加载模块:Public

[ 2017-04-11T22:02:37+08:00 ] 127.0.0.1 /mmsh/Public/css/__PUBLIC__/images/circle2.png
INFO: [ app_init ] --START--
INFO: Run Behavior\BuildLiteBehavior [ RunTime:0.000000s ]
INFO: [ app_init ] --END-- [ RunTime:0.001000s ]
ERR: 无法加载模块:Public

[ 2017-04-11T22:02:40+08:00 ] 127.0.0.1 /mmsh/Public/css/images/sideIcon1.png
INFO: [ app_init ] --START--
INFO: Run Behavior\BuildLiteBehavior [ RunTime:0.001000s ]
INFO: [ app_init ] --END-- [ RunTime:0.001000s ]
ERR: 无法加载模块:Public

[ 2017-04-11T22:02:40+08:00 ] 127.0.0.1 /mmsh/Public/css/__PUBLIC__/images/sideIcon5.png
INFO: [ app_init ] --START--
INFO: Run Behavior\BuildLiteBehavior [ RunTime:0.000000s ]
INFO: [ app_init ] --END-- [ RunTime:0.001000s ]
ERR: 无法加载模块:Public

[ 2017-04-11T22:02:40+08:00 ] 127.0.0.1 /mmsh/Public/css/images/sideIcon2.png
INFO: [ app_init ] --START--
INFO: Run Behavior\BuildLiteBehavior [ RunTime:0.000000s ]
INFO: [ app_init ] --END-- [ RunTime:0.001000s ]
ERR: 无法加载模块:Public

[ 2017-04-11T22:02:44+08:00 ] 127.0.0.1 /mmsh/Public/css/__PUBLIC__/images/circle2.png
INFO: [ app_init ] --START--
INFO: Run Behavior\BuildLiteBehavior [ RunTime:0.000000s ]
INFO: [ app_init ] --END-- [ RunTime:0.001000s ]
ERR: 无法加载模块:Public

[ 2017-04-11T22:02:44+08:00 ] 127.0.0.1 /mmsh/Public/css/images/sideIcon2.png
INFO: [ app_init ] --START--
INFO: Run Behavior\BuildLiteBehavior [ RunTime:0.000000s ]
INFO: [ app_init ] --END-- [ RunTime:0.002001s ]
ERR: 无法加载模块:Public

[ 2017-04-11T22:02:44+08:00 ] 127.0.0.1 /mmsh/Public/css/images/sideIcon1.png
INFO: [ app_init ] --START--
INFO: Run Behavior\BuildLiteBehavior [ RunTime:0.000000s ]
INFO: [ app_init ] --END-- [ RunTime:0.001000s ]
ERR: 无法加载模块:Public

[ 2017-04-11T22:02:44+08:00 ] 127.0.0.1 /mmsh/Public/css/__PUBLIC__/images/sideIcon5.png
INFO: [ app_init ] --START--
INFO: Run Behavior\BuildLiteBehavior [ RunTime:0.000000s ]
INFO: [ app_init ] --END-- [ RunTime:0.001001s ]
ERR: 无法加载模块:Public

[ 2017-04-11T22:20:34+08:00 ] 127.0.0.1 /mmsh/Application/Home/View/index/__PUBLIC__/images/11.jpg
INFO: [ app_init ] --START--
INFO: Run Behavior\BuildLiteBehavior [ RunTime:0.001000s ]
INFO: [ app_init ] --END-- [ RunTime:0.002000s ]
ERR: 无法加载模块:Application

[ 2017-04-11T22:20:34+08:00 ] 127.0.0.1 /mmsh/Application/Home/View/index/__PUBLIC__/images/0.jpg
INFO: [ app_init ] --START--
INFO: Run Behavior\BuildLiteBehavior [ RunTime:0.000000s ]
INFO: [ app_init ] --END-- [ RunTime:0.001000s ]
ERR: 无法加载模块:Application

[ 2017-04-11T22:20:34+08:00 ] 127.0.0.1 /mmsh/Application/Home/View/index/__PUBLIC__/images/21.jpg
INFO: [ app_init ] --START--
INFO: Run Behavior\BuildLiteBehavior [ RunTime:0.000000s ]
INFO: [ app_init ] --END-- [ RunTime:0.002000s ]
ERR: 无法加载模块:Application

[ 2017-04-11T22:20:34+08:00 ] 127.0.0.1 /mmsh/Application/Home/View/index/__PUBLIC__/images/banners1.jpg
INFO: [ app_init ] --START--
INFO: Run Behavior\BuildLiteBehavior [ RunTime:0.000000s ]
INFO: [ app_init ] --END-- [ RunTime:0.002000s ]
ERR: 无法加载模块:Application

[ 2017-04-11T22:20:34+08:00 ] 127.0.0.1 /mmsh/Application/Home/View/index/__PUBLIC__/images/2.jpg
INFO: [ app_init ] --START--
INFO: Run Behavior\BuildLiteBehavior [ RunTime:0.000000s ]
INFO: [ app_init ] --END-- [ RunTime:0.001000s ]
ERR: 无法加载模块:Application

[ 2017-04-11T22:20:34+08:00 ] 127.0.0.1 /mmsh/Application/Home/View/index/__PUBLIC__/images/1.jpg
INFO: [ app_init ] --START--
INFO: Run Behavior\BuildLiteBehavior [ RunTime:0.000000s ]
INFO: [ app_init ] --END-- [ RunTime:0.001000s ]
ERR: 无法加载模块:Application

[ 2017-04-11T22:20:34+08:00 ] 127.0.0.1 /mmsh/Application/Home/View/index/__PUBLIC__/images/erweima.jpg
INFO: [ app_init ] --START--
INFO: Run Behavior\BuildLiteBehavior [ RunTime:0.000000s ]
INFO: [ app_init ] --END-- [ RunTime:0.001000s ]
ERR: 无法加载模块:Application

[ 2017-04-11T22:20:34+08:00 ] 127.0.0.1 /mmsh/Application/Home/View/index/__PUBLIC__/images/22.jpg
INFO: [ app_init ] --START--
INFO: Run Behavior\BuildLiteBehavior [ RunTime:0.000000s ]
INFO: [ app_init ] --END-- [ RunTime:0.001000s ]
ERR: 无法加载模块:Application

[ 2017-04-11T22:20:34+08:00 ] 127.0.0.1 /mmsh/Application/Home/View/index/__PUBLIC__/images/23.jpg
INFO: [ app_init ] --START--
INFO: Run Behavior\BuildLiteBehavior [ RunTime:0.000000s ]
INFO: [ app_init ] --END-- [ RunTime:0.001000s ]
ERR: 无法加载模块:Application

[ 2017-04-11T22:20:34+08:00 ] 127.0.0.1 /mmsh/Application/Home/View/index/__PUBLIC__/images/20170112110448_843.jpg
INFO: [ app_init ] --START--
INFO: Run Behavior\BuildLiteBehavior [ RunTime:0.000000s ]
INFO: [ app_init ] --END-- [ RunTime:0.001000s ]
ERR: 无法加载模块:Application

[ 2017-04-11T22:20:41+08:00 ] 127.0.0.1 /mmsh/Public/css/images/dian.jpg
INFO: [ app_init ] --START--
INFO: Run Behavior\BuildLiteBehavior [ RunTime:0.000000s ]
INFO: [ app_init ] --END-- [ RunTime:0.001000s ]
ERR: 无法加载模块:Public

[ 2017-04-11T22:20:41+08:00 ] 127.0.0.1 /mmsh/Public/css/images/icon2.png
INFO: [ app_init ] --START--
INFO: Run Behavior\BuildLiteBehavior [ RunTime:0.000000s ]
INFO: [ app_init ] --END-- [ RunTime:0.001000s ]
ERR: 无法加载模块:Public

[ 2017-04-11T22:20:46+08:00 ] 127.0.0.1 /mmsh/Public/css/images/sideIcon2.png
INFO: [ app_init ] --START--
INFO: Run Behavior\BuildLiteBehavior [ RunTime:0.000000s ]
INFO: [ app_init ] --END-- [ RunTime:0.002000s ]
ERR: 无法加载模块:Public

[ 2017-04-11T22:20:46+08:00 ] 127.0.0.1 /mmsh/Public/css/__PUBLIC__/images/sideIcon5.png
INFO: [ app_init ] --START--
INFO: Run Behavior\BuildLiteBehavior [ RunTime:0.000000s ]
INFO: [ app_init ] --END-- [ RunTime:0.001000s ]
ERR: 无法加载模块:Public

[ 2017-04-11T22:20:46+08:00 ] 127.0.0.1 /mmsh/Public/css/__PUBLIC__/images/circle2.png
INFO: [ app_init ] --START--
INFO: Run Behavior\BuildLiteBehavior [ RunTime:0.000000s ]
INFO: [ app_init ] --END-- [ RunTime:0.001000s ]
ERR: 无法加载模块:Public

[ 2017-04-11T22:20:46+08:00 ] 127.0.0.1 /mmsh/Public/css/images/sideIcon1.png
INFO: [ app_init ] --START--
INFO: Run Behavior\BuildLiteBehavior [ RunTime:0.000000s ]
INFO: [ app_init ] --END-- [ RunTime:0.004000s ]
ERR: 无法加载模块:Public

[ 2017-04-11T22:21:01+08:00 ] 127.0.0.1 /mmsh/Public/css/__PUBLIC__/images/sideIcon5.png
INFO: [ app_init ] --START--
INFO: Run Behavior\BuildLiteBehavior [ RunTime:0.000000s ]
INFO: [ app_init ] --END-- [ RunTime:0.001000s ]
ERR: 无法加载模块:Public

[ 2017-04-11T22:21:01+08:00 ] 127.0.0.1 /mmsh/Public/css/images/sideIcon2.png
INFO: [ app_init ] --START--
INFO: Run Behavior\BuildLiteBehavior [ RunTime:0.000000s ]
INFO: [ app_init ] --END-- [ RunTime:0.001000s ]
ERR: 无法加载模块:Public

[ 2017-04-11T22:21:01+08:00 ] 127.0.0.1 /mmsh/Public/css/images/sideIcon1.png
INFO: [ app_init ] --START--
INFO: Run Behavior\BuildLiteBehavior [ RunTime:0.000000s ]
INFO: [ app_init ] --END-- [ RunTime:0.001000s ]
ERR: 无法加载模块:Public

[ 2017-04-11T22:21:01+08:00 ] 127.0.0.1 /mmsh/Public/css/__PUBLIC__/images/circle2.png
INFO: [ app_init ] --START--
INFO: Run Behavior\BuildLiteBehavior [ RunTime:0.000000s ]
INFO: [ app_init ] --END-- [ RunTime:0.001000s ]
ERR: 无法加载模块:Public

[ 2017-04-11T22:21:04+08:00 ] 127.0.0.1 /mmsh/Public/css/__PUBLIC__/images/sideIcon5.png
INFO: [ app_init ] --START--
INFO: Run Behavior\BuildLiteBehavior [ RunTime:0.000000s ]
INFO: [ app_init ] --END-- [ RunTime:0.000000s ]
ERR: 无法加载模块:Public

[ 2017-04-11T22:21:04+08:00 ] 127.0.0.1 /mmsh/Public/css/images/sideIcon2.png
INFO: [ app_init ] --START--
INFO: Run Behavior\BuildLiteBehavior [ RunTime:0.000000s ]
INFO: [ app_init ] --END-- [ RunTime:0.002000s ]
ERR: 无法加载模块:Public

[ 2017-04-11T22:21:04+08:00 ] 127.0.0.1 /mmsh/Public/css/images/sideIcon1.png
INFO: [ app_init ] --START--
INFO: Run Behavior\BuildLiteBehavior [ RunTime:0.000000s ]
INFO: [ app_init ] --END-- [ RunTime:0.002000s ]
ERR: 无法加载模块:Public

[ 2017-04-11T22:21:04+08:00 ] 127.0.0.1 /mmsh/Public/css/__PUBLIC__/images/circle2.png
INFO: [ app_init ] --START--
INFO: Run Behavior\BuildLiteBehavior [ RunTime:0.000000s ]
INFO: [ app_init ] --END-- [ RunTime:0.001000s ]
ERR: 无法加载模块:Public

[ 2017-04-11T22:25:27+08:00 ] 127.0.0.1 /mmsh/Public/css/images/icon2.png
INFO: [ app_init ] --START--
INFO: Run Behavior\BuildLiteBehavior [ RunTime:0.000000s ]
INFO: [ app_init ] --END-- [ RunTime:0.001000s ]
ERR: 无法加载模块:Public

[ 2017-04-11T22:25:27+08:00 ] 127.0.0.1 /mmsh/Public/css/images/dian.jpg
INFO: [ app_init ] --START--
INFO: Run Behavior\BuildLiteBehavior [ RunTime:0.000000s ]
INFO: [ app_init ] --END-- [ RunTime:0.001000s ]
ERR: 无法加载模块:Public

[ 2017-04-11T22:25:44+08:00 ] 127.0.0.1 /mmsh/Public/css/__PUBLIC__/images/sideIcon5.png
INFO: [ app_init ] --START--
INFO: Run Behavior\BuildLiteBehavior [ RunTime:0.000000s ]
INFO: [ app_init ] --END-- [ RunTime:0.002000s ]
ERR: 无法加载模块:Public

[ 2017-04-11T22:25:44+08:00 ] 127.0.0.1 /mmsh/Public/css/images/sideIcon1.png
INFO: [ app_init ] --START--
INFO: Run Behavior\BuildLiteBehavior [ RunTime:0.000000s ]
INFO: [ app_init ] --END-- [ RunTime:0.001000s ]
ERR: 无法加载模块:Public

[ 2017-04-11T22:25:44+08:00 ] 127.0.0.1 /mmsh/Public/css/images/sideIcon2.png
INFO: [ app_init ] --START--
INFO: Run Behavior\BuildLiteBehavior [ RunTime:0.000000s ]
INFO: [ app_init ] --END-- [ RunTime:0.001000s ]
ERR: 无法加载模块:Public

[ 2017-04-11T22:46:23+08:00 ] 127.0.0.1 /mmsh/Application/Home/View/index/__PUBLIC__/images/banners1.jpg
INFO: [ app_init ] --START--
INFO: Run Behavior\BuildLiteBehavior [ RunTime:0.000000s ]
INFO: [ app_init ] --END-- [ RunTime:0.001000s ]
ERR: 无法加载模块:Application

[ 2017-04-11T22:46:23+08:00 ] 127.0.0.1 /mmsh/Application/Home/View/index/__PUBLIC__/images/2.jpg
INFO: [ app_init ] --START--
INFO: Run Behavior\BuildLiteBehavior [ RunTime:0.000000s ]
INFO: [ app_init ] --END-- [ RunTime:0.001000s ]
ERR: 无法加载模块:Application

[ 2017-04-11T22:46:23+08:00 ] 127.0.0.1 /mmsh/Application/Home/View/index/__PUBLIC__/images/11.jpg
INFO: [ app_init ] --START--
INFO: Run Behavior\BuildLiteBehavior [ RunTime:0.000000s ]
INFO: [ app_init ] --END-- [ RunTime:0.002000s ]
ERR: 无法加载模块:Application

[ 2017-04-11T22:46:23+08:00 ] 127.0.0.1 /mmsh/Application/Home/View/index/__PUBLIC__/images/1.jpg
INFO: [ app_init ] --START--
INFO: Run Behavior\BuildLiteBehavior [ RunTime:0.000000s ]
INFO: [ app_init ] --END-- [ RunTime:0.001000s ]
ERR: 无法加载模块:Application

[ 2017-04-11T22:46:23+08:00 ] 127.0.0.1 /mmsh/Application/Home/View/index/__PUBLIC__/images/22.jpg
INFO: [ app_init ] --START--
INFO: Run Behavior\BuildLiteBehavior [ RunTime:0.000000s ]
INFO: [ app_init ] --END-- [ RunTime:0.001000s ]
ERR: 无法加载模块:Application

[ 2017-04-11T22:46:23+08:00 ] 127.0.0.1 /mmsh/Application/Home/View/index/__PUBLIC__/images/23.jpg
INFO: [ app_init ] --START--
INFO: Run Behavior\BuildLiteBehavior [ RunTime:0.000000s ]
INFO: [ app_init ] --END-- [ RunTime:0.001000s ]
ERR: 无法加载模块:Application

[ 2017-04-11T22:46:23+08:00 ] 127.0.0.1 /mmsh/Application/Home/View/index/__PUBLIC__/images/0.jpg
INFO: [ app_init ] --START--
INFO: Run Behavior\BuildLiteBehavior [ RunTime:0.000000s ]
INFO: [ app_init ] --END-- [ RunTime:0.017001s ]
ERR: 无法加载模块:Application

[ 2017-04-11T22:46:23+08:00 ] 127.0.0.1 /mmsh/Application/Home/View/index/__PUBLIC__/images/erweima.jpg
INFO: [ app_init ] --START--
INFO: Run Behavior\BuildLiteBehavior [ RunTime:0.000000s ]
INFO: [ app_init ] --END-- [ RunTime:0.001000s ]
ERR: 无法加载模块:Application

[ 2017-04-11T22:46:23+08:00 ] 127.0.0.1 /mmsh/Application/Home/View/index/__PUBLIC__/images/20170112110448_843.jpg
INFO: [ app_init ] --START--
INFO: Run Behavior\BuildLiteBehavior [ RunTime:0.000000s ]
INFO: [ app_init ] --END-- [ RunTime:0.001000s ]
ERR: 无法加载模块:Application

[ 2017-04-11T22:46:30+08:00 ] 127.0.0.1 /mmsh/Public/css/images/icon2.png
INFO: [ app_init ] --START--
INFO: Run Behavior\BuildLiteBehavior [ RunTime:0.000000s ]
INFO: [ app_init ] --END-- [ RunTime:0.001000s ]
ERR: 无法加载模块:Public

[ 2017-04-11T22:46:30+08:00 ] 127.0.0.1 /mmsh/Public/css/images/dian.jpg
INFO: [ app_init ] --START--
INFO: Run Behavior\BuildLiteBehavior [ RunTime:0.000000s ]
INFO: [ app_init ] --END-- [ RunTime:0.001000s ]
ERR: 无法加载模块:Public

