[ 2017-05-24T11:57:21+08:00 ] 127.0.0.1 /mmsh/Application/Home/View/index/__PUBLIC__/images/21.jpg
INFO: [ app_init ] --START--
INFO: Run Behavior\BuildLiteBehavior [ RunTime:0.000000s ]
INFO: [ app_init ] --END-- [ RunTime:0.003500s ]
ERR: 无法加载模块:Application

[ 2017-05-24T11:57:21+08:00 ] 127.0.0.1 /mmsh/Application/Home/View/index/__PUBLIC__/images/0.jpg
INFO: [ app_init ] --START--
INFO: Run Behavior\BuildLiteBehavior [ RunTime:0.000000s ]
INFO: [ app_init ] --END-- [ RunTime:0.004001s ]
ERR: 无法加载模块:Application

[ 2017-05-24T11:57:21+08:00 ] 127.0.0.1 /mmsh/Application/Home/View/index/__PUBLIC__/images/1.jpg
INFO: [ app_init ] --START--
INFO: Run Behavior\BuildLiteBehavior [ RunTime:0.000000s ]
INFO: [ app_init ] --END-- [ RunTime:0.005500s ]
ERR: 无法加载模块:Application

[ 2017-05-24T11:57:21+08:00 ] 127.0.0.1 /mmsh/Application/Home/View/index/__PUBLIC__/images/22.jpg
INFO: [ app_init ] --START--
INFO: Run Behavior\BuildLiteBehavior [ RunTime:0.000000s ]
INFO: [ app_init ] --END-- [ RunTime:0.001000s ]
ERR: 无法加载模块:Application

[ 2017-05-24T11:57:21+08:00 ] 127.0.0.1 /mmsh/Application/Home/View/index/__PUBLIC__/images/erweima.jpg
INFO: [ app_init ] --START--
INFO: Run Behavior\BuildLiteBehavior [ RunTime:0.000000s ]
INFO: [ app_init ] --END-- [ RunTime:0.001000s ]
ERR: 无法加载模块:Application

[ 2017-05-24T11:57:21+08:00 ] 127.0.0.1 /mmsh/Application/Home/View/index/__PUBLIC__/images/20170112110448_843.jpg
INFO: [ app_init ] --START--
INFO: Run Behavior\BuildLiteBehavior [ RunTime:0.000000s ]
INFO: [ app_init ] --END-- [ RunTime:0.001000s ]
ERR: 无法加载模块:Application

[ 2017-05-24T11:57:21+08:00 ] 127.0.0.1 /mmsh/Application/Home/View/index/__PUBLIC__/images/23.jpg
INFO: [ app_init ] --START--
INFO: Run Behavior\BuildLiteBehavior [ RunTime:0.000000s ]
INFO: [ app_init ] --END-- [ RunTime:0.001000s ]
ERR: 无法加载模块:Application

[ 2017-05-24T11:57:21+08:00 ] 127.0.0.1 /mmsh/Application/Home/View/index/__PUBLIC__/images/banners1.jpg
INFO: [ app_init ] --START--
INFO: Run Behavior\BuildLiteBehavior [ RunTime:0.000000s ]
INFO: [ app_init ] --END-- [ RunTime:0.002000s ]
ERR: 无法加载模块:Application

[ 2017-05-24T11:57:21+08:00 ] 127.0.0.1 /mmsh/Application/Home/View/index/__PUBLIC__/images/11.jpg
INFO: [ app_init ] --START--
INFO: Run Behavior\BuildLiteBehavior [ RunTime:0.000000s ]
INFO: [ app_init ] --END-- [ RunTime:0.003000s ]
ERR: 无法加载模块:Application

[ 2017-05-24T11:57:33+08:00 ] 127.0.0.1 /mmsh/Public/css/images/dian.jpg
INFO: [ app_init ] --START--
INFO: Run Behavior\BuildLiteBehavior [ RunTime:0.000000s ]
INFO: [ app_init ] --END-- [ RunTime:0.001000s ]
ERR: 无法加载模块:Public

[ 2017-05-24T11:57:33+08:00 ] 127.0.0.1 /mmsh/Public/css/images/icon2.png
INFO: [ app_init ] --START--
INFO: Run Behavior\BuildLiteBehavior [ RunTime:0.000000s ]
INFO: [ app_init ] --END-- [ RunTime:0.001000s ]
ERR: 无法加载模块:Public

[ 2017-05-24T12:10:32+08:00 ] 127.0.0.1 /mmsh/Public/css/images/sideIcon2.png
INFO: [ app_init ] --START--
INFO: Run Behavior\BuildLiteBehavior [ RunTime:0.000500s ]
INFO: [ app_init ] --END-- [ RunTime:0.002500s ]
ERR: 无法加载模块:Public

[ 2017-05-24T12:10:32+08:00 ] 127.0.0.1 /mmsh/Public/css/images/sideIcon1.png
INFO: [ app_init ] --START--
INFO: Run Behavior\BuildLiteBehavior [ RunTime:0.000000s ]
INFO: [ app_init ] --END-- [ RunTime:0.002501s ]
ERR: 无法加载模块:Public

[ 2017-05-24T12:10:34+08:00 ] 127.0.0.1 /mmsh/Public/css/__PUBLIC__/images/sideIcon5.png
INFO: [ app_init ] --START--
INFO: Run Behavior\BuildLiteBehavior [ RunTime:0.000000s ]
INFO: [ app_init ] --END-- [ RunTime:0.008502s ]
ERR: 无法加载模块:Public

[ 2017-05-24T12:10:35+08:00 ] 127.0.0.1 /mmsh/Public/css/__PUBLIC__/images/circle2.png
INFO: [ app_init ] --START--
INFO: Run Behavior\BuildLiteBehavior [ RunTime:0.000000s ]
INFO: [ app_init ] --END-- [ RunTime:0.001500s ]
ERR: 无法加载模块:Public

[ 2017-05-24T12:10:35+08:00 ] 127.0.0.1 /mmsh/Public/css/images/sideIcon1.png
INFO: [ app_init ] --START--
INFO: Run Behavior\BuildLiteBehavior [ RunTime:0.000000s ]
INFO: [ app_init ] --END-- [ RunTime:0.004501s ]
ERR: 无法加载模块:Public

[ 2017-05-24T12:10:35+08:00 ] 127.0.0.1 /mmsh/Public/css/images/sideIcon2.png
INFO: [ app_init ] --START--
INFO: Run Behavior\BuildLiteBehavior [ RunTime:0.000000s ]
INFO: [ app_init ] --END-- [ RunTime:0.001000s ]
ERR: 无法加载模块:Public

[ 2017-05-24T12:10:39+08:00 ] 127.0.0.1 /mmsh/Public/css/__PUBLIC__/images/circle2.png
INFO: [ app_init ] --START--
INFO: Run Behavior\BuildLiteBehavior [ RunTime:0.000000s ]
INFO: [ app_init ] --END-- [ RunTime:0.001000s ]
ERR: 无法加载模块:Public

[ 2017-05-24T12:10:39+08:00 ] 127.0.0.1 /mmsh/Public/css/images/sideIcon1.png
INFO: [ app_init ] --START--
INFO: Run Behavior\BuildLiteBehavior [ RunTime:0.000000s ]
INFO: [ app_init ] --END-- [ RunTime:0.001000s ]
ERR: 无法加载模块:Public

[ 2017-05-24T12:10:39+08:00 ] 127.0.0.1 /mmsh/Public/css/__PUBLIC__/images/sideIcon5.png
INFO: [ app_init ] --START--
INFO: Run Behavior\BuildLiteBehavior [ RunTime:0.000000s ]
INFO: [ app_init ] --END-- [ RunTime:0.017502s ]
ERR: 无法加载模块:Public

[ 2017-05-24T12:10:39+08:00 ] 127.0.0.1 /mmsh/Public/css/images/sideIcon2.png
INFO: [ app_init ] --START--
INFO: Run Behavior\BuildLiteBehavior [ RunTime:0.000000s ]
INFO: [ app_init ] --END-- [ RunTime:0.001500s ]
ERR: 无法加载模块:Public

[ 2017-05-24T12:10:41+08:00 ] ::1 /mmsh./Public/upload/20170323/14902526243845.jpg
INFO: [ app_init ] --START--
INFO: Run Behavior\BuildLiteBehavior [ RunTime:0.000000s ]
INFO: [ app_init ] --END-- [ RunTime:0.001000s ]
ERR: 无法加载模块:Public

[ 2017-05-24T12:10:42+08:00 ] 127.0.0.1 /mmsh/Public/css/images/sideIcon1.png
INFO: [ app_init ] --START--
INFO: Run Behavior\BuildLiteBehavior [ RunTime:0.000000s ]
INFO: [ app_init ] --END-- [ RunTime:0.001000s ]
ERR: 无法加载模块:Public

[ 2017-05-24T12:10:42+08:00 ] 127.0.0.1 /mmsh/Public/css/images/sideIcon2.png
INFO: [ app_init ] --START--
INFO: Run Behavior\BuildLiteBehavior [ RunTime:0.000000s ]
INFO: [ app_init ] --END-- [ RunTime:0.001001s ]
ERR: 无法加载模块:Public

[ 2017-05-24T12:10:42+08:00 ] 127.0.0.1 /mmsh/Public/css/__PUBLIC__/images/sideIcon5.png
INFO: [ app_init ] --START--
INFO: Run Behavior\BuildLiteBehavior [ RunTime:0.000000s ]
INFO: [ app_init ] --END-- [ RunTime:0.001500s ]
ERR: 无法加载模块:Public

[ 2017-05-24T12:10:47+08:00 ] 127.0.0.1 /mmsh/Public/css/images/sideIcon1.png
INFO: [ app_init ] --START--
INFO: Run Behavior\BuildLiteBehavior [ RunTime:0.000000s ]
INFO: [ app_init ] --END-- [ RunTime:0.010002s ]
ERR: 无法加载模块:Public

[ 2017-05-24T12:10:47+08:00 ] 127.0.0.1 /mmsh/Public/css/images/sideIcon2.png
INFO: [ app_init ] --START--
INFO: Run Behavior\BuildLiteBehavior [ RunTime:0.000000s ]
INFO: [ app_init ] --END-- [ RunTime:0.002000s ]
ERR: 无法加载模块:Public

[ 2017-05-24T12:10:51+08:00 ] 127.0.0.1 /mmsh/Public/css/__PUBLIC__/images/circle2.png
INFO: [ app_init ] --START--
INFO: Run Behavior\BuildLiteBehavior [ RunTime:0.000000s ]
INFO: [ app_init ] --END-- [ RunTime:0.001000s ]
ERR: 无法加载模块:Public

[ 2017-05-24T12:10:51+08:00 ] 127.0.0.1 /mmsh/Public/css/images/sideIcon2.png
INFO: [ app_init ] --START--
INFO: Run Behavior\BuildLiteBehavior [ RunTime:0.000000s ]
INFO: [ app_init ] --END-- [ RunTime:0.001501s ]
ERR: 无法加载模块:Public

[ 2017-05-24T12:10:51+08:00 ] 127.0.0.1 /mmsh/Public/css/__PUBLIC__/images/sideIcon5.png
INFO: [ app_init ] --START--
INFO: Run Behavior\BuildLiteBehavior [ RunTime:0.000000s ]
INFO: [ app_init ] --END-- [ RunTime:0.001500s ]
ERR: 无法加载模块:Public

[ 2017-05-24T12:10:51+08:00 ] 127.0.0.1 /mmsh/Public/css/images/sideIcon1.png
INFO: [ app_init ] --START--
INFO: Run Behavior\BuildLiteBehavior [ RunTime:0.000000s ]
INFO: [ app_init ] --END-- [ RunTime:0.001500s ]
ERR: 无法加载模块:Public

[ 2017-05-24T12:10:57+08:00 ] 127.0.0.1 /mmsh/Public/css/images/sideIcon2.png
INFO: [ app_init ] --START--
INFO: Run Behavior\BuildLiteBehavior [ RunTime:0.000000s ]
INFO: [ app_init ] --END-- [ RunTime:0.001000s ]
ERR: 无法加载模块:Public

[ 2017-05-24T12:10:57+08:00 ] 127.0.0.1 /mmsh/Public/css/images/sideIcon1.png
INFO: [ app_init ] --START--
INFO: Run Behavior\BuildLiteBehavior [ RunTime:0.000000s ]
INFO: [ app_init ] --END-- [ RunTime:0.001500s ]
ERR: 无法加载模块:Public

[ 2017-05-24T12:10:59+08:00 ] 127.0.0.1 /mmsh/Public/css/images/sideIcon2.png
INFO: [ app_init ] --START--
INFO: Run Behavior\BuildLiteBehavior [ RunTime:0.000000s ]
INFO: [ app_init ] --END-- [ RunTime:0.001000s ]
ERR: 无法加载模块:Public

[ 2017-05-24T12:10:59+08:00 ] 127.0.0.1 /mmsh/Public/css/images/sideIcon1.png
INFO: [ app_init ] --START--
INFO: Run Behavior\BuildLiteBehavior [ RunTime:0.000000s ]
INFO: [ app_init ] --END-- [ RunTime:0.001501s ]
ERR: 无法加载模块:Public

