[ 2017-04-10T09:22:34+08:00 ] ::1 /mmsh/Public/upfile/2016/05/11/20160511160850_858.jpg
INFO: [ app_init ] --START--
INFO: Run Behavior\BuildLiteBehavior [ RunTime:0.000000s ]
INFO: [ app_init ] --END-- [ RunTime:0.001000s ]
ERR: 无法加载模块:Public

[ 2017-04-10T09:22:34+08:00 ] ::1 /mmsh/Public/upfile/2016/05/11/20160511160719_405.jpg
INFO: [ app_init ] --START--
INFO: Run Behavior\BuildLiteBehavior [ RunTime:0.000000s ]
INFO: [ app_init ] --END-- [ RunTime:0.001000s ]
ERR: 无法加载模块:Public

[ 2017-04-10T09:22:34+08:00 ] ::1 /mmsh/Public/upfile/2016/05/11/20160511160850_858.jpg
INFO: [ app_init ] --START--
INFO: Run Behavior\BuildLiteBehavior [ RunTime:0.001000s ]
INFO: [ app_init ] --END-- [ RunTime:0.002000s ]
ERR: 无法加载模块:Public

[ 2017-04-10T09:22:34+08:00 ] ::1 /mmsh/Public/upfile/2016/05/11/20160511160719_405.jpg
INFO: [ app_init ] --START--
INFO: Run Behavior\BuildLiteBehavior [ RunTime:0.000000s ]
INFO: [ app_init ] --END-- [ RunTime:0.005001s ]
ERR: 无法加载模块:Public

[ 2017-04-10T09:22:34+08:00 ] ::1 /mmsh/Public/css/images/sideIcon1.png
INFO: [ app_init ] --START--
INFO: Run Behavior\BuildLiteBehavior [ RunTime:0.000000s ]
INFO: [ app_init ] --END-- [ RunTime:0.002000s ]
ERR: 无法加载模块:Public

[ 2017-04-10T09:22:34+08:00 ] ::1 /mmsh/Public/css/images/sideIcon2.png
INFO: [ app_init ] --START--
INFO: Run Behavior\BuildLiteBehavior [ RunTime:0.000000s ]
INFO: [ app_init ] --END-- [ RunTime:0.002000s ]
ERR: 无法加载模块:Public

[ 2017-04-10T12:25:02+08:00 ] 127.0.0.1 /mmsh/Application/Home/View/index/__PUBLIC__/images/0.jpg
INFO: [ app_init ] --START--
INFO: Run Behavior\BuildLiteBehavior [ RunTime:0.000000s ]
INFO: [ app_init ] --END-- [ RunTime:0.003000s ]
ERR: 无法加载模块:Application

[ 2017-04-10T12:25:02+08:00 ] 127.0.0.1 /mmsh/Application/Home/View/index/__PUBLIC__/images/21.jpg
INFO: [ app_init ] --START--
INFO: Run Behavior\BuildLiteBehavior [ RunTime:0.000000s ]
INFO: [ app_init ] --END-- [ RunTime:0.002001s ]
ERR: 无法加载模块:Application

[ 2017-04-10T12:25:02+08:00 ] 127.0.0.1 /mmsh/Application/Home/View/index/__PUBLIC__/images/2.jpg
INFO: [ app_init ] --START--
INFO: Run Behavior\BuildLiteBehavior [ RunTime:0.000000s ]
INFO: [ app_init ] --END-- [ RunTime:0.011000s ]
ERR: 无法加载模块:Application

[ 2017-04-10T12:25:02+08:00 ] 127.0.0.1 /mmsh/Application/Home/View/index/__PUBLIC__/images/banners1.jpg
INFO: [ app_init ] --START--
INFO: Run Behavior\BuildLiteBehavior [ RunTime:0.000000s ]
INFO: [ app_init ] --END-- [ RunTime:0.009000s ]
ERR: 无法加载模块:Application

[ 2017-04-10T12:25:02+08:00 ] 127.0.0.1 /mmsh/Application/Home/View/index/__PUBLIC__/images/1.jpg
INFO: [ app_init ] --START--
INFO: Run Behavior\BuildLiteBehavior [ RunTime:0.000000s ]
INFO: [ app_init ] --END-- [ RunTime:0.001000s ]
ERR: 无法加载模块:Application

[ 2017-04-10T12:25:02+08:00 ] 127.0.0.1 /mmsh/Application/Home/View/index/__PUBLIC__/images/11.jpg
INFO: [ app_init ] --START--
INFO: Run Behavior\BuildLiteBehavior [ RunTime:0.000000s ]
INFO: [ app_init ] --END-- [ RunTime:0.002000s ]
ERR: 无法加载模块:Application

[ 2017-04-10T12:25:02+08:00 ] 127.0.0.1 /mmsh/Application/Home/View/index/__PUBLIC__/images/22.jpg
INFO: [ app_init ] --START--
INFO: Run Behavior\BuildLiteBehavior [ RunTime:0.000000s ]
INFO: [ app_init ] --END-- [ RunTime:0.001000s ]
ERR: 无法加载模块:Application

[ 2017-04-10T12:25:02+08:00 ] 127.0.0.1 /mmsh/Application/Home/View/index/__PUBLIC__/images/23.jpg
INFO: [ app_init ] --START--
INFO: Run Behavior\BuildLiteBehavior [ RunTime:0.000000s ]
INFO: [ app_init ] --END-- [ RunTime:0.001000s ]
ERR: 无法加载模块:Application

[ 2017-04-10T12:25:02+08:00 ] 127.0.0.1 /mmsh/Application/Home/View/index/__PUBLIC__/images/20170112110448_843.jpg
INFO: [ app_init ] --START--
INFO: Run Behavior\BuildLiteBehavior [ RunTime:0.000000s ]
INFO: [ app_init ] --END-- [ RunTime:0.001001s ]
ERR: 无法加载模块:Application

[ 2017-04-10T12:25:02+08:00 ] 127.0.0.1 /mmsh/Application/Home/View/index/__PUBLIC__/images/erweima.jpg
INFO: [ app_init ] --START--
INFO: Run Behavior\BuildLiteBehavior [ RunTime:0.000000s ]
INFO: [ app_init ] --END-- [ RunTime:0.002000s ]
ERR: 无法加载模块:Application

[ 2017-04-10T12:25:03+08:00 ] 127.0.0.1 /mmsh/Application/Home/View/index/__PUBLIC__/images/2.jpg
INFO: [ app_init ] --START--
INFO: Run Behavior\BuildLiteBehavior [ RunTime:0.000000s ]
INFO: [ app_init ] --END-- [ RunTime:0.001000s ]
ERR: 无法加载模块:Application

[ 2017-04-10T12:25:03+08:00 ] 127.0.0.1 /mmsh/Application/Home/View/index/__PUBLIC__/images/1.jpg
INFO: [ app_init ] --START--
INFO: Run Behavior\BuildLiteBehavior [ RunTime:0.000000s ]
INFO: [ app_init ] --END-- [ RunTime:0.001000s ]
ERR: 无法加载模块:Application

[ 2017-04-10T12:25:03+08:00 ] 127.0.0.1 /mmsh/Application/Home/View/index/__PUBLIC__/images/21.jpg
INFO: [ app_init ] --START--
INFO: Run Behavior\BuildLiteBehavior [ RunTime:0.000000s ]
INFO: [ app_init ] --END-- [ RunTime:0.002001s ]
ERR: 无法加载模块:Application

[ 2017-04-10T12:25:03+08:00 ] 127.0.0.1 /mmsh/Application/Home/View/index/__PUBLIC__/images/0.jpg
INFO: [ app_init ] --START--
INFO: Run Behavior\BuildLiteBehavior [ RunTime:0.000000s ]
INFO: [ app_init ] --END-- [ RunTime:0.001000s ]
ERR: 无法加载模块:Application

[ 2017-04-10T12:25:03+08:00 ] 127.0.0.1 /mmsh/Application/Home/View/index/__PUBLIC__/images/22.jpg
INFO: [ app_init ] --START--
INFO: Run Behavior\BuildLiteBehavior [ RunTime:0.001000s ]
INFO: [ app_init ] --END-- [ RunTime:0.002001s ]
ERR: 无法加载模块:Application

[ 2017-04-10T12:25:03+08:00 ] 127.0.0.1 /mmsh/Application/Home/View/index/__PUBLIC__/images/23.jpg
INFO: [ app_init ] --START--
INFO: Run Behavior\BuildLiteBehavior [ RunTime:0.000000s ]
INFO: [ app_init ] --END-- [ RunTime:0.001000s ]
ERR: 无法加载模块:Application

[ 2017-04-10T12:25:03+08:00 ] 127.0.0.1 /mmsh/Application/Home/View/index/__PUBLIC__/images/20170112110448_843.jpg
INFO: [ app_init ] --START--
INFO: Run Behavior\BuildLiteBehavior [ RunTime:0.000000s ]
INFO: [ app_init ] --END-- [ RunTime:0.001000s ]
ERR: 无法加载模块:Application

[ 2017-04-10T12:25:03+08:00 ] 127.0.0.1 /mmsh/Application/Home/View/index/__PUBLIC__/images/erweima.jpg
INFO: [ app_init ] --START--
INFO: Run Behavior\BuildLiteBehavior [ RunTime:0.000000s ]
INFO: [ app_init ] --END-- [ RunTime:0.001000s ]
ERR: 无法加载模块:Application

[ 2017-04-10T12:25:03+08:00 ] 127.0.0.1 /mmsh/Application/Home/View/index/__PUBLIC__/images/banners1.jpg
INFO: [ app_init ] --START--
INFO: Run Behavior\BuildLiteBehavior [ RunTime:0.000000s ]
INFO: [ app_init ] --END-- [ RunTime:0.000000s ]
ERR: 无法加载模块:Application

[ 2017-04-10T12:25:03+08:00 ] 127.0.0.1 /mmsh/Application/Home/View/index/__PUBLIC__/images/11.jpg
INFO: [ app_init ] --START--
INFO: Run Behavior\BuildLiteBehavior [ RunTime:0.000000s ]
INFO: [ app_init ] --END-- [ RunTime:0.000000s ]
ERR: 无法加载模块:Application

[ 2017-04-10T12:25:06+08:00 ] 127.0.0.1 /mmsh/Public/css/images/icon2.png
INFO: [ app_init ] --START--
INFO: Run Behavior\BuildLiteBehavior [ RunTime:0.000000s ]
INFO: [ app_init ] --END-- [ RunTime:0.002000s ]
ERR: 无法加载模块:Public

[ 2017-04-10T12:25:06+08:00 ] 127.0.0.1 /mmsh/Public/css/images/dian.jpg
INFO: [ app_init ] --START--
INFO: Run Behavior\BuildLiteBehavior [ RunTime:0.000000s ]
INFO: [ app_init ] --END-- [ RunTime:0.001000s ]
ERR: 无法加载模块:Public

[ 2017-04-10T12:25:18+08:00 ] 127.0.0.1 /mmsh/Public/css/images/sideIcon1.png
INFO: [ app_init ] --START--
INFO: Run Behavior\BuildLiteBehavior [ RunTime:0.000000s ]
INFO: [ app_init ] --END-- [ RunTime:0.001000s ]
ERR: 无法加载模块:Public

[ 2017-04-10T12:25:18+08:00 ] 127.0.0.1 /mmsh/Public/css/images/sideIcon2.png
INFO: [ app_init ] --START--
INFO: Run Behavior\BuildLiteBehavior [ RunTime:0.000000s ]
INFO: [ app_init ] --END-- [ RunTime:0.000000s ]
ERR: 无法加载模块:Public

[ 2017-04-10T12:25:24+08:00 ] 127.0.0.1 /mmsh/Public/css/images/sideIcon1.png
INFO: [ app_init ] --START--
INFO: Run Behavior\BuildLiteBehavior [ RunTime:0.000000s ]
INFO: [ app_init ] --END-- [ RunTime:0.001000s ]
ERR: 无法加载模块:Public

[ 2017-04-10T12:25:24+08:00 ] 127.0.0.1 /mmsh/Public/css/__PUBLIC__/images/sideIcon5.png
INFO: [ app_init ] --START--
INFO: Run Behavior\BuildLiteBehavior [ RunTime:0.000000s ]
INFO: [ app_init ] --END-- [ RunTime:0.001000s ]
ERR: 无法加载模块:Public

[ 2017-04-10T12:25:24+08:00 ] 127.0.0.1 /mmsh/Public/css/images/sideIcon2.png
INFO: [ app_init ] --START--
INFO: Run Behavior\BuildLiteBehavior [ RunTime:0.000000s ]
INFO: [ app_init ] --END-- [ RunTime:0.002000s ]
ERR: 无法加载模块:Public

[ 2017-04-10T12:25:24+08:00 ] 127.0.0.1 /mmsh/Public/css/__PUBLIC__/images/circle2.png
INFO: [ app_init ] --START--
INFO: Run Behavior\BuildLiteBehavior [ RunTime:0.000000s ]
INFO: [ app_init ] --END-- [ RunTime:0.001000s ]
ERR: 无法加载模块:Public

[ 2017-04-10T12:25:26+08:00 ] 127.0.0.1 /mmsh/Public/css/images/sideIcon1.png
INFO: [ app_init ] --START--
INFO: Run Behavior\BuildLiteBehavior [ RunTime:0.000000s ]
INFO: [ app_init ] --END-- [ RunTime:0.001000s ]
ERR: 无法加载模块:Public

[ 2017-04-10T12:25:26+08:00 ] 127.0.0.1 /mmsh/Public/css/__PUBLIC__/images/circle2.png
INFO: [ app_init ] --START--
INFO: Run Behavior\BuildLiteBehavior [ RunTime:0.000000s ]
INFO: [ app_init ] --END-- [ RunTime:0.001000s ]
ERR: 无法加载模块:Public

[ 2017-04-10T12:25:26+08:00 ] 127.0.0.1 /mmsh/Public/css/__PUBLIC__/images/sideIcon5.png
INFO: [ app_init ] --START--
INFO: Run Behavior\BuildLiteBehavior [ RunTime:0.000000s ]
INFO: [ app_init ] --END-- [ RunTime:0.001000s ]
ERR: 无法加载模块:Public

[ 2017-04-10T12:25:26+08:00 ] 127.0.0.1 /mmsh/Public/css/images/sideIcon2.png
INFO: [ app_init ] --START--
INFO: Run Behavior\BuildLiteBehavior [ RunTime:0.000000s ]
INFO: [ app_init ] --END-- [ RunTime:0.002000s ]
ERR: 无法加载模块:Public

[ 2017-04-10T12:25:28+08:00 ] 127.0.0.1 /mmsh/Public/css/__PUBLIC__/images/sideIcon5.png
INFO: [ app_init ] --START--
INFO: Run Behavior\BuildLiteBehavior [ RunTime:0.000000s ]
INFO: [ app_init ] --END-- [ RunTime:0.001000s ]
ERR: 无法加载模块:Public

[ 2017-04-10T12:25:28+08:00 ] 127.0.0.1 /mmsh/Public/css/images/sideIcon1.png
INFO: [ app_init ] --START--
INFO: Run Behavior\BuildLiteBehavior [ RunTime:0.000000s ]
INFO: [ app_init ] --END-- [ RunTime:0.001000s ]
ERR: 无法加载模块:Public

[ 2017-04-10T12:25:28+08:00 ] 127.0.0.1 /mmsh/Public/css/images/sideIcon2.png
INFO: [ app_init ] --START--
INFO: Run Behavior\BuildLiteBehavior [ RunTime:0.000000s ]
INFO: [ app_init ] --END-- [ RunTime:0.001000s ]
ERR: 无法加载模块:Public

[ 2017-04-10T12:25:28+08:00 ] 127.0.0.1 /mmsh/Public/css/__PUBLIC__/images/circle2.png
INFO: [ app_init ] --START--
INFO: Run Behavior\BuildLiteBehavior [ RunTime:0.000000s ]
INFO: [ app_init ] --END-- [ RunTime:0.002000s ]
ERR: 无法加载模块:Public

[ 2017-04-10T12:25:31+08:00 ] 127.0.0.1 /mmsh/Public/css/images/sideIcon1.png
INFO: [ app_init ] --START--
INFO: Run Behavior\BuildLiteBehavior [ RunTime:0.000000s ]
INFO: [ app_init ] --END-- [ RunTime:0.000000s ]
ERR: 无法加载模块:Public

[ 2017-04-10T12:25:31+08:00 ] 127.0.0.1 /mmsh/Public/css/__PUBLIC__/images/sideIcon5.png
INFO: [ app_init ] --START--
INFO: Run Behavior\BuildLiteBehavior [ RunTime:0.001000s ]
INFO: [ app_init ] --END-- [ RunTime:0.008000s ]
ERR: 无法加载模块:Public

[ 2017-04-10T12:25:31+08:00 ] 127.0.0.1 /mmsh/Public/css/images/sideIcon2.png
INFO: [ app_init ] --START--
INFO: Run Behavior\BuildLiteBehavior [ RunTime:0.000000s ]
INFO: [ app_init ] --END-- [ RunTime:0.002000s ]
ERR: 无法加载模块:Public

[ 2017-04-10T12:25:31+08:00 ] 127.0.0.1 /mmsh/Public/css/__PUBLIC__/images/circle2.png
INFO: [ app_init ] --START--
INFO: Run Behavior\BuildLiteBehavior [ RunTime:0.000000s ]
INFO: [ app_init ] --END-- [ RunTime:0.001000s ]
ERR: 无法加载模块:Public

[ 2017-04-10T12:25:33+08:00 ] 127.0.0.1 /mmsh/Public/css/__PUBLIC__/images/circle2.png
INFO: [ app_init ] --START--
INFO: Run Behavior\BuildLiteBehavior [ RunTime:0.000000s ]
INFO: [ app_init ] --END-- [ RunTime:0.001000s ]
ERR: 无法加载模块:Public

[ 2017-04-10T12:25:33+08:00 ] 127.0.0.1 /mmsh/Public/css/images/sideIcon2.png
INFO: [ app_init ] --START--
INFO: Run Behavior\BuildLiteBehavior [ RunTime:0.000000s ]
INFO: [ app_init ] --END-- [ RunTime:0.002000s ]
ERR: 无法加载模块:Public

[ 2017-04-10T12:25:33+08:00 ] 127.0.0.1 /mmsh/Public/css/__PUBLIC__/images/sideIcon5.png
INFO: [ app_init ] --START--
INFO: Run Behavior\BuildLiteBehavior [ RunTime:0.000000s ]
INFO: [ app_init ] --END-- [ RunTime:0.002000s ]
ERR: 无法加载模块:Public

[ 2017-04-10T12:25:33+08:00 ] 127.0.0.1 /mmsh/Public/css/images/sideIcon1.png
INFO: [ app_init ] --START--
INFO: Run Behavior\BuildLiteBehavior [ RunTime:0.000000s ]
INFO: [ app_init ] --END-- [ RunTime:0.001000s ]
ERR: 无法加载模块:Public

[ 2017-04-10T12:25:36+08:00 ] 127.0.0.1 /mmsh/Public/css/__PUBLIC__/images/sideIcon5.png
INFO: [ app_init ] --START--
INFO: Run Behavior\BuildLiteBehavior [ RunTime:0.000000s ]
INFO: [ app_init ] --END-- [ RunTime:0.001000s ]
ERR: 无法加载模块:Public

[ 2017-04-10T12:25:36+08:00 ] 127.0.0.1 /mmsh/Public/css/images/sideIcon1.png
INFO: [ app_init ] --START--
INFO: Run Behavior\BuildLiteBehavior [ RunTime:0.000000s ]
INFO: [ app_init ] --END-- [ RunTime:0.001000s ]
ERR: 无法加载模块:Public

[ 2017-04-10T12:25:36+08:00 ] 127.0.0.1 /mmsh/Public/css/__PUBLIC__/images/circle2.png
INFO: [ app_init ] --START--
INFO: Run Behavior\BuildLiteBehavior [ RunTime:0.000000s ]
INFO: [ app_init ] --END-- [ RunTime:0.001000s ]
ERR: 无法加载模块:Public

[ 2017-04-10T12:25:36+08:00 ] 127.0.0.1 /mmsh/Public/css/images/sideIcon2.png
INFO: [ app_init ] --START--
INFO: Run Behavior\BuildLiteBehavior [ RunTime:0.000000s ]
INFO: [ app_init ] --END-- [ RunTime:0.004000s ]
ERR: 无法加载模块:Public

[ 2017-04-10T12:25:41+08:00 ] 127.0.0.1 /mmsh/Public/css/__PUBLIC__/images/sideIcon5.png
INFO: [ app_init ] --START--
INFO: Run Behavior\BuildLiteBehavior [ RunTime:0.000000s ]
INFO: [ app_init ] --END-- [ RunTime:0.001000s ]
ERR: 无法加载模块:Public

[ 2017-04-10T12:25:41+08:00 ] 127.0.0.1 /mmsh/Public/css/images/sideIcon2.png
INFO: [ app_init ] --START--
INFO: Run Behavior\BuildLiteBehavior [ RunTime:0.000000s ]
INFO: [ app_init ] --END-- [ RunTime:0.001000s ]
ERR: 无法加载模块:Public

[ 2017-04-10T12:25:41+08:00 ] 127.0.0.1 /mmsh/Public/css/images/sideIcon1.png
INFO: [ app_init ] --START--
INFO: Run Behavior\BuildLiteBehavior [ RunTime:0.000000s ]
INFO: [ app_init ] --END-- [ RunTime:0.001000s ]
ERR: 无法加载模块:Public

[ 2017-04-10T12:25:41+08:00 ] 127.0.0.1 /mmsh/Public/css/__PUBLIC__/images/circle2.png
INFO: [ app_init ] --START--
INFO: Run Behavior\BuildLiteBehavior [ RunTime:0.000000s ]
INFO: [ app_init ] --END-- [ RunTime:0.000000s ]
ERR: 无法加载模块:Public

[ 2017-04-10T12:25:44+08:00 ] 127.0.0.1 /mmsh/Public/css/__PUBLIC__/images/sideIcon5.png
INFO: [ app_init ] --START--
INFO: Run Behavior\BuildLiteBehavior [ RunTime:0.000000s ]
INFO: [ app_init ] --END-- [ RunTime:0.001000s ]
ERR: 无法加载模块:Public

[ 2017-04-10T12:25:44+08:00 ] 127.0.0.1 /mmsh/Public/css/__PUBLIC__/images/circle2.png
INFO: [ app_init ] --START--
INFO: Run Behavior\BuildLiteBehavior [ RunTime:0.000000s ]
INFO: [ app_init ] --END-- [ RunTime:0.001001s ]
ERR: 无法加载模块:Public

[ 2017-04-10T12:25:44+08:00 ] 127.0.0.1 /mmsh/Public/css/images/sideIcon2.png
INFO: [ app_init ] --START--
INFO: Run Behavior\BuildLiteBehavior [ RunTime:0.000000s ]
INFO: [ app_init ] --END-- [ RunTime:0.000000s ]
ERR: 无法加载模块:Public

[ 2017-04-10T12:25:44+08:00 ] 127.0.0.1 /mmsh/Public/css/images/sideIcon1.png
INFO: [ app_init ] --START--
INFO: Run Behavior\BuildLiteBehavior [ RunTime:0.000000s ]
INFO: [ app_init ] --END-- [ RunTime:0.001000s ]
ERR: 无法加载模块:Public

[ 2017-04-10T12:25:47+08:00 ] 127.0.0.1 /mmsh/Public/css/images/sideIcon1.png
INFO: [ app_init ] --START--
INFO: Run Behavior\BuildLiteBehavior [ RunTime:0.000000s ]
INFO: [ app_init ] --END-- [ RunTime:0.002001s ]
ERR: 无法加载模块:Public

[ 2017-04-10T12:25:47+08:00 ] 127.0.0.1 /mmsh/Public/css/images/sideIcon2.png
INFO: [ app_init ] --START--
INFO: Run Behavior\BuildLiteBehavior [ RunTime:0.000000s ]
INFO: [ app_init ] --END-- [ RunTime:0.003000s ]
ERR: 无法加载模块:Public

[ 2017-04-10T12:25:47+08:00 ] 127.0.0.1 /mmsh/Public/css/__PUBLIC__/images/circle2.png
INFO: [ app_init ] --START--
INFO: Run Behavior\BuildLiteBehavior [ RunTime:0.000000s ]
INFO: [ app_init ] --END-- [ RunTime:0.001000s ]
ERR: 无法加载模块:Public

[ 2017-04-10T12:25:47+08:00 ] 127.0.0.1 /mmsh/Public/css/__PUBLIC__/images/sideIcon5.png
INFO: [ app_init ] --START--
INFO: Run Behavior\BuildLiteBehavior [ RunTime:0.000000s ]
INFO: [ app_init ] --END-- [ RunTime:0.001000s ]
ERR: 无法加载模块:Public

[ 2017-04-10T12:25:48+08:00 ] 127.0.0.1 /mmsh/Public/css/__PUBLIC__/images/circle2.png
INFO: [ app_init ] --START--
INFO: Run Behavior\BuildLiteBehavior [ RunTime:0.000000s ]
INFO: [ app_init ] --END-- [ RunTime:0.001000s ]
ERR: 无法加载模块:Public

[ 2017-04-10T12:25:48+08:00 ] 127.0.0.1 /mmsh/Public/css/images/sideIcon1.png
INFO: [ app_init ] --START--
INFO: Run Behavior\BuildLiteBehavior [ RunTime:0.000000s ]
INFO: [ app_init ] --END-- [ RunTime:0.001000s ]
ERR: 无法加载模块:Public

[ 2017-04-10T12:25:48+08:00 ] 127.0.0.1 /mmsh/Public/css/images/sideIcon2.png
INFO: [ app_init ] --START--
INFO: Run Behavior\BuildLiteBehavior [ RunTime:0.000000s ]
INFO: [ app_init ] --END-- [ RunTime:0.002000s ]
ERR: 无法加载模块:Public

[ 2017-04-10T12:25:48+08:00 ] 127.0.0.1 /mmsh/Public/css/__PUBLIC__/images/sideIcon5.png
INFO: [ app_init ] --START--
INFO: Run Behavior\BuildLiteBehavior [ RunTime:0.000000s ]
INFO: [ app_init ] --END-- [ RunTime:0.003000s ]
ERR: 无法加载模块:Public

[ 2017-04-10T12:25:58+08:00 ] 127.0.0.1 /mmsh/Public/css/__PUBLIC__/images/circle2.png
INFO: [ app_init ] --START--
INFO: Run Behavior\BuildLiteBehavior [ RunTime:0.000000s ]
INFO: [ app_init ] --END-- [ RunTime:0.001000s ]
ERR: 无法加载模块:Public

[ 2017-04-10T12:25:58+08:00 ] 127.0.0.1 /mmsh/Public/css/images/sideIcon2.png
INFO: [ app_init ] --START--
INFO: Run Behavior\BuildLiteBehavior [ RunTime:0.000000s ]
INFO: [ app_init ] --END-- [ RunTime:0.001000s ]
ERR: 无法加载模块:Public

[ 2017-04-10T12:25:58+08:00 ] 127.0.0.1 /mmsh/Public/css/images/sideIcon1.png
INFO: [ app_init ] --START--
INFO: Run Behavior\BuildLiteBehavior [ RunTime:0.000000s ]
INFO: [ app_init ] --END-- [ RunTime:0.001000s ]
ERR: 无法加载模块:Public

[ 2017-04-10T12:25:58+08:00 ] 127.0.0.1 /mmsh/Public/css/__PUBLIC__/images/sideIcon5.png
INFO: [ app_init ] --START--
INFO: Run Behavior\BuildLiteBehavior [ RunTime:0.000000s ]
INFO: [ app_init ] --END-- [ RunTime:0.002000s ]
ERR: 无法加载模块:Public

[ 2017-04-10T12:26:09+08:00 ] 127.0.0.1 /mmsh/Public/css/__PUBLIC__/images/sideIcon5.png
INFO: [ app_init ] --START--
INFO: Run Behavior\BuildLiteBehavior [ RunTime:0.000000s ]
INFO: [ app_init ] --END-- [ RunTime:0.001000s ]
ERR: 无法加载模块:Public

[ 2017-04-10T12:26:09+08:00 ] 127.0.0.1 /mmsh/Public/css/images/sideIcon2.png
INFO: [ app_init ] --START--
INFO: Run Behavior\BuildLiteBehavior [ RunTime:0.000000s ]
INFO: [ app_init ] --END-- [ RunTime:0.001000s ]
ERR: 无法加载模块:Public

[ 2017-04-10T12:26:09+08:00 ] 127.0.0.1 /mmsh/Public/css/__PUBLIC__/images/circle2.png
INFO: [ app_init ] --START--
INFO: Run Behavior\BuildLiteBehavior [ RunTime:0.000000s ]
INFO: [ app_init ] --END-- [ RunTime:0.013000s ]
ERR: 无法加载模块:Public

[ 2017-04-10T12:26:09+08:00 ] 127.0.0.1 /mmsh/Public/css/images/sideIcon1.png
INFO: [ app_init ] --START--
INFO: Run Behavior\BuildLiteBehavior [ RunTime:0.000000s ]
INFO: [ app_init ] --END-- [ RunTime:0.001000s ]
ERR: 无法加载模块:Public

[ 2017-04-10T13:20:52+08:00 ] 127.0.0.1 /mmsh/Application/Home/View/index/__PUBLIC__/images/1.jpg
INFO: [ app_init ] --START--
INFO: Run Behavior\BuildLiteBehavior [ RunTime:0.000000s ]
INFO: [ app_init ] --END-- [ RunTime:0.001001s ]
ERR: 无法加载模块:Application

[ 2017-04-10T13:20:52+08:00 ] 127.0.0.1 /mmsh/Application/Home/View/index/__PUBLIC__/images/banners1.jpg
INFO: [ app_init ] --START--
INFO: Run Behavior\BuildLiteBehavior [ RunTime:0.000000s ]
INFO: [ app_init ] --END-- [ RunTime:0.003000s ]
ERR: 无法加载模块:Application

[ 2017-04-10T13:20:52+08:00 ] 127.0.0.1 /mmsh/Application/Home/View/index/__PUBLIC__/images/0.jpg
INFO: [ app_init ] --START--
INFO: Run Behavior\BuildLiteBehavior [ RunTime:0.000000s ]
INFO: [ app_init ] --END-- [ RunTime:0.001000s ]
ERR: 无法加载模块:Application

[ 2017-04-10T13:20:52+08:00 ] 127.0.0.1 /mmsh/Application/Home/View/index/__PUBLIC__/images/11.jpg
INFO: [ app_init ] --START--
INFO: Run Behavior\BuildLiteBehavior [ RunTime:0.000000s ]
INFO: [ app_init ] --END-- [ RunTime:0.002000s ]
ERR: 无法加载模块:Application

[ 2017-04-10T13:20:52+08:00 ] 127.0.0.1 /mmsh/Application/Home/View/index/__PUBLIC__/images/2.jpg
INFO: [ app_init ] --START--
INFO: Run Behavior\BuildLiteBehavior [ RunTime:0.000000s ]
INFO: [ app_init ] --END-- [ RunTime:0.002000s ]
ERR: 无法加载模块:Application

[ 2017-04-10T13:20:52+08:00 ] 127.0.0.1 /mmsh/Application/Home/View/index/__PUBLIC__/images/21.jpg
INFO: [ app_init ] --START--
INFO: Run Behavior\BuildLiteBehavior [ RunTime:0.000000s ]
INFO: [ app_init ] --END-- [ RunTime:0.001000s ]
ERR: 无法加载模块:Application

[ 2017-04-10T13:20:52+08:00 ] 127.0.0.1 /mmsh/Application/Home/View/index/__PUBLIC__/images/23.jpg
INFO: [ app_init ] --START--
INFO: Run Behavior\BuildLiteBehavior [ RunTime:0.000000s ]
INFO: [ app_init ] --END-- [ RunTime:0.001000s ]
ERR: 无法加载模块:Application

[ 2017-04-10T13:20:52+08:00 ] 127.0.0.1 /mmsh/Application/Home/View/index/__PUBLIC__/images/erweima.jpg
INFO: [ app_init ] --START--
INFO: Run Behavior\BuildLiteBehavior [ RunTime:0.000000s ]
INFO: [ app_init ] --END-- [ RunTime:0.001000s ]
ERR: 无法加载模块:Application

[ 2017-04-10T13:20:52+08:00 ] 127.0.0.1 /mmsh/Application/Home/View/index/__PUBLIC__/images/22.jpg
INFO: [ app_init ] --START--
INFO: Run Behavior\BuildLiteBehavior [ RunTime:0.000000s ]
INFO: [ app_init ] --END-- [ RunTime:0.001000s ]
ERR: 无法加载模块:Application

[ 2017-04-10T13:20:52+08:00 ] 127.0.0.1 /mmsh/Application/Home/View/index/__PUBLIC__/images/20170112110448_843.jpg
INFO: [ app_init ] --START--
INFO: Run Behavior\BuildLiteBehavior [ RunTime:0.000000s ]
INFO: [ app_init ] --END-- [ RunTime:0.001000s ]
ERR: 无法加载模块:Application

[ 2017-04-10T13:20:57+08:00 ] 127.0.0.1 /mmsh/Public/css/images/icon2.png
INFO: [ app_init ] --START--
INFO: Run Behavior\BuildLiteBehavior [ RunTime:0.000000s ]
INFO: [ app_init ] --END-- [ RunTime:0.001001s ]
ERR: 无法加载模块:Public

[ 2017-04-10T13:20:57+08:00 ] 127.0.0.1 /mmsh/Public/css/images/dian.jpg
INFO: [ app_init ] --START--
INFO: Run Behavior\BuildLiteBehavior [ RunTime:0.000000s ]
INFO: [ app_init ] --END-- [ RunTime:0.001000s ]
ERR: 无法加载模块:Public

